Downloading https://services.gradle.org/distributions/gradle-8.2.1-all.zip
..................10%..................20%...................30%..................40%...................50%..................60%..................70%...................80%..................90%...................100%
Initialized native services in: /home/runner/.gradle/native
Initialized jansi services in: /home/runner/.gradle/native

Welcome to Gradle 8.2.1!

Here are the highlights of this release:
 - Kotlin DSL: new reference documentation, assignment syntax by default
 - Kotlin DSL is now the default with Gradle init
 - Improved suggestions to resolve errors in console output
 - Reduced sync memory consumption

For more details see https://docs.gradle.org/8.2.1/release-notes.html

Received JVM installation metadata from '/usr/lib/jvm/temurin-17-jdk-amd64': {JAVA_HOME=/usr/lib/jvm/temurin-17-jdk-amd64, JAVA_VERSION=17.0.16, JAVA_VENDOR=Eclipse Adoptium, RUNTIME_NAME=OpenJDK Runtime Environment, RUNTIME_VERSION=17.0.16+8, VM_NAME=OpenJDK 64-Bit Server VM, VM_VERSION=17.0.16+8, VM_VENDOR=Eclipse Adoptium, OS_ARCH=amd64}
Removing 0 daemon stop events from registry
Starting a Gradle Daemon (subsequent builds will be faster)
Starting process 'Gradle build daemon'. Working directory: /home/runner/.gradle/daemon/8.2.1 Command: /usr/lib/jvm/temurin-17-jdk-amd64/bin/java --add-opens=java.base/java.util=ALL-UNNAMED --add-opens=java.base/java.lang=ALL-UNNAMED --add-opens=java.base/java.lang.invoke=ALL-UNNAMED --add-opens=java.prefs/java.util.prefs=ALL-UNNAMED --add-opens=java.base/java.nio.charset=ALL-UNNAMED --add-opens=java.base/java.net=ALL-UNNAMED --add-opens=java.base/java.util.concurrent.atomic=ALL-UNNAMED -Xmx2048m -Dfile.encoding=UTF-8 -Duser.country -Duser.language=en -Duser.variant -cp /home/runner/.gradle/wrapper/dists/gradle-8.2.1-all/d8pvvlun5bx6sdtwqhf8y9z4b/gradle-8.2.1/lib/gradle-launcher-8.2.1.jar -javaagent:/home/runner/.gradle/wrapper/dists/gradle-8.2.1-all/d8pvvlun5bx6sdtwqhf8y9z4b/gradle-8.2.1/lib/agents/gradle-instrumentation-agent-8.2.1.jar org.gradle.launcher.daemon.bootstrap.GradleDaemon 8.2.1
Successfully started process 'Gradle build daemon'
An attempt to start the daemon took 1.547 secs.
The client will now receive all logging from the daemon (pid: 1983). The daemon log file: /home/runner/.gradle/daemon/8.2.1/daemon-1983.out.log
Starting build in new daemon [memory: 2 GiB]
Closing daemon's stdin at end of input.
The daemon will no longer process any standard input.
Using 4 worker leases.
Received JVM installation metadata from '/usr/lib/jvm/temurin-17-jdk-amd64': {JAVA_HOME=/usr/lib/jvm/temurin-17-jdk-amd64, JAVA_VERSION=17.0.16, JAVA_VENDOR=Eclipse Adoptium, RUNTIME_NAME=OpenJDK Runtime Environment, RUNTIME_VERSION=17.0.16+8, VM_NAME=OpenJDK 64-Bit Server VM, VM_VERSION=17.0.16+8, VM_VENDOR=Eclipse Adoptium, OS_ARCH=amd64}
Watching the file system is configured to be enabled if available
Now considering [/home/runner/work/Packaging-warehouse/Packaging-warehouse] as hierarchies to watch
File system watching is active
Compiling initialization script '/home/runner/.gradle/init.d/gradle-actions.build-result-capture.init.gradle' using SubsetScriptTransformer.
Compiling initialization script '/home/runner/.gradle/init.d/gradle-actions.build-result-capture.init.gradle' using BuildScriptTransformer.
Compiling initialization script '/home/runner/.gradle/init.d/gradle-actions.github-dependency-graph.init.gradle' using SubsetScriptTransformer.
Compiling initialization script '/home/runner/.gradle/init.d/gradle-actions.github-dependency-graph.init.gradle' using BuildScriptTransformer.
Compiling initialization script '/home/runner/.gradle/init.d/gradle-actions.inject-develocity.init.gradle' using SubsetScriptTransformer.
Compiling initialization script '/home/runner/.gradle/init.d/gradle-actions.inject-develocity.init.gradle' using BuildScriptTransformer.
Starting Build
Compiling settings file '/home/runner/work/Packaging-warehouse/Packaging-warehouse/settings.gradle' using SubsetScriptTransformer.
Compiling settings file '/home/runner/work/Packaging-warehouse/Packaging-warehouse/settings.gradle' using BuildScriptTransformer.
Settings evaluated using settings file '/home/runner/work/Packaging-warehouse/Packaging-warehouse/settings.gradle'.
Compiling script '/home/runner/.gradle/init.d/gradle-actions.build-result-capture-service.plugin.groovy' using SubsetScriptTransformer.
Compiling script '/home/runner/.gradle/init.d/gradle-actions.build-result-capture-service.plugin.groovy' using BuildScriptTransformer.
Projects loaded. Root project using build file '/home/runner/work/Packaging-warehouse/Packaging-warehouse/build.gradle'.
Included projects: [root project 'NDJCApp', project ':app']

> Configure project :
Evaluating root project 'NDJCApp' using build file '/home/runner/work/Packaging-warehouse/Packaging-warehouse/build.gradle'.
Compiling build file '/home/runner/work/Packaging-warehouse/Packaging-warehouse/build.gradle' using SubsetScriptTransformer.
The configuration detachedConfiguration1 is both resolvable and consumable. This is considered a legacy configuration and it will eventually only be possible to be one of these.
The configuration detachedConfiguration1 is both consumable and declarable. This combination is incorrect, only one of these flags should be set.
The configuration detachedConfiguration1 is both resolvable and consumable. This is considered a legacy configuration and it will eventually only be possible to be one of these.
The configuration detachedConfiguration1 is both consumable and declarable. This combination is incorrect, only one of these flags should be set.
Resource missing. [HTTP GET: https://repo.maven.apache.org/maven2/com/android/application/com.android.application.gradle.plugin/8.2.2/com.android.application.gradle.plugin-8.2.2.pom]
Downloading https://dl.google.com/dl/android/maven2/com/android/application/com.android.application.gradle.plugin/8.2.2/com.android.application.gradle.plugin-8.2.2.pom to /home/runner/.gradle/.tmp/gradle_download872835631733029599bin
The configuration detachedConfiguration2 is both resolvable and consumable. This is considered a legacy configuration and it will eventually only be possible to be one of these.
The configuration detachedConfiguration2 is both consumable and declarable. This combination is incorrect, only one of these flags should be set.
The configuration detachedConfiguration2 is both resolvable and consumable. This is considered a legacy configuration and it will eventually only be possible to be one of these.
The configuration detachedConfiguration2 is both consumable and declarable. This combination is incorrect, only one of these flags should be set.
Downloading https://plugins.gradle.org/m2/org/jetbrains/kotlin/android/org.jetbrains.kotlin.android.gradle.plugin/1.9.10/org.jetbrains.kotlin.android.gradle.plugin-1.9.10.pom to /home/runner/.gradle/.tmp/gradle_download2108712806139015635bin
The configuration :classpath is both resolvable and consumable. This is considered a legacy configuration and it will eventually only be possible to be one of these.
The configuration :classpath is both consumable and declarable. This combination is incorrect, only one of these flags should be set.
The configuration :classpath is both resolvable and consumable. This is considered a legacy configuration and it will eventually only be possible to be one of these.
The configuration :classpath is both consumable and declarable. This combination is incorrect, only one of these flags should be set.
Resource missing. [HTTP GET: https://repo.maven.apache.org/maven2/com/android/tools/build/gradle/8.2.2/gradle-8.2.2.pom]
Downloading https://dl.google.com/dl/android/maven2/com/android/tools/build/gradle/8.2.2/gradle-8.2.2.pom to /home/runner/.gradle/.tmp/gradle_download13165951339426612677bin
Downloading https://dl.google.com/dl/android/maven2/com/android/tools/build/gradle/8.2.2/gradle-8.2.2.module to /home/runner/.gradle/.tmp/gradle_download14429729427426874221bin
Downloading https://plugins.gradle.org/m2/org/jetbrains/kotlin/kotlin-gradle-plugin/1.9.10/kotlin-gradle-plugin-1.9.10.pom to /home/runner/.gradle/.tmp/gradle_download6025590396953633045bin
Downloading https://plugins.gradle.org/m2/org/jetbrains/kotlin/kotlin-gradle-plugins-bom/1.9.10/kotlin-gradle-plugins-bom-1.9.10.pom to /home/runner/.gradle/.tmp/gradle_download5044468251487509180bin
Downloading https://plugins.gradle.org/m2/org/jetbrains/kotlin/kotlin-gradle-plugins-bom/1.9.10/kotlin-gradle-plugins-bom-1.9.10.module to /home/runner/.gradle/.tmp/gradle_download7186029747569802843bin
Downloading https://plugins.gradle.org/m2/org/jetbrains/kotlin/kotlin-gradle-plugin/1.9.10/kotlin-gradle-plugin-1.9.10.module to /home/runner/.gradle/.tmp/gradle_download10978772020797096036bin
Resource missing. [HTTP GET: https://repo.maven.apache.org/maven2/com/android/tools/sdk-common/31.2.2/sdk-common-31.2.2.pom]
Resource missing. [HTTP GET: https://repo.maven.apache.org/maven2/com/android/tools/sdklib/31.2.2/sdklib-31.2.2.pom]
Resource missing. [HTTP GET: https://repo.maven.apache.org/maven2/com/android/tools/build/gradle-settings-api/8.2.2/gradle-settings-api-8.2.2.pom]
Resource missing. [HTTP GET: https://repo.maven.apache.org/maven2/com/android/tools/repository/31.2.2/repository-31.2.2.pom]
Downloading https://dl.google.com/dl/android/maven2/com/android/tools/sdk-common/31.2.2/sdk-common-31.2.2.pom to /home/runner/.gradle/.tmp/gradle_download14046531588684605470bin
Downloading https://dl.google.com/dl/android/maven2/com/android/tools/sdklib/31.2.2/sdklib-31.2.2.pom to /home/runner/.gradle/.tmp/gradle_download9836534301097015572bin
Resource missing. [HTTP GET: https://repo.maven.apache.org/maven2/com/android/tools/ddms/ddmlib/31.2.2/ddmlib-31.2.2.pom]
Resource missing. [HTTP GET: https://repo.maven.apache.org/maven2/com/android/tools/build/aapt2-proto/8.2.2-10154469/aapt2-proto-8.2.2-10154469.pom]
Downloading https://dl.google.com/dl/android/maven2/com/android/tools/repository/31.2.2/repository-31.2.2.pom to /home/runner/.gradle/.tmp/gradle_download2635037131722068331bin
Resource missing. [HTTP GET: https://repo.maven.apache.org/maven2/com/android/tools/build/aaptcompiler/8.2.2/aaptcompiler-8.2.2.pom]
Downloading https://dl.google.com/dl/android/maven2/com/android/tools/ddms/ddmlib/31.2.2/ddmlib-31.2.2.pom to /home/runner/.gradle/.tmp/gradle_download15104803003042211038bin
Resource missing. [HTTP GET: https://repo.maven.apache.org/maven2/com/android/tools/analytics-library/crash/31.2.2/crash-31.2.2.pom]
Downloading https://dl.google.com/dl/android/maven2/com/android/tools/build/gradle-settings-api/8.2.2/gradle-settings-api-8.2.2.pom to /home/runner/.gradle/.tmp/gradle_download11231295538296010806bin
Downloading https://dl.google.com/dl/android/maven2/com/android/tools/analytics-library/crash/31.2.2/crash-31.2.2.pom to /home/runner/.gradle/.tmp/gradle_download3446590721821445215bin
Downloading https://dl.google.com/dl/android/maven2/com/android/tools/build/aaptcompiler/8.2.2/aaptcompiler-8.2.2.pom to /home/runner/.gradle/.tmp/gradle_download3883784953388177642bin
Downloading https://dl.google.com/dl/android/maven2/com/android/tools/build/aapt2-proto/8.2.2-10154469/aapt2-proto-8.2.2-10154469.pom to /home/runner/.gradle/.tmp/gradle_download16816191032973240110bin
Resource missing. [HTTP GET: https://repo.maven.apache.org/maven2/com/android/tools/analytics-library/shared/31.2.2/shared-31.2.2.pom]
Downloading https://dl.google.com/dl/android/maven2/com/android/tools/build/gradle-settings-api/8.2.2/gradle-settings-api-8.2.2.module to /home/runner/.gradle/.tmp/gradle_download1933639874416670324bin
Resource missing. [HTTP GET: https://repo.maven.apache.org/maven2/com/android/tools/lint/lint-model/31.2.2/lint-model-31.2.2.pom]
Downloading https://dl.google.com/dl/android/maven2/com/android/tools/build/aaptcompiler/8.2.2/aaptcompiler-8.2.2.module to /home/runner/.gradle/.tmp/gradle_download2821901635462239023bin
Resource missing. [HTTP GET: https://repo.maven.apache.org/maven2/com/android/tools/lint/lint-typedef-remover/31.2.2/lint-typedef-remover-31.2.2.pom]
Downloading https://dl.google.com/dl/android/maven2/com/android/tools/build/aapt2-proto/8.2.2-10154469/aapt2-proto-8.2.2-10154469.module to /home/runner/.gradle/.tmp/gradle_download1663106471300776921bin
Downloading https://dl.google.com/dl/android/maven2/com/android/tools/analytics-library/shared/31.2.2/shared-31.2.2.pom to /home/runner/.gradle/.tmp/gradle_download11612072860825882458bin
Resource missing. [HTTP GET: https://repo.maven.apache.org/maven2/androidx/databinding/databinding-compiler-common/8.2.2/databinding-compiler-common-8.2.2.pom]
Resource missing. [HTTP GET: https://repo.maven.apache.org/maven2/androidx/databinding/databinding-common/8.2.2/databinding-common-8.2.2.pom]
Downloading https://dl.google.com/dl/android/maven2/com/android/tools/lint/lint-model/31.2.2/lint-model-31.2.2.pom to /home/runner/.gradle/.tmp/gradle_download7161340957060735579bin
Resource missing. [HTTP GET: https://repo.maven.apache.org/maven2/com/android/databinding/baseLibrary/8.2.2/baseLibrary-8.2.2.pom]
Downloading https://dl.google.com/dl/android/maven2/androidx/databinding/databinding-compiler-common/8.2.2/databinding-compiler-common-8.2.2.pom to /home/runner/.gradle/.tmp/gradle_download6434798073491762990bin
Resource missing. [HTTP GET: https://repo.maven.apache.org/maven2/com/android/tools/build/builder-test-api/8.2.2/builder-test-api-8.2.2.pom]
Downloading https://dl.google.com/dl/android/maven2/androidx/databinding/databinding-common/8.2.2/databinding-common-8.2.2.pom to /home/runner/.gradle/.tmp/gradle_download16744498148346894703bin
Resource missing. [HTTP GET: https://repo.maven.apache.org/maven2/com/android/tools/layoutlib/layoutlib-api/31.2.2/layoutlib-api-31.2.2.pom]
Downloading https://dl.google.com/dl/android/maven2/com/android/databinding/baseLibrary/8.2.2/baseLibrary-8.2.2.pom to /home/runner/.gradle/.tmp/gradle_download10097733221810927359bin
Downloading https://dl.google.com/dl/android/maven2/com/android/tools/lint/lint-typedef-remover/31.2.2/lint-typedef-remover-31.2.2.pom to /home/runner/.gradle/.tmp/gradle_download7206617389249498644bin
Resource missing. [HTTP GET: https://repo.maven.apache.org/maven2/com/android/tools/utp/android-device-provider-ddmlib-proto/31.2.2/android-device-provider-ddmlib-proto-31.2.2.pom]
Resource missing. [HTTP GET: https://repo.maven.apache.org/maven2/com/android/tools/utp/android-device-provider-gradle-proto/31.2.2/android-device-provider-gradle-proto-31.2.2.pom]
Downloading https://dl.google.com/dl/android/maven2/com/android/tools/layoutlib/layoutlib-api/31.2.2/layoutlib-api-31.2.2.pom to /home/runner/.gradle/.tmp/gradle_download15684933573089165283bin
Downloading https://dl.google.com/dl/android/maven2/com/android/tools/utp/android-device-provider-ddmlib-proto/31.2.2/android-device-provider-ddmlib-proto-31.2.2.pom to /home/runner/.gradle/.tmp/gradle_download17539126720971486700bin
Resource missing. [HTTP GET: https://repo.maven.apache.org/maven2/com/android/tools/utp/android-test-plugin-host-additional-test-output-proto/31.2.2/android-test-plugin-host-additional-test-output-proto-31.2.2.pom]
Resource missing. [HTTP GET: https://repo.maven.apache.org/maven2/com/android/tools/utp/android-test-plugin-host-coverage-proto/31.2.2/android-test-plugin-host-coverage-proto-31.2.2.pom]
Downloading https://dl.google.com/dl/android/maven2/com/android/tools/build/builder-test-api/8.2.2/builder-test-api-8.2.2.pom to /home/runner/.gradle/.tmp/gradle_download16195475688537298742bin
Downloading https://dl.google.com/dl/android/maven2/com/android/tools/utp/android-test-plugin-host-coverage-proto/31.2.2/android-test-plugin-host-coverage-proto-31.2.2.pom to /home/runner/.gradle/.tmp/gradle_download17313773575170808757bin
Resource missing. [HTTP GET: https://repo.maven.apache.org/maven2/com/android/tools/utp/android-test-plugin-host-emulator-control-proto/31.2.2/android-test-plugin-host-emulator-control-proto-31.2.2.pom]
Downloading https://dl.google.com/dl/android/maven2/com/android/tools/utp/android-device-provider-gradle-proto/31.2.2/android-device-provider-gradle-proto-31.2.2.pom to /home/runner/.gradle/.tmp/gradle_download2830914561416093588bin
Resource missing. [HTTP GET: https://repo.maven.apache.org/maven2/com/android/tools/utp/android-test-plugin-host-logcat-proto/31.2.2/android-test-plugin-host-logcat-proto-31.2.2.pom]
Downloading https://dl.google.com/dl/android/maven2/com/android/tools/build/builder-test-api/8.2.2/builder-test-api-8.2.2.module to /home/runner/.gradle/.tmp/gradle_download17027825179855513730bin
Resource missing. [HTTP GET: https://repo.maven.apache.org/maven2/com/android/tools/utp/android-test-plugin-host-apk-installer-proto/31.2.2/android-test-plugin-host-apk-installer-proto-31.2.2.pom]
Downloading https://dl.google.com/dl/android/maven2/com/android/tools/utp/android-test-plugin-host-emulator-control-proto/31.2.2/android-test-plugin-host-emulator-control-proto-31.2.2.pom to /home/runner/.gradle/.tmp/gradle_download13480048620116752313bin
Resource missing. [HTTP GET: https://repo.maven.apache.org/maven2/com/android/tools/utp/android-test-plugin-host-retention-proto/31.2.2/android-test-plugin-host-retention-proto-31.2.2.pom]
Downloading https://dl.google.com/dl/android/maven2/com/android/tools/utp/android-test-plugin-host-apk-installer-proto/31.2.2/android-test-plugin-host-apk-installer-proto-31.2.2.pom to /home/runner/.gradle/.tmp/gradle_download6157386968472540676bin
Downloading https://dl.google.com/dl/android/maven2/com/android/tools/utp/android-test-plugin-host-additional-test-output-proto/31.2.2/android-test-plugin-host-additional-test-output-proto-31.2.2.pom to /home/runner/.gradle/.tmp/gradle_download16937835471779948288bin
Downloading https://dl.google.com/dl/android/maven2/com/android/tools/utp/android-test-plugin-host-logcat-proto/31.2.2/android-test-plugin-host-logcat-proto-31.2.2.pom to /home/runner/.gradle/.tmp/gradle_download3895723281486861730bin
Resource missing. [HTTP GET: https://repo.maven.apache.org/maven2/com/android/tools/utp/android-test-plugin-result-listener-gradle-proto/31.2.2/android-test-plugin-result-listener-gradle-proto-31.2.2.pom]
Downloading https://plugins.gradle.org/m2/org/jetbrains/kotlin/kotlin-stdlib-jdk8/1.9.0/kotlin-stdlib-jdk8-1.9.0.pom to /home/runner/.gradle/.tmp/gradle_download298345835331950813bin
Downloading https://plugins.gradle.org/m2/com/android/tools/build/transform-api/2.0.0-deprecated-use-gradle-api/transform-api-2.0.0-deprecated-use-gradle-api.pom to /home/runner/.gradle/.tmp/gradle_download5731252149002035402bin
Downloading https://plugins.gradle.org/m2/commons-io/commons-io/2.4/commons-io-2.4.pom to /home/runner/.gradle/.tmp/gradle_download518186654444390448bin
Downloading https://plugins.gradle.org/m2/org/apache/httpcomponents/httpmime/4.5.6/httpmime-4.5.6.pom to /home/runner/.gradle/.tmp/gradle_download15664677531881304579bin
Downloading https://plugins.gradle.org/m2/org/apache/commons/commons-parent/25/commons-parent-25.pom to /home/runner/.gradle/.tmp/gradle_download2950124824786522700bin
Downloading https://plugins.gradle.org/m2/org/apache/httpcomponents/httpcomponents-client/4.5.6/httpcomponents-client-4.5.6.pom to /home/runner/.gradle/.tmp/gradle_download12417778948146343980bin
Downloading https://plugins.gradle.org/m2/org/apache/apache/9/apache-9.pom to /home/runner/.gradle/.tmp/gradle_download4886516126579577737bin
Downloading https://plugins.gradle.org/m2/org/apache/httpcomponents/httpcomponents-parent/10/httpcomponents-parent-10.pom to /home/runner/.gradle/.tmp/gradle_download12092151085839678282bin
Downloading https://plugins.gradle.org/m2/org/apache/apache/18/apache-18.pom to /home/runner/.gradle/.tmp/gradle_download9397174342730681214bin
Downloading https://plugins.gradle.org/m2/org/ow2/asm/asm/9.2/asm-9.2.pom to /home/runner/.gradle/.tmp/gradle_download672787344404421406bin
Downloading https://dl.google.com/dl/android/maven2/com/android/tools/utp/android-test-plugin-host-retention-proto/31.2.2/android-test-plugin-host-retention-proto-31.2.2.pom to /home/runner/.gradle/.tmp/gradle_download7340836412844967841bin
Downloading https://plugins.gradle.org/m2/org/ow2/ow2/1.5/ow2-1.5.pom to /home/runner/.gradle/.tmp/gradle_download18164519231745163613bin
Downloading https://dl.google.com/dl/android/maven2/com/android/tools/utp/android-test-plugin-result-listener-gradle-proto/31.2.2/android-test-plugin-result-listener-gradle-proto-31.2.2.pom to /home/runner/.gradle/.tmp/gradle_download7480837033133298208bin
Downloading https://plugins.gradle.org/m2/org/ow2/asm/asm-analysis/9.2/asm-analysis-9.2.pom to /home/runner/.gradle/.tmp/gradle_download9429132748498236017bin
Downloading https://plugins.gradle.org/m2/org/ow2/asm/asm-commons/9.2/asm-commons-9.2.pom to /home/runner/.gradle/.tmp/gradle_download8239571120861787573bin
Downloading https://plugins.gradle.org/m2/org/ow2/asm/asm-util/9.2/asm-util-9.2.pom to /home/runner/.gradle/.tmp/gradle_download5755302268704220003bin
Downloading https://plugins.gradle.org/m2/org/glassfish/jaxb/jaxb-runtime/2.3.2/jaxb-runtime-2.3.2.pom to /home/runner/.gradle/.tmp/gradle_download12186700284853915837bin
Downloading https://plugins.gradle.org/m2/net/sf/jopt-simple/jopt-simple/4.9/jopt-simple-4.9.pom to /home/runner/.gradle/.tmp/gradle_download9258765511783108615bin
Resource missing. [HTTP GET: https://repo.maven.apache.org/maven2/com/android/tools/build/bundletool/1.15.2/bundletool-1.15.2.pom]
Downloading https://plugins.gradle.org/m2/org/bouncycastle/bcpkix-jdk15on/1.67/bcpkix-jdk15on-1.67.pom to /home/runner/.gradle/.tmp/gradle_download6253121766759663493bin
Downloading https://plugins.gradle.org/m2/com/sun/xml/bind/mvn/jaxb-runtime-parent/2.3.2/jaxb-runtime-parent-2.3.2.pom to /home/runner/.gradle/.tmp/gradle_download14434736256939574706bin
Downloading https://plugins.gradle.org/m2/org/sonatype/oss/oss-parent/7/oss-parent-7.pom to /home/runner/.gradle/.tmp/gradle_download11775766415173481551bin
Downloading https://plugins.gradle.org/m2/com/sun/xml/bind/mvn/jaxb-parent/2.3.2/jaxb-parent-2.3.2.pom to /home/runner/.gradle/.tmp/gradle_download12698411176329644822bin
Resource missing. [HTTP GET: https://repo.maven.apache.org/maven2/com/android/tools/build/jetifier/jetifier-core/1.0.0-beta10/jetifier-core-1.0.0-beta10.pom]
Resource missing. [HTTP GET: https://repo.maven.apache.org/maven2/com/android/tools/build/jetifier/jetifier-processor/1.0.0-beta10/jetifier-processor-1.0.0-beta10.pom]
Downloading https://plugins.gradle.org/m2/com/sun/xml/bind/jaxb-bom-ext/2.3.2/jaxb-bom-ext-2.3.2.pom to /home/runner/.gradle/.tmp/gradle_download12653805576624842196bin
Downloading https://dl.google.com/dl/android/maven2/com/android/tools/build/bundletool/1.15.2/bundletool-1.15.2.pom to /home/runner/.gradle/.tmp/gradle_download9704466945054840220bin
Downloading https://plugins.gradle.org/m2/org/glassfish/jaxb/jaxb-bom/2.3.2/jaxb-bom-2.3.2.pom to /home/runner/.gradle/.tmp/gradle_download5213036326433672259bin
Downloading https://plugins.gradle.org/m2/com/squareup/javapoet/1.10.0/javapoet-1.10.0.pom to /home/runner/.gradle/.tmp/gradle_download5262305522596842361bin
Downloading https://dl.google.com/dl/android/maven2/com/android/tools/build/jetifier/jetifier-core/1.0.0-beta10/jetifier-core-1.0.0-beta10.pom to /home/runner/.gradle/.tmp/gradle_download1034516712678800139bin
Downloading https://plugins.gradle.org/m2/org/eclipse/ee4j/project/1.0.5/project-1.0.5.pom to /home/runner/.gradle/.tmp/gradle_download5671350091115793249bin
Downloading https://dl.google.com/dl/android/maven2/com/android/tools/build/jetifier/jetifier-processor/1.0.0-beta10/jetifier-processor-1.0.0-beta10.pom to /home/runner/.gradle/.tmp/gradle_download2509275720503548675bin
Downloading https://plugins.gradle.org/m2/com/google/protobuf/protobuf-java/3.19.3/protobuf-java-3.19.3.pom to /home/runner/.gradle/.tmp/gradle_download8214052431873007183bin
Downloading https://plugins.gradle.org/m2/com/google/protobuf/protobuf-parent/3.19.3/protobuf-parent-3.19.3.pom to /home/runner/.gradle/.tmp/gradle_download5601803414369676165bin
Downloading https://dl.google.com/dl/android/maven2/com/android/tools/build/jetifier/jetifier-processor/1.0.0-beta10/jetifier-processor-1.0.0-beta10.module to /home/runner/.gradle/.tmp/gradle_download1290913188772144360bin
Downloading https://plugins.gradle.org/m2/com/google/protobuf/protobuf-bom/3.19.3/protobuf-bom-3.19.3.pom to /home/runner/.gradle/.tmp/gradle_download1977335504053440727bin
Downloading https://plugins.gradle.org/m2/com/google/protobuf/protobuf-java-util/3.19.3/protobuf-java-util-3.19.3.pom to /home/runner/.gradle/.tmp/gradle_download8111354375430855713bin
Downloading https://plugins.gradle.org/m2/com/google/code/gson/gson/2.8.6/gson-2.8.6.pom to /home/runner/.gradle/.tmp/gradle_download5082481461720326578bin
Downloading https://plugins.gradle.org/m2/io/grpc/grpc-core/1.45.1/grpc-core-1.45.1.pom to /home/runner/.gradle/.tmp/gradle_download17172787229506303966bin
Downloading https://plugins.gradle.org/m2/io/grpc/grpc-netty/1.45.1/grpc-netty-1.45.1.pom to /home/runner/.gradle/.tmp/gradle_download6280490015346445324bin
Downloading https://plugins.gradle.org/m2/com/google/code/gson/gson-parent/2.8.6/gson-parent-2.8.6.pom to /home/runner/.gradle/.tmp/gradle_download5797774753406798151bin
Downloading https://plugins.gradle.org/m2/io/grpc/grpc-protobuf/1.45.1/grpc-protobuf-1.45.1.pom to /home/runner/.gradle/.tmp/gradle_download6236117277374790729bin
Downloading https://plugins.gradle.org/m2/io/grpc/grpc-stub/1.45.1/grpc-stub-1.45.1.pom to /home/runner/.gradle/.tmp/gradle_download5704753003693333880bin
Downloading https://plugins.gradle.org/m2/com/google/crypto/tink/tink/1.7.0/tink-1.7.0.pom to /home/runner/.gradle/.tmp/gradle_download12345672588250152556bin
Downloading https://plugins.gradle.org/m2/com/google/flatbuffers/flatbuffers-java/1.12.0/flatbuffers-java-1.12.0.pom to /home/runner/.gradle/.tmp/gradle_download7879067503150533344bin
Resource missing. [HTTP GET: https://repo.maven.apache.org/maven2/com/google/testing/platform/core-proto/0.0.8-alpha08/core-proto-0.0.8-alpha08.pom]
Downloading https://plugins.gradle.org/m2/org/tensorflow/tensorflow-lite-metadata/0.1.0-rc2/tensorflow-lite-metadata-0.1.0-rc2.pom to /home/runner/.gradle/.tmp/gradle_download13103793879385715807bin
Resource missing. [HTTP GET: https://repo.maven.apache.org/maven2/com/android/tools/build/builder-model/8.2.2/builder-model-8.2.2.pom]
Resource missing. [HTTP GET: https://repo.maven.apache.org/maven2/com/android/tools/build/builder/8.2.2/builder-8.2.2.pom]
Downloading https://dl.google.com/dl/android/maven2/com/google/testing/platform/core-proto/0.0.8-alpha08/core-proto-0.0.8-alpha08.pom to /home/runner/.gradle/.tmp/gradle_download17510618774961372489bin
Resource missing. [HTTP GET: https://repo.maven.apache.org/maven2/com/android/tools/build/gradle-api/8.2.2/gradle-api-8.2.2.pom]
Downloading https://dl.google.com/dl/android/maven2/com/android/tools/build/builder/8.2.2/builder-8.2.2.pom to /home/runner/.gradle/.tmp/gradle_download13619439562793185039bin
Downloading https://dl.google.com/dl/android/maven2/com/android/tools/build/builder-model/8.2.2/builder-model-8.2.2.pom to /home/runner/.gradle/.tmp/gradle_download15371785754695598469bin
Downloading https://dl.google.com/dl/android/maven2/com/android/tools/build/jetifier/jetifier-core/1.0.0-beta10/jetifier-core-1.0.0-beta10.module to /home/runner/.gradle/.tmp/gradle_download9346011572825669655bin
Downloading https://dl.google.com/dl/android/maven2/com/android/tools/build/gradle-api/8.2.2/gradle-api-8.2.2.pom to /home/runner/.gradle/.tmp/gradle_download6818502636636743308bin
Downloading https://dl.google.com/dl/android/maven2/com/android/tools/build/builder/8.2.2/builder-8.2.2.module to /home/runner/.gradle/.tmp/gradle_download16619901126899380248bin
Downloading https://dl.google.com/dl/android/maven2/com/android/tools/build/builder-model/8.2.2/builder-model-8.2.2.module to /home/runner/.gradle/.tmp/gradle_download11373548291042427975bin
Downloading https://dl.google.com/dl/android/maven2/com/android/tools/build/gradle-api/8.2.2/gradle-api-8.2.2.module to /home/runner/.gradle/.tmp/gradle_download12114442192178914735bin
Downloading https://plugins.gradle.org/m2/org/jetbrains/kotlin/kotlin-tooling-core/1.9.10/kotlin-tooling-core-1.9.10.pom to /home/runner/.gradle/.tmp/gradle_download13576701246302921054bin
Downloading https://plugins.gradle.org/m2/org/jetbrains/kotlin/kotlin-gradle-plugin-model/1.9.10/kotlin-gradle-plugin-model-1.9.10.pom to /home/runner/.gradle/.tmp/gradle_download6199963185994136314bin
Downloading https://plugins.gradle.org/m2/org/jetbrains/kotlin/kotlin-gradle-plugin-idea/1.9.10/kotlin-gradle-plugin-idea-1.9.10.pom to /home/runner/.gradle/.tmp/gradle_download15031188219585394263bin
Downloading https://plugins.gradle.org/m2/org/jetbrains/kotlin/kotlin-gradle-plugin-model/1.9.10/kotlin-gradle-plugin-model-1.9.10.module to /home/runner/.gradle/.tmp/gradle_download12070117427185613923bin
Downloading https://plugins.gradle.org/m2/org/jetbrains/kotlin/kotlin-gradle-plugin-api/1.9.10/kotlin-gradle-plugin-api-1.9.10.pom to /home/runner/.gradle/.tmp/gradle_download12966907440892648801bin
Downloading https://plugins.gradle.org/m2/org/jetbrains/kotlin/kotlin-gradle-plugin-api/1.9.10/kotlin-gradle-plugin-api-1.9.10.module to /home/runner/.gradle/.tmp/gradle_download6070278203233430940bin
Downloading https://plugins.gradle.org/m2/org/jetbrains/kotlin/kotlin-gradle-plugin-idea-proto/1.9.10/kotlin-gradle-plugin-idea-proto-1.9.10.pom to /home/runner/.gradle/.tmp/gradle_download8924549755233673692bin
Downloading https://plugins.gradle.org/m2/org/jetbrains/kotlin/kotlin-gradle-plugin-idea/1.9.10/kotlin-gradle-plugin-idea-1.9.10.module to /home/runner/.gradle/.tmp/gradle_download17180348312625737530bin
Downloading https://plugins.gradle.org/m2/org/jetbrains/kotlin/kotlin-util-klib/1.9.10/kotlin-util-klib-1.9.10.pom to /home/runner/.gradle/.tmp/gradle_download1665049875224512192bin
Downloading https://plugins.gradle.org/m2/org/jetbrains/kotlin/kotlin-project-model/1.9.10/kotlin-project-model-1.9.10.pom to /home/runner/.gradle/.tmp/gradle_download8565813524951102299bin
Downloading https://plugins.gradle.org/m2/org/jetbrains/kotlin/kotlin-klib-commonizer-api/1.9.10/kotlin-klib-commonizer-api-1.9.10.pom to /home/runner/.gradle/.tmp/gradle_download3080622150830430291bin
Downloading https://plugins.gradle.org/m2/org/jetbrains/kotlin/kotlin-build-tools-api/1.9.10/kotlin-build-tools-api-1.9.10.pom to /home/runner/.gradle/.tmp/gradle_download12563633507058180356bin
Downloading https://plugins.gradle.org/m2/org/jetbrains/kotlin/kotlin-android-extensions/1.9.10/kotlin-android-extensions-1.9.10.pom to /home/runner/.gradle/.tmp/gradle_download6385292587596299740bin
Downloading https://plugins.gradle.org/m2/org/jetbrains/kotlin/kotlin-compiler-embeddable/1.9.10/kotlin-compiler-embeddable-1.9.10.pom to /home/runner/.gradle/.tmp/gradle_download14464526443695293629bin
Downloading https://plugins.gradle.org/m2/org/jetbrains/kotlin/kotlin-compiler-runner/1.9.10/kotlin-compiler-runner-1.9.10.pom to /home/runner/.gradle/.tmp/gradle_download14782250574890333250bin
Downloading https://plugins.gradle.org/m2/org/jetbrains/kotlin/kotlin-scripting-compiler-embeddable/1.9.10/kotlin-scripting-compiler-embeddable-1.9.10.pom to /home/runner/.gradle/.tmp/gradle_download3849113364908020828bin
Downloading https://plugins.gradle.org/m2/org/jetbrains/kotlin/kotlin-scripting-compiler-impl-embeddable/1.9.10/kotlin-scripting-compiler-impl-embeddable-1.9.10.pom to /home/runner/.gradle/.tmp/gradle_download1768960318926951057bin
Downloading https://plugins.gradle.org/m2/com/google/code/gson/gson/2.10/gson-2.10.pom to /home/runner/.gradle/.tmp/gradle_download13914917235472768728bin
Downloading https://plugins.gradle.org/m2/com/google/code/gson/gson-parent/2.10/gson-parent-2.10.pom to /home/runner/.gradle/.tmp/gradle_download10708138628137981112bin
Downloading https://plugins.gradle.org/m2/com/google/guava/guava/31.1-jre/guava-31.1-jre.pom to /home/runner/.gradle/.tmp/gradle_download2647142263084379536bin
Resource missing. [HTTP GET: https://repo.maven.apache.org/maven2/com/android/tools/common/31.2.2/common-31.2.2.pom]
Downloading https://plugins.gradle.org/m2/javax/inject/javax.inject/1/javax.inject-1.pom to /home/runner/.gradle/.tmp/gradle_download3651863304942125703bin
Downloading https://plugins.gradle.org/m2/net/sf/kxml/kxml2/2.3.0/kxml2-2.3.0.pom to /home/runner/.gradle/.tmp/gradle_download5988049445719921213bin
Downloading https://plugins.gradle.org/m2/com/google/guava/guava-parent/31.1-jre/guava-parent-31.1-jre.pom to /home/runner/.gradle/.tmp/gradle_download10648148451324024562bin
Downloading https://plugins.gradle.org/m2/org/bouncycastle/bcprov-jdk15on/1.67/bcprov-jdk15on-1.67.pom to /home/runner/.gradle/.tmp/gradle_download3771245698509050904bin
Downloading https://plugins.gradle.org/m2/org/jetbrains/intellij/deps/trove4j/1.0.20200330/trove4j-1.0.20200330.pom to /home/runner/.gradle/.tmp/gradle_download9631229165798506286bin
Downloading https://plugins.gradle.org/m2/xerces/xercesImpl/2.12.0/xercesImpl-2.12.0.pom to /home/runner/.gradle/.tmp/gradle_download16959976738645939328bin
Downloading https://plugins.gradle.org/m2/org/jetbrains/kotlin/kotlin-reflect/1.9.0/kotlin-reflect-1.9.0.pom to /home/runner/.gradle/.tmp/gradle_download3526782754782100393bin
Downloading https://dl.google.com/dl/android/maven2/com/android/tools/common/31.2.2/common-31.2.2.pom to /home/runner/.gradle/.tmp/gradle_download7731226389681610461bin
Resource missing. [HTTP GET: https://repo.maven.apache.org/maven2/com/android/tools/dvlib/31.2.2/dvlib-31.2.2.pom]
Downloading https://plugins.gradle.org/m2/org/apache/commons/commons-compress/1.21/commons-compress-1.21.pom to /home/runner/.gradle/.tmp/gradle_download15571007666435619049bin
Downloading https://plugins.gradle.org/m2/org/apache/httpcomponents/httpcore/4.4.16/httpcore-4.4.16.pom to /home/runner/.gradle/.tmp/gradle_download15300319405899898279bin
Downloading https://plugins.gradle.org/m2/org/apache/httpcomponents/httpcomponents-core/4.4.16/httpcomponents-core-4.4.16.pom to /home/runner/.gradle/.tmp/gradle_download7077913197484544351bin
Downloading https://plugins.gradle.org/m2/org/apache/commons/commons-parent/52/commons-parent-52.pom to /home/runner/.gradle/.tmp/gradle_download8530781522868564368bin
Downloading https://plugins.gradle.org/m2/org/apache/httpcomponents/httpcomponents-parent/11/httpcomponents-parent-11.pom to /home/runner/.gradle/.tmp/gradle_download4860207261038194382bin
Downloading https://plugins.gradle.org/m2/org/apache/apache/23/apache-23.pom to /home/runner/.gradle/.tmp/gradle_download16900173445407399121bin
Downloading https://plugins.gradle.org/m2/org/apache/apache/21/apache-21.pom to /home/runner/.gradle/.tmp/gradle_download3157761510842016513bin
Downloading https://dl.google.com/dl/android/maven2/com/android/tools/dvlib/31.2.2/dvlib-31.2.2.pom to /home/runner/.gradle/.tmp/gradle_download5131306247145817639bin
Downloading https://plugins.gradle.org/m2/com/sun/activation/javax.activation/1.2.0/javax.activation-1.2.0.pom to /home/runner/.gradle/.tmp/gradle_download7429722819936181208bin
Downloading https://plugins.gradle.org/m2/com/google/jimfs/jimfs/1.1/jimfs-1.1.pom to /home/runner/.gradle/.tmp/gradle_download2879096453636365883bin
Downloading https://plugins.gradle.org/m2/com/sun/activation/all/1.2.0/all-1.2.0.pom to /home/runner/.gradle/.tmp/gradle_download1026035853363363462bin
Downloading https://plugins.gradle.org/m2/com/google/jimfs/jimfs-parent/1.1/jimfs-parent-1.1.pom to /home/runner/.gradle/.tmp/gradle_download13863558044083074754bin
Downloading https://plugins.gradle.org/m2/net/java/jvnet-parent/1/jvnet-parent-1.pom to /home/runner/.gradle/.tmp/gradle_download9978016679153203095bin
Downloading https://plugins.gradle.org/m2/org/jetbrains/annotations/13.0/annotations-13.0.pom to /home/runner/.gradle/.tmp/gradle_download6077232740226632261bin
Downloading https://plugins.gradle.org/m2/org/apache/httpcomponents/httpclient/4.5.14/httpclient-4.5.14.pom to /home/runner/.gradle/.tmp/gradle_download4514428293930749849bin
Resource missing. [HTTP GET: https://repo.maven.apache.org/maven2/com/android/tools/annotations/31.2.2/annotations-31.2.2.pom]
Downloading https://plugins.gradle.org/m2/org/apache/httpcomponents/httpcomponents-client/4.5.14/httpcomponents-client-4.5.14.pom to /home/runner/.gradle/.tmp/gradle_download13310166689638821931bin
Downloading https://dl.google.com/dl/android/maven2/com/android/tools/annotations/31.2.2/annotations-31.2.2.pom to /home/runner/.gradle/.tmp/gradle_download4986583601035887750bin
Downloading https://plugins.gradle.org/m2/net/java/dev/jna/jna-platform/5.6.0/jna-platform-5.6.0.pom to /home/runner/.gradle/.tmp/gradle_download15666309690622425522bin
Resource missing. [HTTP GET: https://repo.maven.apache.org/maven2/com/android/tools/analytics-library/protos/31.2.2/protos-31.2.2.pom]
Downloading https://dl.google.com/dl/android/maven2/com/android/tools/analytics-library/protos/31.2.2/protos-31.2.2.pom to /home/runner/.gradle/.tmp/gradle_download1312391795190441570bin
Downloading https://plugins.gradle.org/m2/com/googlecode/juniversalchardet/juniversalchardet/1.0.3/juniversalchardet-1.0.3.pom to /home/runner/.gradle/.tmp/gradle_download8529261361637724714bin
Downloading https://plugins.gradle.org/m2/javax/annotation/javax.annotation-api/1.3.2/javax.annotation-api-1.3.2.pom to /home/runner/.gradle/.tmp/gradle_download4842504891802891976bin
Downloading https://plugins.gradle.org/m2/net/java/jvnet-parent/3/jvnet-parent-3.pom to /home/runner/.gradle/.tmp/gradle_download6248137111538617678bin
Downloading https://plugins.gradle.org/m2/org/jetbrains/kotlin/kotlin-stdlib/1.9.0/kotlin-stdlib-1.9.0.pom to /home/runner/.gradle/.tmp/gradle_download2942804724317306122bin
Downloading https://plugins.gradle.org/m2/org/jetbrains/kotlin/kotlin-stdlib-jdk7/1.9.0/kotlin-stdlib-jdk7-1.9.0.pom to /home/runner/.gradle/.tmp/gradle_download13130939114457008419bin
Downloading https://plugins.gradle.org/m2/org/ow2/asm/asm-tree/9.2/asm-tree-9.2.pom to /home/runner/.gradle/.tmp/gradle_download1628243293413870220bin
Downloading https://plugins.gradle.org/m2/org/glassfish/jaxb/txw2/2.3.2/txw2-2.3.2.pom to /home/runner/.gradle/.tmp/gradle_download8160686428946180553bin
Downloading https://plugins.gradle.org/m2/org/jvnet/staxex/stax-ex/1.8.1/stax-ex-1.8.1.pom to /home/runner/.gradle/.tmp/gradle_download18220720315877104435bin
Downloading https://plugins.gradle.org/m2/jakarta/xml/bind/jakarta.xml.bind-api/2.3.2/jakarta.xml.bind-api-2.3.2.pom to /home/runner/.gradle/.tmp/gradle_download1661392851798147113bin
Downloading https://plugins.gradle.org/m2/com/sun/istack/istack-commons-runtime/3.0.8/istack-commons-runtime-3.0.8.pom to /home/runner/.gradle/.tmp/gradle_download13040713237769625643bin
Downloading https://plugins.gradle.org/m2/jakarta/xml/bind/jakarta.xml.bind-api-parent/2.3.2/jakarta.xml.bind-api-parent-2.3.2.pom to /home/runner/.gradle/.tmp/gradle_download8358804949673887417bin
Downloading https://plugins.gradle.org/m2/com/sun/xml/bind/mvn/jaxb-txw-parent/2.3.2/jaxb-txw-parent-2.3.2.pom to /home/runner/.gradle/.tmp/gradle_download17280782782921467918bin
Downloading https://plugins.gradle.org/m2/com/sun/xml/fastinfoset/FastInfoset/1.2.16/FastInfoset-1.2.16.pom to /home/runner/.gradle/.tmp/gradle_download16737726504526394254bin
Downloading https://plugins.gradle.org/m2/com/sun/istack/istack-commons/3.0.8/istack-commons-3.0.8.pom to /home/runner/.gradle/.tmp/gradle_download225475991487204356bin
Downloading https://plugins.gradle.org/m2/jakarta/activation/jakarta.activation-api/1.2.1/jakarta.activation-api-1.2.1.pom to /home/runner/.gradle/.tmp/gradle_download3016427467156125935bin
Downloading https://plugins.gradle.org/m2/com/sun/xml/fastinfoset/fastinfoset-project/1.2.16/fastinfoset-project-1.2.16.pom to /home/runner/.gradle/.tmp/gradle_download6079992377824429526bin
Downloading https://plugins.gradle.org/m2/com/sun/activation/all/1.2.1/all-1.2.1.pom to /home/runner/.gradle/.tmp/gradle_download6521945750628146525bin
Downloading https://plugins.gradle.org/m2/org/eclipse/ee4j/project/1.0.2/project-1.0.2.pom to /home/runner/.gradle/.tmp/gradle_download17806379329949439094bin
Downloading https://plugins.gradle.org/m2/org/bitbucket/b_c/jose4j/0.7.0/jose4j-0.7.0.pom to /home/runner/.gradle/.tmp/gradle_download7276896667495080089bin
Downloading https://plugins.gradle.org/m2/com/google/errorprone/error_prone_annotations/2.3.1/error_prone_annotations-2.3.1.pom to /home/runner/.gradle/.tmp/gradle_download12943057100919778536bin
Downloading https://plugins.gradle.org/m2/com/google/auto/value/auto-value-annotations/1.6.2/auto-value-annotations-1.6.2.pom to /home/runner/.gradle/.tmp/gradle_download14108081121256315562bin
Downloading https://plugins.gradle.org/m2/com/google/dagger/dagger/2.28.3/dagger-2.28.3.pom to /home/runner/.gradle/.tmp/gradle_download17095939604556400439bin
Downloading https://plugins.gradle.org/m2/org/slf4j/slf4j-api/1.7.30/slf4j-api-1.7.30.pom to /home/runner/.gradle/.tmp/gradle_download6891796609547576435bin
Downloading https://plugins.gradle.org/m2/com/google/errorprone/error_prone_parent/2.3.1/error_prone_parent-2.3.1.pom to /home/runner/.gradle/.tmp/gradle_download10309187366788721673bin
Downloading https://plugins.gradle.org/m2/com/google/auto/value/auto-value-parent/1.6.2/auto-value-parent-1.6.2.pom to /home/runner/.gradle/.tmp/gradle_download8725366297240631494bin
Downloading https://plugins.gradle.org/m2/org/slf4j/slf4j-parent/1.7.30/slf4j-parent-1.7.30.pom to /home/runner/.gradle/.tmp/gradle_download1713577398181027761bin
Downloading https://plugins.gradle.org/m2/com/google/auto/auto-parent/6/auto-parent-6.pom to /home/runner/.gradle/.tmp/gradle_download16658257195675151331bin
Downloading https://plugins.gradle.org/m2/org/jdom/jdom2/2.0.6/jdom2-2.0.6.pom to /home/runner/.gradle/.tmp/gradle_download2030013981944944086bin
Downloading https://plugins.gradle.org/m2/com/google/errorprone/error_prone_annotations/2.5.1/error_prone_annotations-2.5.1.pom to /home/runner/.gradle/.tmp/gradle_download700887428324599823bin
Downloading https://plugins.gradle.org/m2/com/google/errorprone/error_prone_parent/2.5.1/error_prone_parent-2.5.1.pom to /home/runner/.gradle/.tmp/gradle_download7210451755131546758bin
Downloading https://plugins.gradle.org/m2/com/google/code/findbugs/jsr305/3.0.2/jsr305-3.0.2.pom to /home/runner/.gradle/.tmp/gradle_download14094096655649149416bin
Downloading https://plugins.gradle.org/m2/com/google/j2objc/j2objc-annotations/1.3/j2objc-annotations-1.3.pom to /home/runner/.gradle/.tmp/gradle_download4204472534164950485bin
Downloading https://plugins.gradle.org/m2/com/google/errorprone/error_prone_annotations/2.10.0/error_prone_annotations-2.10.0.pom to /home/runner/.gradle/.tmp/gradle_download11697375848200864550bin
Downloading https://plugins.gradle.org/m2/com/google/errorprone/error_prone_parent/2.10.0/error_prone_parent-2.10.0.pom to /home/runner/.gradle/.tmp/gradle_download7292519456430900511bin
Downloading https://plugins.gradle.org/m2/org/codehaus/mojo/animal-sniffer-annotations/1.19/animal-sniffer-annotations-1.19.pom to /home/runner/.gradle/.tmp/gradle_download9117244716026065018bin
Downloading https://plugins.gradle.org/m2/io/perfmark/perfmark-api/0.23.0/perfmark-api-0.23.0.pom to /home/runner/.gradle/.tmp/gradle_download5740314612816393834bin
Downloading https://plugins.gradle.org/m2/com/google/android/annotations/4.1.1.4/annotations-4.1.1.4.pom to /home/runner/.gradle/.tmp/gradle_download12869014615153329197bin
Downloading https://plugins.gradle.org/m2/io/grpc/grpc-api/1.45.1/grpc-api-1.45.1.pom to /home/runner/.gradle/.tmp/gradle_download6915552044219803717bin
Downloading https://plugins.gradle.org/m2/org/codehaus/mojo/animal-sniffer-parent/1.19/animal-sniffer-parent-1.19.pom to /home/runner/.gradle/.tmp/gradle_download6590825349620855973bin
Downloading https://plugins.gradle.org/m2/io/perfmark/perfmark-api/0.23.0/perfmark-api-0.23.0.module to /home/runner/.gradle/.tmp/gradle_download17123719938156691695bin
Downloading https://plugins.gradle.org/m2/org/codehaus/mojo/mojo-parent/50/mojo-parent-50.pom to /home/runner/.gradle/.tmp/gradle_download7609189735819049315bin
Downloading https://plugins.gradle.org/m2/io/netty/netty-codec-http2/4.1.72.Final/netty-codec-http2-4.1.72.Final.pom to /home/runner/.gradle/.tmp/gradle_download5465213419802908512bin
Downloading https://plugins.gradle.org/m2/io/netty/netty-handler-proxy/4.1.72.Final/netty-handler-proxy-4.1.72.Final.pom to /home/runner/.gradle/.tmp/gradle_download17197409414909761505bin
Downloading https://plugins.gradle.org/m2/io/netty/netty-parent/4.1.72.Final/netty-parent-4.1.72.Final.pom to /home/runner/.gradle/.tmp/gradle_download10413112068556050928bin
Downloading https://plugins.gradle.org/m2/org/sonatype/oss/oss-parent/9/oss-parent-9.pom to /home/runner/.gradle/.tmp/gradle_download2001981329938441696bin
Downloading https://plugins.gradle.org/m2/io/grpc/grpc-protobuf-lite/1.45.1/grpc-protobuf-lite-1.45.1.pom to /home/runner/.gradle/.tmp/gradle_download13611761769380224190bin
Downloading https://plugins.gradle.org/m2/com/google/api/grpc/proto-google-common-protos/2.0.1/proto-google-common-protos-2.0.1.pom to /home/runner/.gradle/.tmp/gradle_download16322190018588050209bin
Downloading https://plugins.gradle.org/m2/org/checkerframework/checker-qual/2.5.8/checker-qual-2.5.8.pom to /home/runner/.gradle/.tmp/gradle_download15689533419456047444bin
Downloading https://plugins.gradle.org/m2/commons-codec/commons-codec/1.10/commons-codec-1.10.pom to /home/runner/.gradle/.tmp/gradle_download16950037394708901352bin
Resource missing. [HTTP GET: https://repo.maven.apache.org/maven2/com/android/tools/build/manifest-merger/31.2.2/manifest-merger-31.2.2.pom]
Resource missing. [HTTP GET: https://repo.maven.apache.org/maven2/com/android/tools/analytics-library/tracker/31.2.2/tracker-31.2.2.pom]
Resource missing. [HTTP GET: https://repo.maven.apache.org/maven2/com/android/signflinger/8.2.2/signflinger-8.2.2.pom]
Downloading https://plugins.gradle.org/m2/org/apache/commons/commons-parent/35/commons-parent-35.pom to /home/runner/.gradle/.tmp/gradle_download9917952339292693789bin
Downloading https://plugins.gradle.org/m2/org/apache/apache/15/apache-15.pom to /home/runner/.gradle/.tmp/gradle_download14906544901281845166bin
Resource missing. [HTTP GET: https://repo.maven.apache.org/maven2/com/android/zipflinger/8.2.2/zipflinger-8.2.2.pom]
Downloading https://dl.google.com/dl/android/maven2/com/android/tools/analytics-library/tracker/31.2.2/tracker-31.2.2.pom to /home/runner/.gradle/.tmp/gradle_download17232891930566537295bin
Downloading https://dl.google.com/dl/android/maven2/com/android/tools/build/manifest-merger/31.2.2/manifest-merger-31.2.2.pom to /home/runner/.gradle/.tmp/gradle_download12723409398680079902bin
Resource missing. [HTTP GET: https://repo.maven.apache.org/maven2/com/android/tools/build/apksig/8.2.2/apksig-8.2.2.pom]
Downloading https://dl.google.com/dl/android/maven2/com/android/signflinger/8.2.2/signflinger-8.2.2.pom to /home/runner/.gradle/.tmp/gradle_download5991066917404519930bin
Resource missing. [HTTP GET: https://repo.maven.apache.org/maven2/com/android/tools/build/apkzlib/8.2.2/apkzlib-8.2.2.pom]
Downloading https://dl.google.com/dl/android/maven2/com/android/zipflinger/8.2.2/zipflinger-8.2.2.pom to /home/runner/.gradle/.tmp/gradle_download14825591666411187478bin
Downloading https://plugins.gradle.org/m2/com/squareup/javawriter/2.5.0/javawriter-2.5.0.pom to /home/runner/.gradle/.tmp/gradle_download16833677079332886725bin
Downloading https://dl.google.com/dl/android/maven2/com/android/tools/build/apkzlib/8.2.2/apkzlib-8.2.2.pom to /home/runner/.gradle/.tmp/gradle_download1761252725082813460bin
Downloading https://dl.google.com/dl/android/maven2/com/android/tools/build/apksig/8.2.2/apksig-8.2.2.pom to /home/runner/.gradle/.tmp/gradle_download7986409505179489620bin
Downloading https://dl.google.com/dl/android/maven2/com/android/tools/build/manifest-merger/31.2.2/manifest-merger-31.2.2.module to /home/runner/.gradle/.tmp/gradle_download2684732535772634406bin
Downloading https://plugins.gradle.org/m2/org/jetbrains/kotlin/kotlin-native-utils/1.9.10/kotlin-native-utils-1.9.10.pom to /home/runner/.gradle/.tmp/gradle_download9375375552988097072bin
Downloading https://plugins.gradle.org/m2/org/jetbrains/kotlin/kotlin-gradle-plugin-annotations/1.9.10/kotlin-gradle-plugin-annotations-1.9.10.pom to /home/runner/.gradle/.tmp/gradle_download6076096324822864855bin
Downloading https://plugins.gradle.org/m2/org/jetbrains/kotlin/kotlin-util-io/1.9.10/kotlin-util-io-1.9.10.pom to /home/runner/.gradle/.tmp/gradle_download11089152193487701964bin
Downloading https://plugins.gradle.org/m2/org/jetbrains/kotlin/kotlin-daemon-embeddable/1.9.10/kotlin-daemon-embeddable-1.9.10.pom to /home/runner/.gradle/.tmp/gradle_download15676601694444691232bin
Downloading https://plugins.gradle.org/m2/org/jetbrains/kotlinx/kotlinx-coroutines-core-jvm/1.5.0/kotlinx-coroutines-core-jvm-1.5.0.pom to /home/runner/.gradle/.tmp/gradle_download14959415869720150099bin
Downloading https://plugins.gradle.org/m2/org/jetbrains/kotlin/kotlin-daemon-client/1.9.10/kotlin-daemon-client-1.9.10.pom to /home/runner/.gradle/.tmp/gradle_download15571754960627726154bin
Downloading https://plugins.gradle.org/m2/org/jetbrains/kotlinx/kotlinx-coroutines-core-jvm/1.5.0/kotlinx-coroutines-core-jvm-1.5.0.module to /home/runner/.gradle/.tmp/gradle_download4724154142468538908bin
Downloading https://plugins.gradle.org/m2/org/jetbrains/kotlin/kotlin-scripting-common/1.9.10/kotlin-scripting-common-1.9.10.pom to /home/runner/.gradle/.tmp/gradle_download7077902379931222108bin
Downloading https://plugins.gradle.org/m2/org/jetbrains/kotlin/kotlin-scripting-jvm/1.9.10/kotlin-scripting-jvm-1.9.10.pom to /home/runner/.gradle/.tmp/gradle_download17820187279067519054bin
Downloading https://plugins.gradle.org/m2/org/checkerframework/checker-qual/3.12.0/checker-qual-3.12.0.pom to /home/runner/.gradle/.tmp/gradle_download3127643816249214039bin
Downloading https://plugins.gradle.org/m2/org/checkerframework/checker-qual/3.12.0/checker-qual-3.12.0.module to /home/runner/.gradle/.tmp/gradle_download11103727154857278485bin
Downloading https://plugins.gradle.org/m2/com/google/errorprone/error_prone_annotations/2.11.0/error_prone_annotations-2.11.0.pom to /home/runner/.gradle/.tmp/gradle_download17761672548015721249bin
Downloading https://plugins.gradle.org/m2/com/google/errorprone/error_prone_parent/2.11.0/error_prone_parent-2.11.0.pom to /home/runner/.gradle/.tmp/gradle_download6726243061711011673bin
Downloading https://plugins.gradle.org/m2/com/google/guava/failureaccess/1.0.1/failureaccess-1.0.1.pom to /home/runner/.gradle/.tmp/gradle_download2943506759133531289bin
Downloading https://plugins.gradle.org/m2/com/google/guava/listenablefuture/9999.0-empty-to-avoid-conflict-with-guava/listenablefuture-9999.0-empty-to-avoid-conflict-with-guava.pom to /home/runner/.gradle/.tmp/gradle_download16826894657338579175bin
Downloading https://plugins.gradle.org/m2/com/google/guava/guava-parent/26.0-android/guava-parent-26.0-android.pom to /home/runner/.gradle/.tmp/gradle_download5765940888604981134bin
Downloading https://plugins.gradle.org/m2/xml-apis/xml-apis/1.4.01/xml-apis-1.4.01.pom to /home/runner/.gradle/.tmp/gradle_download11726387749578813953bin
Downloading https://plugins.gradle.org/m2/commons-codec/commons-codec/1.11/commons-codec-1.11.pom to /home/runner/.gradle/.tmp/gradle_download14500740363181883819bin
Downloading https://plugins.gradle.org/m2/org/apache/commons/commons-parent/42/commons-parent-42.pom to /home/runner/.gradle/.tmp/gradle_download18221052413835117853bin
Downloading https://plugins.gradle.org/m2/commons-logging/commons-logging/1.2/commons-logging-1.2.pom to /home/runner/.gradle/.tmp/gradle_download140295603170887512bin
Downloading https://plugins.gradle.org/m2/org/apache/commons/commons-parent/34/commons-parent-34.pom to /home/runner/.gradle/.tmp/gradle_download333340580760315056bin
Downloading https://plugins.gradle.org/m2/org/apache/apache/13/apache-13.pom to /home/runner/.gradle/.tmp/gradle_download8133982642616719296bin
Downloading https://plugins.gradle.org/m2/net/java/dev/jna/jna/5.6.0/jna-5.6.0.pom to /home/runner/.gradle/.tmp/gradle_download1628576443787487726bin
Downloading https://plugins.gradle.org/m2/org/jetbrains/kotlin/kotlin-stdlib-common/1.9.0/kotlin-stdlib-common-1.9.0.pom to /home/runner/.gradle/.tmp/gradle_download16835993058873608391bin
Downloading https://plugins.gradle.org/m2/io/grpc/grpc-context/1.45.1/grpc-context-1.45.1.pom to /home/runner/.gradle/.tmp/gradle_download17984069452302093316bin
Downloading https://plugins.gradle.org/m2/io/netty/netty-buffer/4.1.72.Final/netty-buffer-4.1.72.Final.pom to /home/runner/.gradle/.tmp/gradle_download11516717097193545899bin
Downloading https://plugins.gradle.org/m2/io/netty/netty-common/4.1.72.Final/netty-common-4.1.72.Final.pom to /home/runner/.gradle/.tmp/gradle_download11876521060812445179bin
Downloading https://plugins.gradle.org/m2/io/netty/netty-transport/4.1.72.Final/netty-transport-4.1.72.Final.pom to /home/runner/.gradle/.tmp/gradle_download4598928154010942904bin
Downloading https://plugins.gradle.org/m2/io/netty/netty-codec/4.1.72.Final/netty-codec-4.1.72.Final.pom to /home/runner/.gradle/.tmp/gradle_download16567377887378167934bin
Downloading https://plugins.gradle.org/m2/io/netty/netty-codec-http/4.1.72.Final/netty-codec-http-4.1.72.Final.pom to /home/runner/.gradle/.tmp/gradle_download8376670697917907310bin
Downloading https://plugins.gradle.org/m2/io/netty/netty-handler/4.1.72.Final/netty-handler-4.1.72.Final.pom to /home/runner/.gradle/.tmp/gradle_download12927912430488273214bin
Downloading https://plugins.gradle.org/m2/io/netty/netty-codec-socks/4.1.72.Final/netty-codec-socks-4.1.72.Final.pom to /home/runner/.gradle/.tmp/gradle_download1748884999025035539bin
Downloading https://plugins.gradle.org/m2/io/netty/netty-resolver/4.1.72.Final/netty-resolver-4.1.72.Final.pom to /home/runner/.gradle/.tmp/gradle_download5532748971570222392bin
Downloading https://plugins.gradle.org/m2/io/netty/netty-tcnative-classes/2.0.46.Final/netty-tcnative-classes-2.0.46.Final.pom to /home/runner/.gradle/.tmp/gradle_download9269694251428509816bin
Downloading https://plugins.gradle.org/m2/io/netty/netty-tcnative-parent/2.0.46.Final/netty-tcnative-parent-2.0.46.Final.pom to /home/runner/.gradle/.tmp/gradle_download16277117882105825712bin
Resource missing. [HTTP HEAD: https://dl.google.com/dl/android/maven2/com/android/application/com.android.application.gradle.plugin/8.2.2/com.android.application.gradle.plugin-8.2.2.jar]
Resource missing. [HTTP HEAD: https://plugins.gradle.org/m2/org/jetbrains/kotlin/android/org.jetbrains.kotlin.android.gradle.plugin/1.9.10/org.jetbrains.kotlin.android.gradle.plugin-1.9.10.jar]
Downloading https://plugins.gradle.org/m2/org/jetbrains/kotlin/kotlin-gradle-plugin-api/1.9.10/kotlin-gradle-plugin-api-1.9.10.jar to /home/runner/.gradle/.tmp/gradle_download15445060596260052068bin
Downloading https://plugins.gradle.org/m2/org/jetbrains/kotlin/kotlin-gradle-plugin-api/1.9.10/kotlin-gradle-plugin-api-1.9.10-gradle81.jar to /home/runner/.gradle/.tmp/gradle_download8968028662677519347bin
Downloading https://plugins.gradle.org/m2/org/jetbrains/kotlin/kotlin-gradle-plugin-model/1.9.10/kotlin-gradle-plugin-model-1.9.10.jar to /home/runner/.gradle/.tmp/gradle_download8028393129890933108bin
Downloading https://plugins.gradle.org/m2/org/jetbrains/kotlin/kotlin-gradle-plugin/1.9.10/kotlin-gradle-plugin-1.9.10-gradle81.jar to /home/runner/.gradle/.tmp/gradle_download10705320497704163683bin
Downloading https://dl.google.com/dl/android/maven2/com/android/tools/build/gradle/8.2.2/gradle-8.2.2.jar to /home/runner/.gradle/.tmp/gradle_download5325017671536907342bin
Downloading https://dl.google.com/dl/android/maven2/com/android/tools/build/gradle-settings-api/8.2.2/gradle-settings-api-8.2.2.jar to /home/runner/.gradle/.tmp/gradle_download10636700603519993401bin
Downloading https://dl.google.com/dl/android/maven2/com/android/tools/lint/lint-model/31.2.2/lint-model-31.2.2.jar to /home/runner/.gradle/.tmp/gradle_download13860841815498000567bin
Downloading https://dl.google.com/dl/android/maven2/com/android/tools/build/builder/8.2.2/builder-8.2.2.jar to /home/runner/.gradle/.tmp/gradle_download17896826699217556776bin
Downloading https://dl.google.com/dl/android/maven2/com/android/tools/build/manifest-merger/31.2.2/manifest-merger-31.2.2.jar to /home/runner/.gradle/.tmp/gradle_download14649627972361369996bin
Downloading https://dl.google.com/dl/android/maven2/com/android/tools/sdk-common/31.2.2/sdk-common-31.2.2.jar to /home/runner/.gradle/.tmp/gradle_download5090143281775110574bin
Downloading https://dl.google.com/dl/android/maven2/com/android/tools/sdklib/31.2.2/sdklib-31.2.2.jar to /home/runner/.gradle/.tmp/gradle_download1255972769493643124bin
Downloading https://dl.google.com/dl/android/maven2/com/android/tools/repository/31.2.2/repository-31.2.2.jar to /home/runner/.gradle/.tmp/gradle_download14795851652330480820bin
Downloading https://dl.google.com/dl/android/maven2/com/android/tools/build/gradle-api/8.2.2/gradle-api-8.2.2.jar to /home/runner/.gradle/.tmp/gradle_download17456500121976432500bin
Downloading https://dl.google.com/dl/android/maven2/com/android/tools/build/builder-test-api/8.2.2/builder-test-api-8.2.2.jar to /home/runner/.gradle/.tmp/gradle_download11553068755179641651bin
Downloading https://dl.google.com/dl/android/maven2/com/android/tools/ddms/ddmlib/31.2.2/ddmlib-31.2.2.jar to /home/runner/.gradle/.tmp/gradle_download9639254143227470501bin
Downloading https://dl.google.com/dl/android/maven2/com/android/tools/build/aaptcompiler/8.2.2/aaptcompiler-8.2.2.jar to /home/runner/.gradle/.tmp/gradle_download12732878345115374665bin
Downloading https://dl.google.com/dl/android/maven2/com/android/tools/build/aapt2-proto/8.2.2-10154469/aapt2-proto-8.2.2-10154469.jar to /home/runner/.gradle/.tmp/gradle_download2683104821418554397bin
Downloading https://dl.google.com/dl/android/maven2/com/android/tools/build/bundletool/1.15.2/bundletool-1.15.2.jar to /home/runner/.gradle/.tmp/gradle_download11257204711209670077bin
Downloading https://dl.google.com/dl/android/maven2/com/android/tools/analytics-library/crash/31.2.2/crash-31.2.2.jar to /home/runner/.gradle/.tmp/gradle_download16313962992641306100bin
Downloading https://dl.google.com/dl/android/maven2/com/android/tools/analytics-library/shared/31.2.2/shared-31.2.2.jar to /home/runner/.gradle/.tmp/gradle_download18327182547359884252bin
Downloading https://dl.google.com/dl/android/maven2/com/android/tools/analytics-library/tracker/31.2.2/tracker-31.2.2.jar to /home/runner/.gradle/.tmp/gradle_download12929501451972560323bin
Downloading https://dl.google.com/dl/android/maven2/androidx/databinding/databinding-compiler-common/8.2.2/databinding-compiler-common-8.2.2.jar to /home/runner/.gradle/.tmp/gradle_download10632618669923849907bin
Downloading https://dl.google.com/dl/android/maven2/com/android/tools/lint/lint-typedef-remover/31.2.2/lint-typedef-remover-31.2.2.jar to /home/runner/.gradle/.tmp/gradle_download3679104669096691364bin
Downloading https://dl.google.com/dl/android/maven2/com/android/tools/utp/android-device-provider-ddmlib-proto/31.2.2/android-device-provider-ddmlib-proto-31.2.2.jar to /home/runner/.gradle/.tmp/gradle_download10370021937881798302bin
Downloading https://dl.google.com/dl/android/maven2/com/android/tools/layoutlib/layoutlib-api/31.2.2/layoutlib-api-31.2.2.jar to /home/runner/.gradle/.tmp/gradle_download14398382598321424551bin
Downloading https://dl.google.com/dl/android/maven2/androidx/databinding/databinding-common/8.2.2/databinding-common-8.2.2.jar to /home/runner/.gradle/.tmp/gradle_download4141433313678329924bin
Downloading https://dl.google.com/dl/android/maven2/com/android/databinding/baseLibrary/8.2.2/baseLibrary-8.2.2.jar to /home/runner/.gradle/.tmp/gradle_download18060998368831949250bin
Downloading https://dl.google.com/dl/android/maven2/com/android/tools/utp/android-device-provider-gradle-proto/31.2.2/android-device-provider-gradle-proto-31.2.2.jar to /home/runner/.gradle/.tmp/gradle_download5727376202331287250bin
Downloading https://dl.google.com/dl/android/maven2/com/android/tools/utp/android-test-plugin-host-emulator-control-proto/31.2.2/android-test-plugin-host-emulator-control-proto-31.2.2.jar to /home/runner/.gradle/.tmp/gradle_download2736281549922684042bin
Downloading https://dl.google.com/dl/android/maven2/com/android/tools/utp/android-test-plugin-host-additional-test-output-proto/31.2.2/android-test-plugin-host-additional-test-output-proto-31.2.2.jar to /home/runner/.gradle/.tmp/gradle_download10545040313125369658bin
Downloading https://dl.google.com/dl/android/maven2/com/android/tools/utp/android-test-plugin-host-coverage-proto/31.2.2/android-test-plugin-host-coverage-proto-31.2.2.jar to /home/runner/.gradle/.tmp/gradle_download4866951740254524330bin
Downloading https://dl.google.com/dl/android/maven2/com/android/tools/utp/android-test-plugin-host-logcat-proto/31.2.2/android-test-plugin-host-logcat-proto-31.2.2.jar to /home/runner/.gradle/.tmp/gradle_download11302972415416234667bin
Downloading https://dl.google.com/dl/android/maven2/com/android/tools/utp/android-test-plugin-host-apk-installer-proto/31.2.2/android-test-plugin-host-apk-installer-proto-31.2.2.jar to /home/runner/.gradle/.tmp/gradle_download699504580055037303bin
Downloading https://dl.google.com/dl/android/maven2/com/android/tools/utp/android-test-plugin-host-retention-proto/31.2.2/android-test-plugin-host-retention-proto-31.2.2.jar to /home/runner/.gradle/.tmp/gradle_download16056564419845523955bin
Downloading https://dl.google.com/dl/android/maven2/com/android/tools/utp/android-test-plugin-result-listener-gradle-proto/31.2.2/android-test-plugin-result-listener-gradle-proto-31.2.2.jar to /home/runner/.gradle/.tmp/gradle_download12112071947073871430bin
Downloading https://plugins.gradle.org/m2/org/jetbrains/kotlin/kotlin-stdlib-jdk8/1.9.0/kotlin-stdlib-jdk8-1.9.0.jar to /home/runner/.gradle/.tmp/gradle_download18163484954594154895bin
Downloading https://plugins.gradle.org/m2/com/android/tools/build/transform-api/2.0.0-deprecated-use-gradle-api/transform-api-2.0.0-deprecated-use-gradle-api.jar to /home/runner/.gradle/.tmp/gradle_download7338196386361887054bin
Downloading https://plugins.gradle.org/m2/org/apache/httpcomponents/httpmime/4.5.6/httpmime-4.5.6.jar to /home/runner/.gradle/.tmp/gradle_download16159183613186388556bin
Downloading https://dl.google.com/dl/android/maven2/com/android/tools/build/builder-model/8.2.2/builder-model-8.2.2.jar to /home/runner/.gradle/.tmp/gradle_download13661862889803195107bin
Downloading https://plugins.gradle.org/m2/commons-io/commons-io/2.4/commons-io-2.4.jar to /home/runner/.gradle/.tmp/gradle_download3867271207801856383bin
Downloading https://plugins.gradle.org/m2/org/ow2/asm/asm-commons/9.2/asm-commons-9.2.jar to /home/runner/.gradle/.tmp/gradle_download4903181857247769158bin
Downloading https://plugins.gradle.org/m2/org/ow2/asm/asm-util/9.2/asm-util-9.2.jar to /home/runner/.gradle/.tmp/gradle_download14269599839464002272bin
Downloading https://plugins.gradle.org/m2/org/ow2/asm/asm-analysis/9.2/asm-analysis-9.2.jar to /home/runner/.gradle/.tmp/gradle_download13374337299849541913bin
Downloading https://dl.google.com/dl/android/maven2/com/android/tools/dvlib/31.2.2/dvlib-31.2.2.jar to /home/runner/.gradle/.tmp/gradle_download15827112018332737011bin
Downloading https://plugins.gradle.org/m2/org/ow2/asm/asm-tree/9.2/asm-tree-9.2.jar to /home/runner/.gradle/.tmp/gradle_download3728387670821414829bin
Downloading https://plugins.gradle.org/m2/org/ow2/asm/asm/9.2/asm-9.2.jar to /home/runner/.gradle/.tmp/gradle_download2049531504224133792bin
Downloading https://dl.google.com/dl/android/maven2/com/android/tools/common/31.2.2/common-31.2.2.jar to /home/runner/.gradle/.tmp/gradle_download12608048135902336990bin
Downloading https://dl.google.com/dl/android/maven2/com/android/tools/build/jetifier/jetifier-processor/1.0.0-beta10/jetifier-processor-1.0.0-beta10.jar to /home/runner/.gradle/.tmp/gradle_download4663628641216208484bin
Downloading https://plugins.gradle.org/m2/org/bouncycastle/bcpkix-jdk15on/1.67/bcpkix-jdk15on-1.67.jar to /home/runner/.gradle/.tmp/gradle_download537702381299970021bin
Downloading https://plugins.gradle.org/m2/org/glassfish/jaxb/jaxb-runtime/2.3.2/jaxb-runtime-2.3.2.jar to /home/runner/.gradle/.tmp/gradle_download11794465567195325268bin
Downloading https://plugins.gradle.org/m2/net/sf/jopt-simple/jopt-simple/4.9/jopt-simple-4.9.jar to /home/runner/.gradle/.tmp/gradle_download15552731763299737975bin
Downloading https://plugins.gradle.org/m2/com/squareup/javapoet/1.10.0/javapoet-1.10.0.jar to /home/runner/.gradle/.tmp/gradle_download8296694689664805295bin
Downloading https://plugins.gradle.org/m2/com/google/protobuf/protobuf-java-util/3.19.3/protobuf-java-util-3.19.3.jar to /home/runner/.gradle/.tmp/gradle_download587511975824043635bin
Downloading https://plugins.gradle.org/m2/io/grpc/grpc-protobuf/1.45.1/grpc-protobuf-1.45.1.jar to /home/runner/.gradle/.tmp/gradle_download941859900596064097bin
Downloading https://plugins.gradle.org/m2/com/google/crypto/tink/tink/1.7.0/tink-1.7.0.jar to /home/runner/.gradle/.tmp/gradle_download9439925264660330000bin
Downloading https://dl.google.com/dl/android/maven2/com/android/tools/build/apkzlib/8.2.2/apkzlib-8.2.2.jar to /home/runner/.gradle/.tmp/gradle_download17752992427334298504bin
Downloading https://plugins.gradle.org/m2/com/google/api/grpc/proto-google-common-protos/2.0.1/proto-google-common-protos-2.0.1.jar to /home/runner/.gradle/.tmp/gradle_download5245320640852992026bin
Downloading https://plugins.gradle.org/m2/com/google/protobuf/protobuf-java/3.19.3/protobuf-java-3.19.3.jar to /home/runner/.gradle/.tmp/gradle_download17819460224733227367bin
Downloading https://dl.google.com/dl/android/maven2/com/android/tools/analytics-library/protos/31.2.2/protos-31.2.2.jar to /home/runner/.gradle/.tmp/gradle_download3584369140742062378bin
Downloading https://plugins.gradle.org/m2/io/grpc/grpc-netty/1.45.1/grpc-netty-1.45.1.jar to /home/runner/.gradle/.tmp/gradle_download12723350664077224238bin
Downloading https://plugins.gradle.org/m2/io/grpc/grpc-core/1.45.1/grpc-core-1.45.1.jar to /home/runner/.gradle/.tmp/gradle_download8870103375607104360bin
Downloading https://plugins.gradle.org/m2/com/google/code/gson/gson/2.10/gson-2.10.jar to /home/runner/.gradle/.tmp/gradle_download3958185958566064770bin
Downloading https://dl.google.com/dl/android/maven2/com/android/tools/build/jetifier/jetifier-core/1.0.0-beta10/jetifier-core-1.0.0-beta10.jar to /home/runner/.gradle/.tmp/gradle_download3754171869039933330bin
Downloading https://plugins.gradle.org/m2/io/grpc/grpc-stub/1.45.1/grpc-stub-1.45.1.jar to /home/runner/.gradle/.tmp/gradle_download2111563824190607779bin
Downloading https://plugins.gradle.org/m2/com/google/flatbuffers/flatbuffers-java/1.12.0/flatbuffers-java-1.12.0.jar to /home/runner/.gradle/.tmp/gradle_download9909651486875355437bin
Downloading https://plugins.gradle.org/m2/org/jetbrains/kotlin/kotlin-gradle-plugin-idea-proto/1.9.10/kotlin-gradle-plugin-idea-proto-1.9.10.jar to /home/runner/.gradle/.tmp/gradle_download9188888841399525270bin
Downloading https://plugins.gradle.org/m2/org/tensorflow/tensorflow-lite-metadata/0.1.0-rc2/tensorflow-lite-metadata-0.1.0-rc2.jar to /home/runner/.gradle/.tmp/gradle_download14584034720584038905bin
Downloading https://plugins.gradle.org/m2/org/jetbrains/kotlin/kotlin-gradle-plugin-idea/1.9.10/kotlin-gradle-plugin-idea-1.9.10.jar to /home/runner/.gradle/.tmp/gradle_download12170904103669035157bin
Downloading https://dl.google.com/dl/android/maven2/com/google/testing/platform/core-proto/0.0.8-alpha08/core-proto-0.0.8-alpha08.jar to /home/runner/.gradle/.tmp/gradle_download12807232749568563877bin
Downloading https://plugins.gradle.org/m2/org/jetbrains/kotlin/kotlin-project-model/1.9.10/kotlin-project-model-1.9.10.jar to /home/runner/.gradle/.tmp/gradle_download2928619677139207510bin
Downloading https://plugins.gradle.org/m2/org/jetbrains/kotlin/kotlin-tooling-core/1.9.10/kotlin-tooling-core-1.9.10.jar to /home/runner/.gradle/.tmp/gradle_download13998545851596171076bin
Downloading https://plugins.gradle.org/m2/org/jetbrains/kotlin/kotlin-klib-commonizer-api/1.9.10/kotlin-klib-commonizer-api-1.9.10.jar to /home/runner/.gradle/.tmp/gradle_download5706791807866602130bin
Downloading https://plugins.gradle.org/m2/org/jetbrains/kotlin/kotlin-native-utils/1.9.10/kotlin-native-utils-1.9.10.jar to /home/runner/.gradle/.tmp/gradle_download6194451784289541837bin
Downloading https://plugins.gradle.org/m2/org/jetbrains/kotlin/kotlin-build-tools-api/1.9.10/kotlin-build-tools-api-1.9.10.jar to /home/runner/.gradle/.tmp/gradle_download349640186082783165bin
Downloading https://plugins.gradle.org/m2/org/jetbrains/kotlin/kotlin-util-klib/1.9.10/kotlin-util-klib-1.9.10.jar to /home/runner/.gradle/.tmp/gradle_download8467243587184394469bin
Downloading https://plugins.gradle.org/m2/org/jetbrains/kotlin/kotlin-android-extensions/1.9.10/kotlin-android-extensions-1.9.10.jar to /home/runner/.gradle/.tmp/gradle_download4253012287430929557bin
Downloading https://plugins.gradle.org/m2/org/jetbrains/kotlin/kotlin-scripting-compiler-embeddable/1.9.10/kotlin-scripting-compiler-embeddable-1.9.10.jar to /home/runner/.gradle/.tmp/gradle_download17714047652329713865bin
Downloading https://plugins.gradle.org/m2/org/jetbrains/kotlin/kotlin-compiler-embeddable/1.9.10/kotlin-compiler-embeddable-1.9.10.jar to /home/runner/.gradle/.tmp/gradle_download6735959229488311881bin
Downloading https://plugins.gradle.org/m2/org/jetbrains/kotlin/kotlin-compiler-runner/1.9.10/kotlin-compiler-runner-1.9.10.jar to /home/runner/.gradle/.tmp/gradle_download462149861713026074bin
Downloading https://plugins.gradle.org/m2/org/jetbrains/kotlin/kotlin-scripting-compiler-impl-embeddable/1.9.10/kotlin-scripting-compiler-impl-embeddable-1.9.10.jar to /home/runner/.gradle/.tmp/gradle_download11349080243455398842bin
Downloading https://plugins.gradle.org/m2/com/google/jimfs/jimfs/1.1/jimfs-1.1.jar to /home/runner/.gradle/.tmp/gradle_download15208712492754628714bin
Downloading https://plugins.gradle.org/m2/io/grpc/grpc-protobuf-lite/1.45.1/grpc-protobuf-lite-1.45.1.jar to /home/runner/.gradle/.tmp/gradle_download18205769321805955483bin
Downloading https://plugins.gradle.org/m2/com/google/guava/guava/31.1-jre/guava-31.1-jre.jar to /home/runner/.gradle/.tmp/gradle_download6246966849015260668bin
Downloading https://plugins.gradle.org/m2/com/google/dagger/dagger/2.28.3/dagger-2.28.3.jar to /home/runner/.gradle/.tmp/gradle_download14441339370965384679bin
Downloading https://plugins.gradle.org/m2/io/grpc/grpc-api/1.45.1/grpc-api-1.45.1.jar to /home/runner/.gradle/.tmp/gradle_download16406899196728100762bin
Downloading https://plugins.gradle.org/m2/javax/inject/javax.inject/1/javax.inject-1.jar to /home/runner/.gradle/.tmp/gradle_download13391708539430770401bin
Downloading https://plugins.gradle.org/m2/net/sf/kxml/kxml2/2.3.0/kxml2-2.3.0.jar to /home/runner/.gradle/.tmp/gradle_download4638355465793677208bin
Downloading https://plugins.gradle.org/m2/org/bouncycastle/bcprov-jdk15on/1.67/bcprov-jdk15on-1.67.jar to /home/runner/.gradle/.tmp/gradle_download7770158060781137307bin
Downloading https://plugins.gradle.org/m2/org/jetbrains/intellij/deps/trove4j/1.0.20200330/trove4j-1.0.20200330.jar to /home/runner/.gradle/.tmp/gradle_download12758747657897151566bin
Downloading https://plugins.gradle.org/m2/org/jetbrains/kotlin/kotlin-reflect/1.9.0/kotlin-reflect-1.9.0.jar to /home/runner/.gradle/.tmp/gradle_download11314064670464623705bin
Downloading https://plugins.gradle.org/m2/xerces/xercesImpl/2.12.0/xercesImpl-2.12.0.jar to /home/runner/.gradle/.tmp/gradle_download11118841638773019204bin
Downloading https://plugins.gradle.org/m2/org/apache/commons/commons-compress/1.21/commons-compress-1.21.jar to /home/runner/.gradle/.tmp/gradle_download5238613313120055341bin
Downloading https://plugins.gradle.org/m2/org/apache/httpcomponents/httpclient/4.5.14/httpclient-4.5.14.jar to /home/runner/.gradle/.tmp/gradle_download9943632207209433943bin
Downloading https://plugins.gradle.org/m2/org/apache/httpcomponents/httpcore/4.4.16/httpcore-4.4.16.jar to /home/runner/.gradle/.tmp/gradle_download14815852486472889616bin
Downloading https://plugins.gradle.org/m2/com/sun/activation/javax.activation/1.2.0/javax.activation-1.2.0.jar to /home/runner/.gradle/.tmp/gradle_download5215689909963924848bin
Downloading https://plugins.gradle.org/m2/org/jetbrains/kotlin/kotlin-stdlib-jdk7/1.9.0/kotlin-stdlib-jdk7-1.9.0.jar to /home/runner/.gradle/.tmp/gradle_download4004176333860872639bin
Downloading https://plugins.gradle.org/m2/org/jetbrains/annotations/13.0/annotations-13.0.jar to /home/runner/.gradle/.tmp/gradle_download15192673047445440009bin
Downloading https://plugins.gradle.org/m2/org/jetbrains/kotlin/kotlin-stdlib/1.9.0/kotlin-stdlib-1.9.0.jar to /home/runner/.gradle/.tmp/gradle_download3206671200783493098bin
Downloading https://dl.google.com/dl/android/maven2/com/android/signflinger/8.2.2/signflinger-8.2.2.jar to /home/runner/.gradle/.tmp/gradle_download10079109985156549820bin
Downloading https://plugins.gradle.org/m2/net/java/dev/jna/jna-platform/5.6.0/jna-platform-5.6.0.jar to /home/runner/.gradle/.tmp/gradle_download6310759806724500258bin
Downloading https://dl.google.com/dl/android/maven2/com/android/zipflinger/8.2.2/zipflinger-8.2.2.jar to /home/runner/.gradle/.tmp/gradle_download10644350482245273589bin
Downloading https://dl.google.com/dl/android/maven2/com/android/tools/annotations/31.2.2/annotations-31.2.2.jar to /home/runner/.gradle/.tmp/gradle_download13160746640069848268bin
Downloading https://plugins.gradle.org/m2/javax/annotation/javax.annotation-api/1.3.2/javax.annotation-api-1.3.2.jar to /home/runner/.gradle/.tmp/gradle_download362926881804393664bin
Downloading https://plugins.gradle.org/m2/com/googlecode/juniversalchardet/juniversalchardet/1.0.3/juniversalchardet-1.0.3.jar to /home/runner/.gradle/.tmp/gradle_download18198559940381306870bin
Downloading https://plugins.gradle.org/m2/org/jvnet/staxex/stax-ex/1.8.1/stax-ex-1.8.1.jar to /home/runner/.gradle/.tmp/gradle_download12107624258327244373bin
Downloading https://plugins.gradle.org/m2/jakarta/xml/bind/jakarta.xml.bind-api/2.3.2/jakarta.xml.bind-api-2.3.2.jar to /home/runner/.gradle/.tmp/gradle_download15481890360934597822bin
Downloading https://plugins.gradle.org/m2/com/sun/istack/istack-commons-runtime/3.0.8/istack-commons-runtime-3.0.8.jar to /home/runner/.gradle/.tmp/gradle_download7366945234241588286bin
Downloading https://plugins.gradle.org/m2/org/glassfish/jaxb/txw2/2.3.2/txw2-2.3.2.jar to /home/runner/.gradle/.tmp/gradle_download2198584557373627750bin
Downloading https://plugins.gradle.org/m2/com/sun/xml/fastinfoset/FastInfoset/1.2.16/FastInfoset-1.2.16.jar to /home/runner/.gradle/.tmp/gradle_download12157258432048293165bin
Downloading https://plugins.gradle.org/m2/jakarta/activation/jakarta.activation-api/1.2.1/jakarta.activation-api-1.2.1.jar to /home/runner/.gradle/.tmp/gradle_download14770139078237478767bin
Downloading https://plugins.gradle.org/m2/com/google/errorprone/error_prone_annotations/2.11.0/error_prone_annotations-2.11.0.jar to /home/runner/.gradle/.tmp/gradle_download736244970859393567bin
Downloading https://plugins.gradle.org/m2/com/google/auto/value/auto-value-annotations/1.6.2/auto-value-annotations-1.6.2.jar to /home/runner/.gradle/.tmp/gradle_download1328309181978251263bin
Downloading https://plugins.gradle.org/m2/org/bitbucket/b_c/jose4j/0.7.0/jose4j-0.7.0.jar to /home/runner/.gradle/.tmp/gradle_download10167947833532721214bin
Downloading https://plugins.gradle.org/m2/org/jdom/jdom2/2.0.6/jdom2-2.0.6.jar to /home/runner/.gradle/.tmp/gradle_download9578732540933106123bin
Downloading https://plugins.gradle.org/m2/org/slf4j/slf4j-api/1.7.30/slf4j-api-1.7.30.jar to /home/runner/.gradle/.tmp/gradle_download2441017174015478877bin
Downloading https://plugins.gradle.org/m2/com/google/j2objc/j2objc-annotations/1.3/j2objc-annotations-1.3.jar to /home/runner/.gradle/.tmp/gradle_download11013624917021971507bin
Downloading https://plugins.gradle.org/m2/com/google/code/findbugs/jsr305/3.0.2/jsr305-3.0.2.jar to /home/runner/.gradle/.tmp/gradle_download10126462489224239702bin
Downloading https://plugins.gradle.org/m2/com/google/android/annotations/4.1.1.4/annotations-4.1.1.4.jar to /home/runner/.gradle/.tmp/gradle_download12694683179853352984bin
Downloading https://plugins.gradle.org/m2/io/netty/netty-handler-proxy/4.1.72.Final/netty-handler-proxy-4.1.72.Final.jar to /home/runner/.gradle/.tmp/gradle_download13628576409213652700bin
Downloading https://plugins.gradle.org/m2/org/codehaus/mojo/animal-sniffer-annotations/1.19/animal-sniffer-annotations-1.19.jar to /home/runner/.gradle/.tmp/gradle_download13699944471803849723bin
Downloading https://plugins.gradle.org/m2/io/perfmark/perfmark-api/0.23.0/perfmark-api-0.23.0.jar to /home/runner/.gradle/.tmp/gradle_download1383120827688544752bin
Downloading https://plugins.gradle.org/m2/org/checkerframework/checker-qual/3.12.0/checker-qual-3.12.0.jar to /home/runner/.gradle/.tmp/gradle_download5252455319662370130bin
Downloading https://plugins.gradle.org/m2/io/netty/netty-codec-http2/4.1.72.Final/netty-codec-http2-4.1.72.Final.jar to /home/runner/.gradle/.tmp/gradle_download16283715809711685852bin
Downloading https://plugins.gradle.org/m2/commons-codec/commons-codec/1.11/commons-codec-1.11.jar to /home/runner/.gradle/.tmp/gradle_download10891458068852622398bin
Downloading https://plugins.gradle.org/m2/com/squareup/javawriter/2.5.0/javawriter-2.5.0.jar to /home/runner/.gradle/.tmp/gradle_download12034449762096085856bin
Downloading https://plugins.gradle.org/m2/org/jetbrains/kotlin/kotlin-gradle-plugin-annotations/1.9.10/kotlin-gradle-plugin-annotations-1.9.10.jar to /home/runner/.gradle/.tmp/gradle_download6503730859919203171bin
Downloading https://plugins.gradle.org/m2/org/jetbrains/kotlin/kotlin-util-io/1.9.10/kotlin-util-io-1.9.10.jar to /home/runner/.gradle/.tmp/gradle_download3344290014397045101bin
Downloading https://plugins.gradle.org/m2/org/jetbrains/kotlin/kotlin-daemon-embeddable/1.9.10/kotlin-daemon-embeddable-1.9.10.jar to /home/runner/.gradle/.tmp/gradle_download8828903253998941325bin
Downloading https://plugins.gradle.org/m2/org/jetbrains/kotlin/kotlin-daemon-client/1.9.10/kotlin-daemon-client-1.9.10.jar to /home/runner/.gradle/.tmp/gradle_download7165688099743079104bin
Downloading https://plugins.gradle.org/m2/org/jetbrains/kotlinx/kotlinx-coroutines-core-jvm/1.5.0/kotlinx-coroutines-core-jvm-1.5.0.jar to /home/runner/.gradle/.tmp/gradle_download11692449944029223541bin
Downloading https://plugins.gradle.org/m2/org/jetbrains/kotlin/kotlin-scripting-jvm/1.9.10/kotlin-scripting-jvm-1.9.10.jar to /home/runner/.gradle/.tmp/gradle_download3215612511586619598bin
Downloading https://plugins.gradle.org/m2/org/jetbrains/kotlin/kotlin-scripting-common/1.9.10/kotlin-scripting-common-1.9.10.jar to /home/runner/.gradle/.tmp/gradle_download3123188250567643053bin
Downloading https://dl.google.com/dl/android/maven2/com/android/tools/build/apksig/8.2.2/apksig-8.2.2.jar to /home/runner/.gradle/.tmp/gradle_download13267396331268711964bin
Downloading https://plugins.gradle.org/m2/xml-apis/xml-apis/1.4.01/xml-apis-1.4.01.jar to /home/runner/.gradle/.tmp/gradle_download17266203377263088554bin
Downloading https://plugins.gradle.org/m2/com/google/guava/listenablefuture/9999.0-empty-to-avoid-conflict-with-guava/listenablefuture-9999.0-empty-to-avoid-conflict-with-guava.jar to /home/runner/.gradle/.tmp/gradle_download2042025264370441501bin
Downloading https://plugins.gradle.org/m2/commons-logging/commons-logging/1.2/commons-logging-1.2.jar to /home/runner/.gradle/.tmp/gradle_download9321438796042508701bin
Downloading https://plugins.gradle.org/m2/com/google/guava/failureaccess/1.0.1/failureaccess-1.0.1.jar to /home/runner/.gradle/.tmp/gradle_download7067167587025224945bin
Downloading https://plugins.gradle.org/m2/net/java/dev/jna/jna/5.6.0/jna-5.6.0.jar to /home/runner/.gradle/.tmp/gradle_download3923418617455206025bin
Downloading https://plugins.gradle.org/m2/org/jetbrains/kotlin/kotlin-stdlib-common/1.9.0/kotlin-stdlib-common-1.9.0.jar to /home/runner/.gradle/.tmp/gradle_download5185842097434883804bin
Downloading https://plugins.gradle.org/m2/io/grpc/grpc-context/1.45.1/grpc-context-1.45.1.jar to /home/runner/.gradle/.tmp/gradle_download10667807796026150171bin
Downloading https://plugins.gradle.org/m2/io/netty/netty-handler/4.1.72.Final/netty-handler-4.1.72.Final.jar to /home/runner/.gradle/.tmp/gradle_download3369287368712538579bin
Downloading https://plugins.gradle.org/m2/io/netty/netty-codec-http/4.1.72.Final/netty-codec-http-4.1.72.Final.jar to /home/runner/.gradle/.tmp/gradle_download2398402434995345335bin
Downloading https://plugins.gradle.org/m2/io/netty/netty-codec/4.1.72.Final/netty-codec-4.1.72.Final.jar to /home/runner/.gradle/.tmp/gradle_download9304036016093772122bin
Downloading https://plugins.gradle.org/m2/io/netty/netty-codec-socks/4.1.72.Final/netty-codec-socks-4.1.72.Final.jar to /home/runner/.gradle/.tmp/gradle_download10253606792866566634bin
Downloading https://plugins.gradle.org/m2/io/netty/netty-transport/4.1.72.Final/netty-transport-4.1.72.Final.jar to /home/runner/.gradle/.tmp/gradle_download12805287276811796291bin
Downloading https://plugins.gradle.org/m2/io/netty/netty-resolver/4.1.72.Final/netty-resolver-4.1.72.Final.jar to /home/runner/.gradle/.tmp/gradle_download1409321721234858276bin
Downloading https://plugins.gradle.org/m2/io/netty/netty-buffer/4.1.72.Final/netty-buffer-4.1.72.Final.jar to /home/runner/.gradle/.tmp/gradle_download14918812456115732013bin
Downloading https://plugins.gradle.org/m2/io/netty/netty-common/4.1.72.Final/netty-common-4.1.72.Final.jar to /home/runner/.gradle/.tmp/gradle_download12020260328119134243bin
Downloading https://plugins.gradle.org/m2/io/netty/netty-tcnative-classes/2.0.46.Final/netty-tcnative-classes-2.0.46.Final.jar to /home/runner/.gradle/.tmp/gradle_download6368567258252585394bin
Compiling build file '/home/runner/work/Packaging-warehouse/Packaging-warehouse/build.gradle' using BuildScriptTransformer.

> Configure project :app
Evaluating project ':app' using build file '/home/runner/work/Packaging-warehouse/Packaging-warehouse/app/build.gradle'.
Compiling build file '/home/runner/work/Packaging-warehouse/Packaging-warehouse/app/build.gradle' using SubsetScriptTransformer.
Using default execution profile
Using Kotlin Gradle Plugin gradle81 variant
Compiling build file '/home/runner/work/Packaging-warehouse/Packaging-warehouse/app/build.gradle' using BuildScriptTransformer.
