Downloading https://services.gradle.org/distributions/gradle-8.2.1-all.zip
..................10%..................20%...................30%..................40%...................50%..................60%..................70%...................80%..................90%...................100%
Initialized native services in: /home/runner/.gradle/native
Initialized jansi services in: /home/runner/.gradle/native

Welcome to Gradle 8.2.1!

Here are the highlights of this release:
 - Kotlin DSL: new reference documentation, assignment syntax by default
 - Kotlin DSL is now the default with Gradle init
 - Improved suggestions to resolve errors in console output
 - Reduced sync memory consumption

For more details see https://docs.gradle.org/8.2.1/release-notes.html

Received JVM installation metadata from '/usr/lib/jvm/temurin-17-jdk-amd64': {JAVA_HOME=/usr/lib/jvm/temurin-17-jdk-amd64, JAVA_VERSION=17.0.16, JAVA_VENDOR=Eclipse Adoptium, RUNTIME_NAME=OpenJDK Runtime Environment, RUNTIME_VERSION=17.0.16+8, VM_NAME=OpenJDK 64-Bit Server VM, VM_VERSION=17.0.16+8, VM_VENDOR=Eclipse Adoptium, OS_ARCH=amd64}
Removing 0 daemon stop events from registry
Starting a Gradle Daemon (subsequent builds will be faster)
Starting process 'Gradle build daemon'. Working directory: /home/runner/.gradle/daemon/8.2.1 Command: /usr/lib/jvm/temurin-17-jdk-amd64/bin/java --add-opens=java.base/java.util=ALL-UNNAMED --add-opens=java.base/java.lang=ALL-UNNAMED --add-opens=java.base/java.lang.invoke=ALL-UNNAMED --add-opens=java.prefs/java.util.prefs=ALL-UNNAMED --add-opens=java.base/java.nio.charset=ALL-UNNAMED --add-opens=java.base/java.net=ALL-UNNAMED --add-opens=java.base/java.util.concurrent.atomic=ALL-UNNAMED -Xmx2048m -Dfile.encoding=UTF-8 -Duser.country -Duser.language=en -Duser.variant -cp /home/runner/.gradle/wrapper/dists/gradle-8.2.1-all/d8pvvlun5bx6sdtwqhf8y9z4b/gradle-8.2.1/lib/gradle-launcher-8.2.1.jar -javaagent:/home/runner/.gradle/wrapper/dists/gradle-8.2.1-all/d8pvvlun5bx6sdtwqhf8y9z4b/gradle-8.2.1/lib/agents/gradle-instrumentation-agent-8.2.1.jar org.gradle.launcher.daemon.bootstrap.GradleDaemon 8.2.1
Successfully started process 'Gradle build daemon'
An attempt to start the daemon took 1.182 secs.
The client will now receive all logging from the daemon (pid: 2128). The daemon log file: /home/runner/.gradle/daemon/8.2.1/daemon-2128.out.log
Starting build in new daemon [memory: 2 GiB]
Closing daemon's stdin at end of input.
The daemon will no longer process any standard input.
Using 4 worker leases.
Received JVM installation metadata from '/usr/lib/jvm/temurin-17-jdk-amd64': {JAVA_HOME=/usr/lib/jvm/temurin-17-jdk-amd64, JAVA_VERSION=17.0.16, JAVA_VENDOR=Eclipse Adoptium, RUNTIME_NAME=OpenJDK Runtime Environment, RUNTIME_VERSION=17.0.16+8, VM_NAME=OpenJDK 64-Bit Server VM, VM_VERSION=17.0.16+8, VM_VENDOR=Eclipse Adoptium, OS_ARCH=amd64}
Watching the file system is configured to be enabled if available
Now considering [/home/runner/work/Packaging-warehouse/Packaging-warehouse] as hierarchies to watch
File system watching is active
Compiling initialization script '/home/runner/.gradle/init.d/gradle-actions.build-result-capture.init.gradle' using SubsetScriptTransformer.
Compiling initialization script '/home/runner/.gradle/init.d/gradle-actions.build-result-capture.init.gradle' using BuildScriptTransformer.
Compiling initialization script '/home/runner/.gradle/init.d/gradle-actions.github-dependency-graph.init.gradle' using SubsetScriptTransformer.
Compiling initialization script '/home/runner/.gradle/init.d/gradle-actions.github-dependency-graph.init.gradle' using BuildScriptTransformer.
Compiling initialization script '/home/runner/.gradle/init.d/gradle-actions.inject-develocity.init.gradle' using SubsetScriptTransformer.
Compiling initialization script '/home/runner/.gradle/init.d/gradle-actions.inject-develocity.init.gradle' using BuildScriptTransformer.
Starting Build
Compiling settings file '/home/runner/work/Packaging-warehouse/Packaging-warehouse/settings.gradle' using SubsetScriptTransformer.
Compiling settings file '/home/runner/work/Packaging-warehouse/Packaging-warehouse/settings.gradle' using BuildScriptTransformer.
Settings evaluated using settings file '/home/runner/work/Packaging-warehouse/Packaging-warehouse/settings.gradle'.
Compiling script '/home/runner/.gradle/init.d/gradle-actions.build-result-capture-service.plugin.groovy' using SubsetScriptTransformer.
Compiling script '/home/runner/.gradle/init.d/gradle-actions.build-result-capture-service.plugin.groovy' using BuildScriptTransformer.
Projects loaded. Root project using build file '/home/runner/work/Packaging-warehouse/Packaging-warehouse/build.gradle'.
Included projects: [root project 'NDJCApp', project ':app']

> Configure project :
Evaluating root project 'NDJCApp' using build file '/home/runner/work/Packaging-warehouse/Packaging-warehouse/build.gradle'.
Compiling build file '/home/runner/work/Packaging-warehouse/Packaging-warehouse/build.gradle' using SubsetScriptTransformer.
The configuration detachedConfiguration1 is both resolvable and consumable. This is considered a legacy configuration and it will eventually only be possible to be one of these.
The configuration detachedConfiguration1 is both consumable and declarable. This combination is incorrect, only one of these flags should be set.
The configuration detachedConfiguration1 is both resolvable and consumable. This is considered a legacy configuration and it will eventually only be possible to be one of these.
The configuration detachedConfiguration1 is both consumable and declarable. This combination is incorrect, only one of these flags should be set.
Resource missing. [HTTP GET: https://repo.maven.apache.org/maven2/com/android/application/com.android.application.gradle.plugin/8.2.2/com.android.application.gradle.plugin-8.2.2.pom]
Downloading https://dl.google.com/dl/android/maven2/com/android/application/com.android.application.gradle.plugin/8.2.2/com.android.application.gradle.plugin-8.2.2.pom to /home/runner/.gradle/.tmp/gradle_download4943542333109000224bin
The configuration detachedConfiguration2 is both resolvable and consumable. This is considered a legacy configuration and it will eventually only be possible to be one of these.
The configuration detachedConfiguration2 is both consumable and declarable. This combination is incorrect, only one of these flags should be set.
The configuration detachedConfiguration2 is both resolvable and consumable. This is considered a legacy configuration and it will eventually only be possible to be one of these.
The configuration detachedConfiguration2 is both consumable and declarable. This combination is incorrect, only one of these flags should be set.
Downloading https://plugins.gradle.org/m2/org/jetbrains/kotlin/android/org.jetbrains.kotlin.android.gradle.plugin/1.9.10/org.jetbrains.kotlin.android.gradle.plugin-1.9.10.pom to /home/runner/.gradle/.tmp/gradle_download3867915375718368814bin
The configuration :classpath is both resolvable and consumable. This is considered a legacy configuration and it will eventually only be possible to be one of these.
The configuration :classpath is both consumable and declarable. This combination is incorrect, only one of these flags should be set.
The configuration :classpath is both resolvable and consumable. This is considered a legacy configuration and it will eventually only be possible to be one of these.
The configuration :classpath is both consumable and declarable. This combination is incorrect, only one of these flags should be set.
Resource missing. [HTTP GET: https://repo.maven.apache.org/maven2/com/android/tools/build/gradle/8.2.2/gradle-8.2.2.pom]
Downloading https://dl.google.com/dl/android/maven2/com/android/tools/build/gradle/8.2.2/gradle-8.2.2.pom to /home/runner/.gradle/.tmp/gradle_download9051169395807004613bin
Downloading https://dl.google.com/dl/android/maven2/com/android/tools/build/gradle/8.2.2/gradle-8.2.2.module to /home/runner/.gradle/.tmp/gradle_download2516968564450778997bin
Downloading https://plugins.gradle.org/m2/org/jetbrains/kotlin/kotlin-gradle-plugin/1.9.10/kotlin-gradle-plugin-1.9.10.pom to /home/runner/.gradle/.tmp/gradle_download15390879090845495706bin
Downloading https://plugins.gradle.org/m2/org/jetbrains/kotlin/kotlin-gradle-plugins-bom/1.9.10/kotlin-gradle-plugins-bom-1.9.10.pom to /home/runner/.gradle/.tmp/gradle_download1493953661241531596bin
Downloading https://plugins.gradle.org/m2/org/jetbrains/kotlin/kotlin-gradle-plugins-bom/1.9.10/kotlin-gradle-plugins-bom-1.9.10.module to /home/runner/.gradle/.tmp/gradle_download3270726458220036452bin
Downloading https://plugins.gradle.org/m2/org/jetbrains/kotlin/kotlin-gradle-plugin/1.9.10/kotlin-gradle-plugin-1.9.10.module to /home/runner/.gradle/.tmp/gradle_download1432446203183886677bin
Resource missing. [HTTP GET: https://repo.maven.apache.org/maven2/com/android/tools/sdklib/31.2.2/sdklib-31.2.2.pom]
Resource missing. [HTTP GET: https://repo.maven.apache.org/maven2/com/android/tools/build/gradle-settings-api/8.2.2/gradle-settings-api-8.2.2.pom]
Resource missing. [HTTP GET: https://repo.maven.apache.org/maven2/com/android/tools/repository/31.2.2/repository-31.2.2.pom]
Resource missing. [HTTP GET: https://repo.maven.apache.org/maven2/com/android/tools/sdk-common/31.2.2/sdk-common-31.2.2.pom]
Downloading https://dl.google.com/dl/android/maven2/com/android/tools/sdklib/31.2.2/sdklib-31.2.2.pom to /home/runner/.gradle/.tmp/gradle_download3917363120451155498bin
Downloading https://dl.google.com/dl/android/maven2/com/android/tools/repository/31.2.2/repository-31.2.2.pom to /home/runner/.gradle/.tmp/gradle_download7051707745833503486bin
Resource missing. [HTTP GET: https://repo.maven.apache.org/maven2/com/android/tools/ddms/ddmlib/31.2.2/ddmlib-31.2.2.pom]
Downloading https://dl.google.com/dl/android/maven2/com/android/tools/build/gradle-settings-api/8.2.2/gradle-settings-api-8.2.2.pom to /home/runner/.gradle/.tmp/gradle_download13780588805074662629bin
Resource missing. [HTTP GET: https://repo.maven.apache.org/maven2/com/android/tools/build/aapt2-proto/8.2.2-10154469/aapt2-proto-8.2.2-10154469.pom]
Downloading https://dl.google.com/dl/android/maven2/com/android/tools/sdk-common/31.2.2/sdk-common-31.2.2.pom to /home/runner/.gradle/.tmp/gradle_download17816780484726797811bin
Resource missing. [HTTP GET: https://repo.maven.apache.org/maven2/com/android/tools/build/aaptcompiler/8.2.2/aaptcompiler-8.2.2.pom]
Downloading https://dl.google.com/dl/android/maven2/com/android/tools/build/gradle-settings-api/8.2.2/gradle-settings-api-8.2.2.module to /home/runner/.gradle/.tmp/gradle_download8676745396642080000bin
Resource missing. [HTTP GET: https://repo.maven.apache.org/maven2/com/android/tools/analytics-library/crash/31.2.2/crash-31.2.2.pom]
Downloading https://dl.google.com/dl/android/maven2/com/android/tools/build/aapt2-proto/8.2.2-10154469/aapt2-proto-8.2.2-10154469.pom to /home/runner/.gradle/.tmp/gradle_download16638859588301083320bin
Downloading https://dl.google.com/dl/android/maven2/com/android/tools/build/aaptcompiler/8.2.2/aaptcompiler-8.2.2.pom to /home/runner/.gradle/.tmp/gradle_download9563735137275216981bin
Downloading https://dl.google.com/dl/android/maven2/com/android/tools/build/aaptcompiler/8.2.2/aaptcompiler-8.2.2.module to /home/runner/.gradle/.tmp/gradle_download14867714920956374692bin
Downloading https://dl.google.com/dl/android/maven2/com/android/tools/analytics-library/crash/31.2.2/crash-31.2.2.pom to /home/runner/.gradle/.tmp/gradle_download2807935816557015930bin
Downloading https://dl.google.com/dl/android/maven2/com/android/tools/build/aapt2-proto/8.2.2-10154469/aapt2-proto-8.2.2-10154469.module to /home/runner/.gradle/.tmp/gradle_download2136225236830392411bin
Downloading https://dl.google.com/dl/android/maven2/com/android/tools/ddms/ddmlib/31.2.2/ddmlib-31.2.2.pom to /home/runner/.gradle/.tmp/gradle_download7476510552299839710bin
Resource missing. [HTTP GET: https://repo.maven.apache.org/maven2/com/android/tools/analytics-library/shared/31.2.2/shared-31.2.2.pom]
Resource missing. [HTTP GET: https://repo.maven.apache.org/maven2/com/android/tools/lint/lint-model/31.2.2/lint-model-31.2.2.pom]
Resource missing. [HTTP GET: https://repo.maven.apache.org/maven2/com/android/tools/lint/lint-typedef-remover/31.2.2/lint-typedef-remover-31.2.2.pom]
Resource missing. [HTTP GET: https://repo.maven.apache.org/maven2/androidx/databinding/databinding-compiler-common/8.2.2/databinding-compiler-common-8.2.2.pom]
Downloading https://dl.google.com/dl/android/maven2/com/android/tools/analytics-library/shared/31.2.2/shared-31.2.2.pom to /home/runner/.gradle/.tmp/gradle_download6698027776029422920bin
Resource missing. [HTTP GET: https://repo.maven.apache.org/maven2/androidx/databinding/databinding-common/8.2.2/databinding-common-8.2.2.pom]
Downloading https://dl.google.com/dl/android/maven2/com/android/tools/lint/lint-typedef-remover/31.2.2/lint-typedef-remover-31.2.2.pom to /home/runner/.gradle/.tmp/gradle_download12789229234879373117bin
Resource missing. [HTTP GET: https://repo.maven.apache.org/maven2/com/android/databinding/baseLibrary/8.2.2/baseLibrary-8.2.2.pom]
Downloading https://dl.google.com/dl/android/maven2/com/android/tools/lint/lint-model/31.2.2/lint-model-31.2.2.pom to /home/runner/.gradle/.tmp/gradle_download17318754122448748047bin
Downloading https://dl.google.com/dl/android/maven2/androidx/databinding/databinding-compiler-common/8.2.2/databinding-compiler-common-8.2.2.pom to /home/runner/.gradle/.tmp/gradle_download455401003115205899bin
Resource missing. [HTTP GET: https://repo.maven.apache.org/maven2/com/android/tools/build/builder-test-api/8.2.2/builder-test-api-8.2.2.pom]
Resource missing. [HTTP GET: https://repo.maven.apache.org/maven2/com/android/tools/layoutlib/layoutlib-api/31.2.2/layoutlib-api-31.2.2.pom]
Downloading https://dl.google.com/dl/android/maven2/com/android/tools/layoutlib/layoutlib-api/31.2.2/layoutlib-api-31.2.2.pom to /home/runner/.gradle/.tmp/gradle_download11362834655409953298bin
Resource missing. [HTTP GET: https://repo.maven.apache.org/maven2/com/android/tools/utp/android-device-provider-ddmlib-proto/31.2.2/android-device-provider-ddmlib-proto-31.2.2.pom]
Downloading https://dl.google.com/dl/android/maven2/com/android/tools/build/builder-test-api/8.2.2/builder-test-api-8.2.2.pom to /home/runner/.gradle/.tmp/gradle_download16130955317975678982bin
Downloading https://dl.google.com/dl/android/maven2/com/android/databinding/baseLibrary/8.2.2/baseLibrary-8.2.2.pom to /home/runner/.gradle/.tmp/gradle_download9541861062491861086bin
Downloading https://dl.google.com/dl/android/maven2/androidx/databinding/databinding-common/8.2.2/databinding-common-8.2.2.pom to /home/runner/.gradle/.tmp/gradle_download3605436482160600489bin
Resource missing. [HTTP GET: https://repo.maven.apache.org/maven2/com/android/tools/utp/android-device-provider-gradle-proto/31.2.2/android-device-provider-gradle-proto-31.2.2.pom]
Resource missing. [HTTP GET: https://repo.maven.apache.org/maven2/com/android/tools/utp/android-test-plugin-host-additional-test-output-proto/31.2.2/android-test-plugin-host-additional-test-output-proto-31.2.2.pom]
Downloading https://dl.google.com/dl/android/maven2/com/android/tools/utp/android-device-provider-gradle-proto/31.2.2/android-device-provider-gradle-proto-31.2.2.pom to /home/runner/.gradle/.tmp/gradle_download11791075690879230891bin
Resource missing. [HTTP GET: https://repo.maven.apache.org/maven2/com/android/tools/utp/android-test-plugin-host-coverage-proto/31.2.2/android-test-plugin-host-coverage-proto-31.2.2.pom]
Downloading https://dl.google.com/dl/android/maven2/com/android/tools/utp/android-test-plugin-host-additional-test-output-proto/31.2.2/android-test-plugin-host-additional-test-output-proto-31.2.2.pom to /home/runner/.gradle/.tmp/gradle_download4086271448519599302bin
Resource missing. [HTTP GET: https://repo.maven.apache.org/maven2/com/android/tools/utp/android-test-plugin-host-emulator-control-proto/31.2.2/android-test-plugin-host-emulator-control-proto-31.2.2.pom]
Downloading https://dl.google.com/dl/android/maven2/com/android/tools/build/builder-test-api/8.2.2/builder-test-api-8.2.2.module to /home/runner/.gradle/.tmp/gradle_download18297716185890611053bin
Resource missing. [HTTP GET: https://repo.maven.apache.org/maven2/com/android/tools/utp/android-test-plugin-host-logcat-proto/31.2.2/android-test-plugin-host-logcat-proto-31.2.2.pom]
Downloading https://dl.google.com/dl/android/maven2/com/android/tools/utp/android-device-provider-ddmlib-proto/31.2.2/android-device-provider-ddmlib-proto-31.2.2.pom to /home/runner/.gradle/.tmp/gradle_download14451250178075055370bin
Resource missing. [HTTP GET: https://repo.maven.apache.org/maven2/com/android/tools/utp/android-test-plugin-host-apk-installer-proto/31.2.2/android-test-plugin-host-apk-installer-proto-31.2.2.pom]
Downloading https://dl.google.com/dl/android/maven2/com/android/tools/utp/android-test-plugin-host-logcat-proto/31.2.2/android-test-plugin-host-logcat-proto-31.2.2.pom to /home/runner/.gradle/.tmp/gradle_download1896942547204324564bin
Resource missing. [HTTP GET: https://repo.maven.apache.org/maven2/com/android/tools/utp/android-test-plugin-host-retention-proto/31.2.2/android-test-plugin-host-retention-proto-31.2.2.pom]
Downloading https://dl.google.com/dl/android/maven2/com/android/tools/utp/android-test-plugin-host-apk-installer-proto/31.2.2/android-test-plugin-host-apk-installer-proto-31.2.2.pom to /home/runner/.gradle/.tmp/gradle_download9883069374360988925bin
Resource missing. [HTTP GET: https://repo.maven.apache.org/maven2/com/android/tools/utp/android-test-plugin-result-listener-gradle-proto/31.2.2/android-test-plugin-result-listener-gradle-proto-31.2.2.pom]
Downloading https://dl.google.com/dl/android/maven2/com/android/tools/utp/android-test-plugin-host-emulator-control-proto/31.2.2/android-test-plugin-host-emulator-control-proto-31.2.2.pom to /home/runner/.gradle/.tmp/gradle_download14948544246831176898bin
Downloading https://plugins.gradle.org/m2/org/jetbrains/kotlin/kotlin-stdlib-jdk8/1.9.0/kotlin-stdlib-jdk8-1.9.0.pom to /home/runner/.gradle/.tmp/gradle_download2099676288654561090bin
Downloading https://plugins.gradle.org/m2/com/android/tools/build/transform-api/2.0.0-deprecated-use-gradle-api/transform-api-2.0.0-deprecated-use-gradle-api.pom to /home/runner/.gradle/.tmp/gradle_download7399375966859301861bin
Downloading https://plugins.gradle.org/m2/org/apache/httpcomponents/httpmime/4.5.6/httpmime-4.5.6.pom to /home/runner/.gradle/.tmp/gradle_download2204363366454209167bin
Downloading https://dl.google.com/dl/android/maven2/com/android/tools/utp/android-test-plugin-host-coverage-proto/31.2.2/android-test-plugin-host-coverage-proto-31.2.2.pom to /home/runner/.gradle/.tmp/gradle_download6385647680220422157bin
Downloading https://plugins.gradle.org/m2/org/apache/httpcomponents/httpcomponents-client/4.5.6/httpcomponents-client-4.5.6.pom to /home/runner/.gradle/.tmp/gradle_download17672443499058950498bin
Downloading https://plugins.gradle.org/m2/commons-io/commons-io/2.4/commons-io-2.4.pom to /home/runner/.gradle/.tmp/gradle_download12937111245969717287bin
Downloading https://plugins.gradle.org/m2/org/apache/httpcomponents/httpcomponents-parent/10/httpcomponents-parent-10.pom to /home/runner/.gradle/.tmp/gradle_download12655461332185617036bin
Downloading https://plugins.gradle.org/m2/org/apache/commons/commons-parent/25/commons-parent-25.pom to /home/runner/.gradle/.tmp/gradle_download9382533128214685505bin
Downloading https://plugins.gradle.org/m2/org/apache/apache/18/apache-18.pom to /home/runner/.gradle/.tmp/gradle_download3557688561195704871bin
Downloading https://plugins.gradle.org/m2/org/apache/apache/9/apache-9.pom to /home/runner/.gradle/.tmp/gradle_download16450575874692239074bin
Downloading https://plugins.gradle.org/m2/org/ow2/asm/asm/9.2/asm-9.2.pom to /home/runner/.gradle/.tmp/gradle_download7737374822662489280bin
Downloading https://plugins.gradle.org/m2/org/ow2/asm/asm-analysis/9.2/asm-analysis-9.2.pom to /home/runner/.gradle/.tmp/gradle_download15654130768094976467bin
Downloading https://plugins.gradle.org/m2/org/ow2/ow2/1.5/ow2-1.5.pom to /home/runner/.gradle/.tmp/gradle_download16055484590118796261bin
Downloading https://plugins.gradle.org/m2/org/ow2/asm/asm-commons/9.2/asm-commons-9.2.pom to /home/runner/.gradle/.tmp/gradle_download10910698563647170485bin
Downloading https://plugins.gradle.org/m2/org/ow2/asm/asm-util/9.2/asm-util-9.2.pom to /home/runner/.gradle/.tmp/gradle_download13091652460153785581bin
Downloading https://plugins.gradle.org/m2/org/bouncycastle/bcpkix-jdk15on/1.67/bcpkix-jdk15on-1.67.pom to /home/runner/.gradle/.tmp/gradle_download14947616789104277267bin
Downloading https://plugins.gradle.org/m2/org/glassfish/jaxb/jaxb-runtime/2.3.2/jaxb-runtime-2.3.2.pom to /home/runner/.gradle/.tmp/gradle_download14002360068498351300bin
Downloading https://plugins.gradle.org/m2/net/sf/jopt-simple/jopt-simple/4.9/jopt-simple-4.9.pom to /home/runner/.gradle/.tmp/gradle_download9897822660119039590bin
Downloading https://plugins.gradle.org/m2/com/sun/xml/bind/mvn/jaxb-runtime-parent/2.3.2/jaxb-runtime-parent-2.3.2.pom to /home/runner/.gradle/.tmp/gradle_download7501757208109947776bin
Downloading https://plugins.gradle.org/m2/com/sun/xml/bind/mvn/jaxb-parent/2.3.2/jaxb-parent-2.3.2.pom to /home/runner/.gradle/.tmp/gradle_download12371100386951406251bin
Downloading https://plugins.gradle.org/m2/org/sonatype/oss/oss-parent/7/oss-parent-7.pom to /home/runner/.gradle/.tmp/gradle_download1846049966035284441bin
Downloading https://plugins.gradle.org/m2/com/sun/xml/bind/jaxb-bom-ext/2.3.2/jaxb-bom-ext-2.3.2.pom to /home/runner/.gradle/.tmp/gradle_download11651543321584063241bin
Resource missing. [HTTP GET: https://repo.maven.apache.org/maven2/com/android/tools/build/bundletool/1.15.2/bundletool-1.15.2.pom]
Downloading https://plugins.gradle.org/m2/org/glassfish/jaxb/jaxb-bom/2.3.2/jaxb-bom-2.3.2.pom to /home/runner/.gradle/.tmp/gradle_download11612699825891430860bin
Downloading https://plugins.gradle.org/m2/org/eclipse/ee4j/project/1.0.5/project-1.0.5.pom to /home/runner/.gradle/.tmp/gradle_download4028475797466499514bin
Resource missing. [HTTP GET: https://repo.maven.apache.org/maven2/com/android/tools/build/jetifier/jetifier-core/1.0.0-beta10/jetifier-core-1.0.0-beta10.pom]
Downloading https://dl.google.com/dl/android/maven2/com/android/tools/build/bundletool/1.15.2/bundletool-1.15.2.pom to /home/runner/.gradle/.tmp/gradle_download11184193785934653731bin
Resource missing. [HTTP GET: https://repo.maven.apache.org/maven2/com/android/tools/build/jetifier/jetifier-processor/1.0.0-beta10/jetifier-processor-1.0.0-beta10.pom]
Downloading https://dl.google.com/dl/android/maven2/com/android/tools/utp/android-test-plugin-result-listener-gradle-proto/31.2.2/android-test-plugin-result-listener-gradle-proto-31.2.2.pom to /home/runner/.gradle/.tmp/gradle_download2642212285476478282bin
Downloading https://plugins.gradle.org/m2/com/squareup/javapoet/1.10.0/javapoet-1.10.0.pom to /home/runner/.gradle/.tmp/gradle_download5717813248075850559bin
Downloading https://plugins.gradle.org/m2/com/google/protobuf/protobuf-java/3.19.3/protobuf-java-3.19.3.pom to /home/runner/.gradle/.tmp/gradle_download16968019587604927434bin
Downloading https://dl.google.com/dl/android/maven2/com/android/tools/utp/android-test-plugin-host-retention-proto/31.2.2/android-test-plugin-host-retention-proto-31.2.2.pom to /home/runner/.gradle/.tmp/gradle_download14380288472582149149bin
Downloading https://plugins.gradle.org/m2/com/google/protobuf/protobuf-parent/3.19.3/protobuf-parent-3.19.3.pom to /home/runner/.gradle/.tmp/gradle_download5458874917245371376bin
Downloading https://dl.google.com/dl/android/maven2/com/android/tools/build/jetifier/jetifier-core/1.0.0-beta10/jetifier-core-1.0.0-beta10.pom to /home/runner/.gradle/.tmp/gradle_download18034706912077269895bin
Downloading https://plugins.gradle.org/m2/com/google/protobuf/protobuf-java-util/3.19.3/protobuf-java-util-3.19.3.pom to /home/runner/.gradle/.tmp/gradle_download13203596529871171109bin
Downloading https://plugins.gradle.org/m2/com/google/protobuf/protobuf-bom/3.19.3/protobuf-bom-3.19.3.pom to /home/runner/.gradle/.tmp/gradle_download7666197926066511775bin
Downloading https://plugins.gradle.org/m2/com/google/code/gson/gson/2.8.6/gson-2.8.6.pom to /home/runner/.gradle/.tmp/gradle_download1651333914174441619bin
Downloading https://plugins.gradle.org/m2/io/grpc/grpc-core/1.45.1/grpc-core-1.45.1.pom to /home/runner/.gradle/.tmp/gradle_download8440184950425742074bin
Downloading https://plugins.gradle.org/m2/com/google/code/gson/gson-parent/2.8.6/gson-parent-2.8.6.pom to /home/runner/.gradle/.tmp/gradle_download6837073084518860671bin
Downloading https://plugins.gradle.org/m2/io/grpc/grpc-netty/1.45.1/grpc-netty-1.45.1.pom to /home/runner/.gradle/.tmp/gradle_download16187049433554712443bin
Downloading https://plugins.gradle.org/m2/io/grpc/grpc-protobuf/1.45.1/grpc-protobuf-1.45.1.pom to /home/runner/.gradle/.tmp/gradle_download2464168249464275365bin
Downloading https://plugins.gradle.org/m2/io/grpc/grpc-stub/1.45.1/grpc-stub-1.45.1.pom to /home/runner/.gradle/.tmp/gradle_download13932743191974345831bin
Downloading https://plugins.gradle.org/m2/com/google/crypto/tink/tink/1.7.0/tink-1.7.0.pom to /home/runner/.gradle/.tmp/gradle_download7393808506589765427bin
Resource missing. [HTTP GET: https://repo.maven.apache.org/maven2/com/google/testing/platform/core-proto/0.0.8-alpha08/core-proto-0.0.8-alpha08.pom]
Downloading https://plugins.gradle.org/m2/com/google/flatbuffers/flatbuffers-java/1.12.0/flatbuffers-java-1.12.0.pom to /home/runner/.gradle/.tmp/gradle_download6310719703548289791bin
Downloading https://plugins.gradle.org/m2/org/tensorflow/tensorflow-lite-metadata/0.1.0-rc2/tensorflow-lite-metadata-0.1.0-rc2.pom to /home/runner/.gradle/.tmp/gradle_download5348795377129971854bin
Resource missing. [HTTP GET: https://repo.maven.apache.org/maven2/com/android/tools/build/builder/8.2.2/builder-8.2.2.pom]
Downloading https://dl.google.com/dl/android/maven2/com/google/testing/platform/core-proto/0.0.8-alpha08/core-proto-0.0.8-alpha08.pom to /home/runner/.gradle/.tmp/gradle_download8000339327132971809bin
Resource missing. [HTTP GET: https://repo.maven.apache.org/maven2/com/android/tools/build/builder-model/8.2.2/builder-model-8.2.2.pom]
Downloading https://dl.google.com/dl/android/maven2/com/android/tools/build/builder/8.2.2/builder-8.2.2.pom to /home/runner/.gradle/.tmp/gradle_download14786183162442256572bin
Downloading https://dl.google.com/dl/android/maven2/com/android/tools/build/jetifier/jetifier-processor/1.0.0-beta10/jetifier-processor-1.0.0-beta10.pom to /home/runner/.gradle/.tmp/gradle_download4209688525267639138bin
Downloading https://dl.google.com/dl/android/maven2/com/android/tools/build/jetifier/jetifier-core/1.0.0-beta10/jetifier-core-1.0.0-beta10.module to /home/runner/.gradle/.tmp/gradle_download12140396892191976510bin
Resource missing. [HTTP GET: https://repo.maven.apache.org/maven2/com/android/tools/build/gradle-api/8.2.2/gradle-api-8.2.2.pom]
Downloading https://dl.google.com/dl/android/maven2/com/android/tools/build/gradle-api/8.2.2/gradle-api-8.2.2.pom to /home/runner/.gradle/.tmp/gradle_download7233165834639729839bin
Downloading https://dl.google.com/dl/android/maven2/com/android/tools/build/jetifier/jetifier-processor/1.0.0-beta10/jetifier-processor-1.0.0-beta10.module to /home/runner/.gradle/.tmp/gradle_download15896628008818798539bin
Downloading https://dl.google.com/dl/android/maven2/com/android/tools/build/builder-model/8.2.2/builder-model-8.2.2.pom to /home/runner/.gradle/.tmp/gradle_download1100450574328552347bin
Downloading https://dl.google.com/dl/android/maven2/com/android/tools/build/builder/8.2.2/builder-8.2.2.module to /home/runner/.gradle/.tmp/gradle_download1914937585315029795bin
Downloading https://dl.google.com/dl/android/maven2/com/android/tools/build/builder-model/8.2.2/builder-model-8.2.2.module to /home/runner/.gradle/.tmp/gradle_download8669797891378857538bin
Downloading https://dl.google.com/dl/android/maven2/com/android/tools/build/gradle-api/8.2.2/gradle-api-8.2.2.module to /home/runner/.gradle/.tmp/gradle_download932065577569713663bin
Downloading https://plugins.gradle.org/m2/org/jetbrains/kotlin/kotlin-tooling-core/1.9.10/kotlin-tooling-core-1.9.10.pom to /home/runner/.gradle/.tmp/gradle_download4525181411675011044bin
Downloading https://plugins.gradle.org/m2/org/jetbrains/kotlin/kotlin-gradle-plugin-model/1.9.10/kotlin-gradle-plugin-model-1.9.10.pom to /home/runner/.gradle/.tmp/gradle_download2527903311464465038bin
Downloading https://plugins.gradle.org/m2/org/jetbrains/kotlin/kotlin-gradle-plugin-api/1.9.10/kotlin-gradle-plugin-api-1.9.10.pom to /home/runner/.gradle/.tmp/gradle_download12372636904744085649bin
Downloading https://plugins.gradle.org/m2/org/jetbrains/kotlin/kotlin-gradle-plugin-idea/1.9.10/kotlin-gradle-plugin-idea-1.9.10.pom to /home/runner/.gradle/.tmp/gradle_download8958013768425157998bin
Downloading https://plugins.gradle.org/m2/org/jetbrains/kotlin/kotlin-gradle-plugin-model/1.9.10/kotlin-gradle-plugin-model-1.9.10.module to /home/runner/.gradle/.tmp/gradle_download16527112805232512073bin
Downloading https://plugins.gradle.org/m2/org/jetbrains/kotlin/kotlin-gradle-plugin-api/1.9.10/kotlin-gradle-plugin-api-1.9.10.module to /home/runner/.gradle/.tmp/gradle_download1901035703961682493bin
Downloading https://plugins.gradle.org/m2/org/jetbrains/kotlin/kotlin-gradle-plugin-idea/1.9.10/kotlin-gradle-plugin-idea-1.9.10.module to /home/runner/.gradle/.tmp/gradle_download339565533039398834bin
Downloading https://plugins.gradle.org/m2/org/jetbrains/kotlin/kotlin-gradle-plugin-idea-proto/1.9.10/kotlin-gradle-plugin-idea-proto-1.9.10.pom to /home/runner/.gradle/.tmp/gradle_download1999957659933185039bin
Downloading https://plugins.gradle.org/m2/org/jetbrains/kotlin/kotlin-util-klib/1.9.10/kotlin-util-klib-1.9.10.pom to /home/runner/.gradle/.tmp/gradle_download10295011281134309969bin
Downloading https://plugins.gradle.org/m2/org/jetbrains/kotlin/kotlin-klib-commonizer-api/1.9.10/kotlin-klib-commonizer-api-1.9.10.pom to /home/runner/.gradle/.tmp/gradle_download3819530468257368534bin
Downloading https://plugins.gradle.org/m2/org/jetbrains/kotlin/kotlin-project-model/1.9.10/kotlin-project-model-1.9.10.pom to /home/runner/.gradle/.tmp/gradle_download18247496253423445006bin
Downloading https://plugins.gradle.org/m2/org/jetbrains/kotlin/kotlin-build-tools-api/1.9.10/kotlin-build-tools-api-1.9.10.pom to /home/runner/.gradle/.tmp/gradle_download2487792329774492867bin
Downloading https://plugins.gradle.org/m2/org/jetbrains/kotlin/kotlin-compiler-embeddable/1.9.10/kotlin-compiler-embeddable-1.9.10.pom to /home/runner/.gradle/.tmp/gradle_download14815921123441695371bin
Downloading https://plugins.gradle.org/m2/org/jetbrains/kotlin/kotlin-android-extensions/1.9.10/kotlin-android-extensions-1.9.10.pom to /home/runner/.gradle/.tmp/gradle_download13481534388925845166bin
Downloading https://plugins.gradle.org/m2/org/jetbrains/kotlin/kotlin-compiler-runner/1.9.10/kotlin-compiler-runner-1.9.10.pom to /home/runner/.gradle/.tmp/gradle_download8630874853009256289bin
Downloading https://plugins.gradle.org/m2/org/jetbrains/kotlin/kotlin-scripting-compiler-impl-embeddable/1.9.10/kotlin-scripting-compiler-impl-embeddable-1.9.10.pom to /home/runner/.gradle/.tmp/gradle_download11657911502738735240bin
Downloading https://plugins.gradle.org/m2/org/jetbrains/kotlin/kotlin-scripting-compiler-embeddable/1.9.10/kotlin-scripting-compiler-embeddable-1.9.10.pom to /home/runner/.gradle/.tmp/gradle_download551554194070421150bin
Downloading https://plugins.gradle.org/m2/com/google/code/gson/gson/2.10/gson-2.10.pom to /home/runner/.gradle/.tmp/gradle_download1974146813272035370bin
Downloading https://plugins.gradle.org/m2/com/google/code/gson/gson-parent/2.10/gson-parent-2.10.pom to /home/runner/.gradle/.tmp/gradle_download11144182287313352991bin
Downloading https://plugins.gradle.org/m2/net/sf/kxml/kxml2/2.3.0/kxml2-2.3.0.pom to /home/runner/.gradle/.tmp/gradle_download11458598343896503638bin
Downloading https://plugins.gradle.org/m2/javax/inject/javax.inject/1/javax.inject-1.pom to /home/runner/.gradle/.tmp/gradle_download12884590782778041315bin
Resource missing. [HTTP GET: https://repo.maven.apache.org/maven2/com/android/tools/common/31.2.2/common-31.2.2.pom]
Downloading https://plugins.gradle.org/m2/com/google/guava/guava/31.1-jre/guava-31.1-jre.pom to /home/runner/.gradle/.tmp/gradle_download11757151258655978606bin
Downloading https://plugins.gradle.org/m2/org/bouncycastle/bcprov-jdk15on/1.67/bcprov-jdk15on-1.67.pom to /home/runner/.gradle/.tmp/gradle_download13682558478217564524bin
Downloading https://plugins.gradle.org/m2/org/jetbrains/intellij/deps/trove4j/1.0.20200330/trove4j-1.0.20200330.pom to /home/runner/.gradle/.tmp/gradle_download11869925365209758540bin
Downloading https://plugins.gradle.org/m2/com/google/guava/guava-parent/31.1-jre/guava-parent-31.1-jre.pom to /home/runner/.gradle/.tmp/gradle_download6903964414076200896bin
Downloading https://plugins.gradle.org/m2/xerces/xercesImpl/2.12.0/xercesImpl-2.12.0.pom to /home/runner/.gradle/.tmp/gradle_download3164489070454193043bin
Downloading https://plugins.gradle.org/m2/org/jetbrains/kotlin/kotlin-reflect/1.9.0/kotlin-reflect-1.9.0.pom to /home/runner/.gradle/.tmp/gradle_download10452040249884501421bin
Downloading https://dl.google.com/dl/android/maven2/com/android/tools/common/31.2.2/common-31.2.2.pom to /home/runner/.gradle/.tmp/gradle_download8032064904986646790bin
Downloading https://plugins.gradle.org/m2/org/apache/commons/commons-compress/1.21/commons-compress-1.21.pom to /home/runner/.gradle/.tmp/gradle_download3842364002044044046bin
Downloading https://plugins.gradle.org/m2/org/apache/httpcomponents/httpcore/4.4.16/httpcore-4.4.16.pom to /home/runner/.gradle/.tmp/gradle_download7895157600068717731bin
Resource missing. [HTTP GET: https://repo.maven.apache.org/maven2/com/android/tools/dvlib/31.2.2/dvlib-31.2.2.pom]
Downloading https://plugins.gradle.org/m2/org/apache/commons/commons-parent/52/commons-parent-52.pom to /home/runner/.gradle/.tmp/gradle_download15058798067516415850bin
Downloading https://plugins.gradle.org/m2/org/apache/httpcomponents/httpcomponents-core/4.4.16/httpcomponents-core-4.4.16.pom to /home/runner/.gradle/.tmp/gradle_download17884376742926193442bin
Downloading https://plugins.gradle.org/m2/org/apache/apache/23/apache-23.pom to /home/runner/.gradle/.tmp/gradle_download15321413766049672035bin
Downloading https://plugins.gradle.org/m2/org/apache/httpcomponents/httpcomponents-parent/11/httpcomponents-parent-11.pom to /home/runner/.gradle/.tmp/gradle_download17321165191963824518bin
Downloading https://plugins.gradle.org/m2/org/apache/apache/21/apache-21.pom to /home/runner/.gradle/.tmp/gradle_download4129297295736258704bin
Downloading https://dl.google.com/dl/android/maven2/com/android/tools/dvlib/31.2.2/dvlib-31.2.2.pom to /home/runner/.gradle/.tmp/gradle_download1614414519033154102bin
Downloading https://plugins.gradle.org/m2/com/google/jimfs/jimfs/1.1/jimfs-1.1.pom to /home/runner/.gradle/.tmp/gradle_download14305526193187826832bin
Downloading https://plugins.gradle.org/m2/com/sun/activation/javax.activation/1.2.0/javax.activation-1.2.0.pom to /home/runner/.gradle/.tmp/gradle_download15193705660681067460bin
Downloading https://plugins.gradle.org/m2/com/google/jimfs/jimfs-parent/1.1/jimfs-parent-1.1.pom to /home/runner/.gradle/.tmp/gradle_download17183927607718608856bin
Downloading https://plugins.gradle.org/m2/com/sun/activation/all/1.2.0/all-1.2.0.pom to /home/runner/.gradle/.tmp/gradle_download2395067336962907339bin
Downloading https://plugins.gradle.org/m2/net/java/jvnet-parent/1/jvnet-parent-1.pom to /home/runner/.gradle/.tmp/gradle_download5558369777669345578bin
Downloading https://plugins.gradle.org/m2/org/jetbrains/annotations/13.0/annotations-13.0.pom to /home/runner/.gradle/.tmp/gradle_download1659613836948479391bin
Resource missing. [HTTP GET: https://repo.maven.apache.org/maven2/com/android/tools/annotations/31.2.2/annotations-31.2.2.pom]
Downloading https://plugins.gradle.org/m2/org/apache/httpcomponents/httpclient/4.5.14/httpclient-4.5.14.pom to /home/runner/.gradle/.tmp/gradle_download2294400233056748893bin
Downloading https://plugins.gradle.org/m2/org/apache/httpcomponents/httpcomponents-client/4.5.14/httpcomponents-client-4.5.14.pom to /home/runner/.gradle/.tmp/gradle_download10243520029814453590bin
Downloading https://dl.google.com/dl/android/maven2/com/android/tools/annotations/31.2.2/annotations-31.2.2.pom to /home/runner/.gradle/.tmp/gradle_download15072023089595285023bin
Downloading https://plugins.gradle.org/m2/net/java/dev/jna/jna-platform/5.6.0/jna-platform-5.6.0.pom to /home/runner/.gradle/.tmp/gradle_download2379867523949934268bin
Resource missing. [HTTP GET: https://repo.maven.apache.org/maven2/com/android/tools/analytics-library/protos/31.2.2/protos-31.2.2.pom]
Downloading https://dl.google.com/dl/android/maven2/com/android/tools/analytics-library/protos/31.2.2/protos-31.2.2.pom to /home/runner/.gradle/.tmp/gradle_download6956076457938481894bin
Downloading https://plugins.gradle.org/m2/com/googlecode/juniversalchardet/juniversalchardet/1.0.3/juniversalchardet-1.0.3.pom to /home/runner/.gradle/.tmp/gradle_download9940394493384241504bin
Downloading https://plugins.gradle.org/m2/javax/annotation/javax.annotation-api/1.3.2/javax.annotation-api-1.3.2.pom to /home/runner/.gradle/.tmp/gradle_download11039374419296607074bin
Downloading https://plugins.gradle.org/m2/net/java/jvnet-parent/3/jvnet-parent-3.pom to /home/runner/.gradle/.tmp/gradle_download16193506300792797459bin
Downloading https://plugins.gradle.org/m2/org/jetbrains/kotlin/kotlin-stdlib-jdk7/1.9.0/kotlin-stdlib-jdk7-1.9.0.pom to /home/runner/.gradle/.tmp/gradle_download11395073903483046275bin
Downloading https://plugins.gradle.org/m2/org/jetbrains/kotlin/kotlin-stdlib/1.9.0/kotlin-stdlib-1.9.0.pom to /home/runner/.gradle/.tmp/gradle_download17474506270205672028bin
Downloading https://plugins.gradle.org/m2/org/ow2/asm/asm-tree/9.2/asm-tree-9.2.pom to /home/runner/.gradle/.tmp/gradle_download953122239698386813bin
Downloading https://plugins.gradle.org/m2/jakarta/xml/bind/jakarta.xml.bind-api/2.3.2/jakarta.xml.bind-api-2.3.2.pom to /home/runner/.gradle/.tmp/gradle_download4420672752793710955bin
Downloading https://plugins.gradle.org/m2/org/jvnet/staxex/stax-ex/1.8.1/stax-ex-1.8.1.pom to /home/runner/.gradle/.tmp/gradle_download6129821530954638711bin
Downloading https://plugins.gradle.org/m2/org/glassfish/jaxb/txw2/2.3.2/txw2-2.3.2.pom to /home/runner/.gradle/.tmp/gradle_download10350013720840568286bin
Downloading https://plugins.gradle.org/m2/com/sun/istack/istack-commons-runtime/3.0.8/istack-commons-runtime-3.0.8.pom to /home/runner/.gradle/.tmp/gradle_download2004334627789574185bin
Downloading https://plugins.gradle.org/m2/jakarta/xml/bind/jakarta.xml.bind-api-parent/2.3.2/jakarta.xml.bind-api-parent-2.3.2.pom to /home/runner/.gradle/.tmp/gradle_download2850272288106297471bin
Downloading https://plugins.gradle.org/m2/com/sun/xml/bind/mvn/jaxb-txw-parent/2.3.2/jaxb-txw-parent-2.3.2.pom to /home/runner/.gradle/.tmp/gradle_download6948890832929173736bin
Downloading https://plugins.gradle.org/m2/com/sun/xml/fastinfoset/FastInfoset/1.2.16/FastInfoset-1.2.16.pom to /home/runner/.gradle/.tmp/gradle_download13641701681738413256bin
Downloading https://plugins.gradle.org/m2/com/sun/istack/istack-commons/3.0.8/istack-commons-3.0.8.pom to /home/runner/.gradle/.tmp/gradle_download8811583810928590443bin
Downloading https://plugins.gradle.org/m2/jakarta/activation/jakarta.activation-api/1.2.1/jakarta.activation-api-1.2.1.pom to /home/runner/.gradle/.tmp/gradle_download17309651884370867967bin
Downloading https://plugins.gradle.org/m2/com/sun/xml/fastinfoset/fastinfoset-project/1.2.16/fastinfoset-project-1.2.16.pom to /home/runner/.gradle/.tmp/gradle_download4375764234496037748bin
Downloading https://plugins.gradle.org/m2/com/sun/activation/all/1.2.1/all-1.2.1.pom to /home/runner/.gradle/.tmp/gradle_download12705176365980953548bin
Downloading https://plugins.gradle.org/m2/org/eclipse/ee4j/project/1.0.2/project-1.0.2.pom to /home/runner/.gradle/.tmp/gradle_download15027627096006939285bin
Downloading https://plugins.gradle.org/m2/org/bitbucket/b_c/jose4j/0.7.0/jose4j-0.7.0.pom to /home/runner/.gradle/.tmp/gradle_download4579404300467391683bin
Downloading https://plugins.gradle.org/m2/com/google/errorprone/error_prone_annotations/2.3.1/error_prone_annotations-2.3.1.pom to /home/runner/.gradle/.tmp/gradle_download13783435320874402457bin
Downloading https://plugins.gradle.org/m2/com/google/dagger/dagger/2.28.3/dagger-2.28.3.pom to /home/runner/.gradle/.tmp/gradle_download9474816595092438011bin
Downloading https://plugins.gradle.org/m2/com/google/auto/value/auto-value-annotations/1.6.2/auto-value-annotations-1.6.2.pom to /home/runner/.gradle/.tmp/gradle_download17413305963595283570bin
Downloading https://plugins.gradle.org/m2/org/slf4j/slf4j-api/1.7.30/slf4j-api-1.7.30.pom to /home/runner/.gradle/.tmp/gradle_download16221153279688614425bin
Downloading https://plugins.gradle.org/m2/com/google/auto/value/auto-value-parent/1.6.2/auto-value-parent-1.6.2.pom to /home/runner/.gradle/.tmp/gradle_download16782107624807109058bin
Downloading https://plugins.gradle.org/m2/com/google/errorprone/error_prone_parent/2.3.1/error_prone_parent-2.3.1.pom to /home/runner/.gradle/.tmp/gradle_download2559875941686739601bin
Downloading https://plugins.gradle.org/m2/com/google/auto/auto-parent/6/auto-parent-6.pom to /home/runner/.gradle/.tmp/gradle_download5372600583563866576bin
Downloading https://plugins.gradle.org/m2/org/slf4j/slf4j-parent/1.7.30/slf4j-parent-1.7.30.pom to /home/runner/.gradle/.tmp/gradle_download17722041181651713210bin
Downloading https://plugins.gradle.org/m2/org/jdom/jdom2/2.0.6/jdom2-2.0.6.pom to /home/runner/.gradle/.tmp/gradle_download4698923443461819619bin
Downloading https://plugins.gradle.org/m2/com/google/errorprone/error_prone_annotations/2.5.1/error_prone_annotations-2.5.1.pom to /home/runner/.gradle/.tmp/gradle_download4056963867180834558bin
Downloading https://plugins.gradle.org/m2/com/google/errorprone/error_prone_parent/2.5.1/error_prone_parent-2.5.1.pom to /home/runner/.gradle/.tmp/gradle_download17805427480739757262bin
Downloading https://plugins.gradle.org/m2/com/google/code/findbugs/jsr305/3.0.2/jsr305-3.0.2.pom to /home/runner/.gradle/.tmp/gradle_download10064524630439113387bin
Downloading https://plugins.gradle.org/m2/com/google/j2objc/j2objc-annotations/1.3/j2objc-annotations-1.3.pom to /home/runner/.gradle/.tmp/gradle_download16816188118054009228bin
Downloading https://plugins.gradle.org/m2/com/google/errorprone/error_prone_annotations/2.10.0/error_prone_annotations-2.10.0.pom to /home/runner/.gradle/.tmp/gradle_download14839512273638384121bin
Downloading https://plugins.gradle.org/m2/com/google/errorprone/error_prone_parent/2.10.0/error_prone_parent-2.10.0.pom to /home/runner/.gradle/.tmp/gradle_download16668907239316707633bin
Downloading https://plugins.gradle.org/m2/io/perfmark/perfmark-api/0.23.0/perfmark-api-0.23.0.pom to /home/runner/.gradle/.tmp/gradle_download5683455884103352882bin
Downloading https://plugins.gradle.org/m2/org/codehaus/mojo/animal-sniffer-annotations/1.19/animal-sniffer-annotations-1.19.pom to /home/runner/.gradle/.tmp/gradle_download11747513201948458007bin
Downloading https://plugins.gradle.org/m2/io/grpc/grpc-api/1.45.1/grpc-api-1.45.1.pom to /home/runner/.gradle/.tmp/gradle_download12979446003402035100bin
Downloading https://plugins.gradle.org/m2/com/google/android/annotations/4.1.1.4/annotations-4.1.1.4.pom to /home/runner/.gradle/.tmp/gradle_download12270992749057468692bin
Downloading https://plugins.gradle.org/m2/org/codehaus/mojo/animal-sniffer-parent/1.19/animal-sniffer-parent-1.19.pom to /home/runner/.gradle/.tmp/gradle_download10120599227228173497bin
Downloading https://plugins.gradle.org/m2/io/perfmark/perfmark-api/0.23.0/perfmark-api-0.23.0.module to /home/runner/.gradle/.tmp/gradle_download9701377310088458057bin
Downloading https://plugins.gradle.org/m2/org/codehaus/mojo/mojo-parent/50/mojo-parent-50.pom to /home/runner/.gradle/.tmp/gradle_download1428615095068228942bin
Downloading https://plugins.gradle.org/m2/io/netty/netty-codec-http2/4.1.72.Final/netty-codec-http2-4.1.72.Final.pom to /home/runner/.gradle/.tmp/gradle_download14125325386677957699bin
Downloading https://plugins.gradle.org/m2/io/netty/netty-handler-proxy/4.1.72.Final/netty-handler-proxy-4.1.72.Final.pom to /home/runner/.gradle/.tmp/gradle_download11377699432578000533bin
Downloading https://plugins.gradle.org/m2/io/netty/netty-parent/4.1.72.Final/netty-parent-4.1.72.Final.pom to /home/runner/.gradle/.tmp/gradle_download3406636107284110698bin
Downloading https://plugins.gradle.org/m2/org/sonatype/oss/oss-parent/9/oss-parent-9.pom to /home/runner/.gradle/.tmp/gradle_download14226969991700058347bin
Downloading https://plugins.gradle.org/m2/com/google/api/grpc/proto-google-common-protos/2.0.1/proto-google-common-protos-2.0.1.pom to /home/runner/.gradle/.tmp/gradle_download4292940063403487235bin
Downloading https://plugins.gradle.org/m2/io/grpc/grpc-protobuf-lite/1.45.1/grpc-protobuf-lite-1.45.1.pom to /home/runner/.gradle/.tmp/gradle_download161543155433440391bin
Downloading https://plugins.gradle.org/m2/org/checkerframework/checker-qual/2.5.8/checker-qual-2.5.8.pom to /home/runner/.gradle/.tmp/gradle_download9574794350776749564bin
Resource missing. [HTTP GET: https://repo.maven.apache.org/maven2/com/android/signflinger/8.2.2/signflinger-8.2.2.pom]
Resource missing. [HTTP GET: https://repo.maven.apache.org/maven2/com/android/tools/build/manifest-merger/31.2.2/manifest-merger-31.2.2.pom]
Resource missing. [HTTP GET: https://repo.maven.apache.org/maven2/com/android/tools/analytics-library/tracker/31.2.2/tracker-31.2.2.pom]
Downloading https://plugins.gradle.org/m2/commons-codec/commons-codec/1.10/commons-codec-1.10.pom to /home/runner/.gradle/.tmp/gradle_download18189894827173598374bin
Downloading https://plugins.gradle.org/m2/org/apache/commons/commons-parent/35/commons-parent-35.pom to /home/runner/.gradle/.tmp/gradle_download7543459774870356188bin
Downloading https://plugins.gradle.org/m2/org/apache/apache/15/apache-15.pom to /home/runner/.gradle/.tmp/gradle_download17936792968756861289bin
Resource missing. [HTTP GET: https://repo.maven.apache.org/maven2/com/android/zipflinger/8.2.2/zipflinger-8.2.2.pom]
Downloading https://dl.google.com/dl/android/maven2/com/android/tools/build/manifest-merger/31.2.2/manifest-merger-31.2.2.pom to /home/runner/.gradle/.tmp/gradle_download13892549187223356510bin
Downloading https://dl.google.com/dl/android/maven2/com/android/tools/analytics-library/tracker/31.2.2/tracker-31.2.2.pom to /home/runner/.gradle/.tmp/gradle_download43052522874832313bin
Resource missing. [HTTP GET: https://repo.maven.apache.org/maven2/com/android/tools/build/apksig/8.2.2/apksig-8.2.2.pom]
Downloading https://dl.google.com/dl/android/maven2/com/android/signflinger/8.2.2/signflinger-8.2.2.pom to /home/runner/.gradle/.tmp/gradle_download7415550397810987986bin
Resource missing. [HTTP GET: https://repo.maven.apache.org/maven2/com/android/tools/build/apkzlib/8.2.2/apkzlib-8.2.2.pom]
Downloading https://dl.google.com/dl/android/maven2/com/android/zipflinger/8.2.2/zipflinger-8.2.2.pom to /home/runner/.gradle/.tmp/gradle_download11040227106613063981bin
Downloading https://plugins.gradle.org/m2/com/squareup/javawriter/2.5.0/javawriter-2.5.0.pom to /home/runner/.gradle/.tmp/gradle_download11826626938789651169bin
Downloading https://dl.google.com/dl/android/maven2/com/android/tools/build/apksig/8.2.2/apksig-8.2.2.pom to /home/runner/.gradle/.tmp/gradle_download687552609372849975bin
Downloading https://dl.google.com/dl/android/maven2/com/android/tools/build/manifest-merger/31.2.2/manifest-merger-31.2.2.module to /home/runner/.gradle/.tmp/gradle_download3363919583995290150bin
Downloading https://dl.google.com/dl/android/maven2/com/android/tools/build/apkzlib/8.2.2/apkzlib-8.2.2.pom to /home/runner/.gradle/.tmp/gradle_download1437645491807269347bin
Downloading https://plugins.gradle.org/m2/org/jetbrains/kotlin/kotlin-native-utils/1.9.10/kotlin-native-utils-1.9.10.pom to /home/runner/.gradle/.tmp/gradle_download15754388628522208723bin
Downloading https://plugins.gradle.org/m2/org/jetbrains/kotlin/kotlin-gradle-plugin-annotations/1.9.10/kotlin-gradle-plugin-annotations-1.9.10.pom to /home/runner/.gradle/.tmp/gradle_download10032589965437057578bin
Downloading https://plugins.gradle.org/m2/org/jetbrains/kotlin/kotlin-util-io/1.9.10/kotlin-util-io-1.9.10.pom to /home/runner/.gradle/.tmp/gradle_download15498957820488008896bin
Downloading https://plugins.gradle.org/m2/org/jetbrains/kotlin/kotlin-daemon-embeddable/1.9.10/kotlin-daemon-embeddable-1.9.10.pom to /home/runner/.gradle/.tmp/gradle_download5267131407207873508bin
Downloading https://plugins.gradle.org/m2/org/jetbrains/kotlinx/kotlinx-coroutines-core-jvm/1.5.0/kotlinx-coroutines-core-jvm-1.5.0.pom to /home/runner/.gradle/.tmp/gradle_download2470821071403569515bin
Downloading https://plugins.gradle.org/m2/org/jetbrains/kotlin/kotlin-daemon-client/1.9.10/kotlin-daemon-client-1.9.10.pom to /home/runner/.gradle/.tmp/gradle_download2129534159221913075bin
Downloading https://plugins.gradle.org/m2/org/jetbrains/kotlinx/kotlinx-coroutines-core-jvm/1.5.0/kotlinx-coroutines-core-jvm-1.5.0.module to /home/runner/.gradle/.tmp/gradle_download15669535755556264748bin
Downloading https://plugins.gradle.org/m2/org/jetbrains/kotlin/kotlin-scripting-jvm/1.9.10/kotlin-scripting-jvm-1.9.10.pom to /home/runner/.gradle/.tmp/gradle_download4695299078043243786bin
Downloading https://plugins.gradle.org/m2/org/jetbrains/kotlin/kotlin-scripting-common/1.9.10/kotlin-scripting-common-1.9.10.pom to /home/runner/.gradle/.tmp/gradle_download6781211952208293114bin
Downloading https://plugins.gradle.org/m2/org/checkerframework/checker-qual/3.12.0/checker-qual-3.12.0.pom to /home/runner/.gradle/.tmp/gradle_download3291126599873314642bin
Downloading https://plugins.gradle.org/m2/org/checkerframework/checker-qual/3.12.0/checker-qual-3.12.0.module to /home/runner/.gradle/.tmp/gradle_download4693332512392654117bin
Downloading https://plugins.gradle.org/m2/com/google/errorprone/error_prone_annotations/2.11.0/error_prone_annotations-2.11.0.pom to /home/runner/.gradle/.tmp/gradle_download16842674007776256091bin
Downloading https://plugins.gradle.org/m2/com/google/errorprone/error_prone_parent/2.11.0/error_prone_parent-2.11.0.pom to /home/runner/.gradle/.tmp/gradle_download17054764341546042237bin
Downloading https://plugins.gradle.org/m2/com/google/guava/listenablefuture/9999.0-empty-to-avoid-conflict-with-guava/listenablefuture-9999.0-empty-to-avoid-conflict-with-guava.pom to /home/runner/.gradle/.tmp/gradle_download16877473168433063371bin
Downloading https://plugins.gradle.org/m2/com/google/guava/failureaccess/1.0.1/failureaccess-1.0.1.pom to /home/runner/.gradle/.tmp/gradle_download12007194008942970794bin
Downloading https://plugins.gradle.org/m2/com/google/guava/guava-parent/26.0-android/guava-parent-26.0-android.pom to /home/runner/.gradle/.tmp/gradle_download7839095445972233399bin
Downloading https://plugins.gradle.org/m2/xml-apis/xml-apis/1.4.01/xml-apis-1.4.01.pom to /home/runner/.gradle/.tmp/gradle_download11627990318931278918bin
Downloading https://plugins.gradle.org/m2/commons-codec/commons-codec/1.11/commons-codec-1.11.pom to /home/runner/.gradle/.tmp/gradle_download8127477125420900882bin
Downloading https://plugins.gradle.org/m2/org/apache/commons/commons-parent/42/commons-parent-42.pom to /home/runner/.gradle/.tmp/gradle_download14014975866748232152bin
Downloading https://plugins.gradle.org/m2/commons-logging/commons-logging/1.2/commons-logging-1.2.pom to /home/runner/.gradle/.tmp/gradle_download3294150150109162804bin
Downloading https://plugins.gradle.org/m2/org/apache/commons/commons-parent/34/commons-parent-34.pom to /home/runner/.gradle/.tmp/gradle_download8560509418244979663bin
Downloading https://plugins.gradle.org/m2/org/apache/apache/13/apache-13.pom to /home/runner/.gradle/.tmp/gradle_download17161699187372556408bin
Downloading https://plugins.gradle.org/m2/net/java/dev/jna/jna/5.6.0/jna-5.6.0.pom to /home/runner/.gradle/.tmp/gradle_download6197551572874097015bin
Downloading https://plugins.gradle.org/m2/org/jetbrains/kotlin/kotlin-stdlib-common/1.9.0/kotlin-stdlib-common-1.9.0.pom to /home/runner/.gradle/.tmp/gradle_download4637579332566971706bin
Downloading https://plugins.gradle.org/m2/io/grpc/grpc-context/1.45.1/grpc-context-1.45.1.pom to /home/runner/.gradle/.tmp/gradle_download2469855064824361345bin
Downloading https://plugins.gradle.org/m2/io/netty/netty-transport/4.1.72.Final/netty-transport-4.1.72.Final.pom to /home/runner/.gradle/.tmp/gradle_download13928835865728463807bin
Downloading https://plugins.gradle.org/m2/io/netty/netty-buffer/4.1.72.Final/netty-buffer-4.1.72.Final.pom to /home/runner/.gradle/.tmp/gradle_download10309539686171520343bin
Downloading https://plugins.gradle.org/m2/io/netty/netty-common/4.1.72.Final/netty-common-4.1.72.Final.pom to /home/runner/.gradle/.tmp/gradle_download12040871502340815546bin
Downloading https://plugins.gradle.org/m2/io/netty/netty-codec/4.1.72.Final/netty-codec-4.1.72.Final.pom to /home/runner/.gradle/.tmp/gradle_download13915417386120538607bin
Downloading https://plugins.gradle.org/m2/io/netty/netty-handler/4.1.72.Final/netty-handler-4.1.72.Final.pom to /home/runner/.gradle/.tmp/gradle_download13601202836257659568bin
Downloading https://plugins.gradle.org/m2/io/netty/netty-codec-http/4.1.72.Final/netty-codec-http-4.1.72.Final.pom to /home/runner/.gradle/.tmp/gradle_download1556414882767299060bin
Downloading https://plugins.gradle.org/m2/io/netty/netty-codec-socks/4.1.72.Final/netty-codec-socks-4.1.72.Final.pom to /home/runner/.gradle/.tmp/gradle_download4372146622081228392bin
Downloading https://plugins.gradle.org/m2/io/netty/netty-resolver/4.1.72.Final/netty-resolver-4.1.72.Final.pom to /home/runner/.gradle/.tmp/gradle_download7530231047799013716bin
Downloading https://plugins.gradle.org/m2/io/netty/netty-tcnative-classes/2.0.46.Final/netty-tcnative-classes-2.0.46.Final.pom to /home/runner/.gradle/.tmp/gradle_download6416368005617679181bin
Downloading https://plugins.gradle.org/m2/io/netty/netty-tcnative-parent/2.0.46.Final/netty-tcnative-parent-2.0.46.Final.pom to /home/runner/.gradle/.tmp/gradle_download42137981670895015bin
Resource missing. [HTTP HEAD: https://dl.google.com/dl/android/maven2/com/android/application/com.android.application.gradle.plugin/8.2.2/com.android.application.gradle.plugin-8.2.2.jar]
Resource missing. [HTTP HEAD: https://plugins.gradle.org/m2/org/jetbrains/kotlin/android/org.jetbrains.kotlin.android.gradle.plugin/1.9.10/org.jetbrains.kotlin.android.gradle.plugin-1.9.10.jar]
Downloading https://plugins.gradle.org/m2/org/jetbrains/kotlin/kotlin-gradle-plugin-api/1.9.10/kotlin-gradle-plugin-api-1.9.10.jar to /home/runner/.gradle/.tmp/gradle_download4321752761273538823bin
Downloading https://plugins.gradle.org/m2/org/jetbrains/kotlin/kotlin-gradle-plugin-api/1.9.10/kotlin-gradle-plugin-api-1.9.10-gradle81.jar to /home/runner/.gradle/.tmp/gradle_download241356629973613547bin
Downloading https://plugins.gradle.org/m2/org/jetbrains/kotlin/kotlin-gradle-plugin/1.9.10/kotlin-gradle-plugin-1.9.10-gradle81.jar to /home/runner/.gradle/.tmp/gradle_download15924984127207975701bin
Downloading https://dl.google.com/dl/android/maven2/com/android/tools/build/gradle-settings-api/8.2.2/gradle-settings-api-8.2.2.jar to /home/runner/.gradle/.tmp/gradle_download15079127878959520552bin
Downloading https://plugins.gradle.org/m2/org/jetbrains/kotlin/kotlin-gradle-plugin-model/1.9.10/kotlin-gradle-plugin-model-1.9.10.jar to /home/runner/.gradle/.tmp/gradle_download13575097908416741145bin
Downloading https://dl.google.com/dl/android/maven2/com/android/tools/build/builder/8.2.2/builder-8.2.2.jar to /home/runner/.gradle/.tmp/gradle_download17939948771649384648bin
Downloading https://dl.google.com/dl/android/maven2/com/android/tools/build/gradle/8.2.2/gradle-8.2.2.jar to /home/runner/.gradle/.tmp/gradle_download16429806624355842957bin
Downloading https://dl.google.com/dl/android/maven2/com/android/tools/build/manifest-merger/31.2.2/manifest-merger-31.2.2.jar to /home/runner/.gradle/.tmp/gradle_download16222610258563734672bin
Downloading https://dl.google.com/dl/android/maven2/com/android/tools/sdklib/31.2.2/sdklib-31.2.2.jar to /home/runner/.gradle/.tmp/gradle_download1181329337347823355bin
Downloading https://dl.google.com/dl/android/maven2/com/android/tools/lint/lint-model/31.2.2/lint-model-31.2.2.jar to /home/runner/.gradle/.tmp/gradle_download15736822939721268854bin
Downloading https://dl.google.com/dl/android/maven2/com/android/tools/build/builder-test-api/8.2.2/builder-test-api-8.2.2.jar to /home/runner/.gradle/.tmp/gradle_download8164230011631841516bin
Downloading https://dl.google.com/dl/android/maven2/com/android/tools/sdk-common/31.2.2/sdk-common-31.2.2.jar to /home/runner/.gradle/.tmp/gradle_download8511824159221350060bin
Downloading https://dl.google.com/dl/android/maven2/com/android/tools/repository/31.2.2/repository-31.2.2.jar to /home/runner/.gradle/.tmp/gradle_download3018962720943640198bin
Downloading https://dl.google.com/dl/android/maven2/com/android/tools/build/aaptcompiler/8.2.2/aaptcompiler-8.2.2.jar to /home/runner/.gradle/.tmp/gradle_download12076260787687347501bin
Downloading https://dl.google.com/dl/android/maven2/com/android/tools/build/gradle-api/8.2.2/gradle-api-8.2.2.jar to /home/runner/.gradle/.tmp/gradle_download6531215156801358480bin
Downloading https://dl.google.com/dl/android/maven2/com/android/tools/analytics-library/crash/31.2.2/crash-31.2.2.jar to /home/runner/.gradle/.tmp/gradle_download10967404909166158602bin
Downloading https://dl.google.com/dl/android/maven2/com/android/tools/ddms/ddmlib/31.2.2/ddmlib-31.2.2.jar to /home/runner/.gradle/.tmp/gradle_download17704667847442005299bin
Downloading https://dl.google.com/dl/android/maven2/com/android/tools/analytics-library/shared/31.2.2/shared-31.2.2.jar to /home/runner/.gradle/.tmp/gradle_download1081315546003970562bin
Downloading https://dl.google.com/dl/android/maven2/com/android/tools/build/bundletool/1.15.2/bundletool-1.15.2.jar to /home/runner/.gradle/.tmp/gradle_download16192720815420209374bin
Downloading https://dl.google.com/dl/android/maven2/com/android/tools/build/aapt2-proto/8.2.2-10154469/aapt2-proto-8.2.2-10154469.jar to /home/runner/.gradle/.tmp/gradle_download939959350980092567bin
Downloading https://dl.google.com/dl/android/maven2/com/android/tools/analytics-library/tracker/31.2.2/tracker-31.2.2.jar to /home/runner/.gradle/.tmp/gradle_download7620695880735472590bin
Downloading https://dl.google.com/dl/android/maven2/androidx/databinding/databinding-compiler-common/8.2.2/databinding-compiler-common-8.2.2.jar to /home/runner/.gradle/.tmp/gradle_download2854978445392829451bin
Downloading https://dl.google.com/dl/android/maven2/androidx/databinding/databinding-common/8.2.2/databinding-common-8.2.2.jar to /home/runner/.gradle/.tmp/gradle_download5123392714858761101bin
Downloading https://dl.google.com/dl/android/maven2/com/android/databinding/baseLibrary/8.2.2/baseLibrary-8.2.2.jar to /home/runner/.gradle/.tmp/gradle_download15226336459778603045bin
Downloading https://dl.google.com/dl/android/maven2/com/android/tools/lint/lint-typedef-remover/31.2.2/lint-typedef-remover-31.2.2.jar to /home/runner/.gradle/.tmp/gradle_download12649069218227772741bin
Downloading https://dl.google.com/dl/android/maven2/com/android/tools/utp/android-test-plugin-host-additional-test-output-proto/31.2.2/android-test-plugin-host-additional-test-output-proto-31.2.2.jar to /home/runner/.gradle/.tmp/gradle_download12118261156729123046bin
Downloading https://dl.google.com/dl/android/maven2/com/android/tools/layoutlib/layoutlib-api/31.2.2/layoutlib-api-31.2.2.jar to /home/runner/.gradle/.tmp/gradle_download14532804917752613211bin
Downloading https://dl.google.com/dl/android/maven2/com/android/tools/utp/android-device-provider-gradle-proto/31.2.2/android-device-provider-gradle-proto-31.2.2.jar to /home/runner/.gradle/.tmp/gradle_download7005487816409368907bin
Downloading https://dl.google.com/dl/android/maven2/com/android/tools/utp/android-test-plugin-host-emulator-control-proto/31.2.2/android-test-plugin-host-emulator-control-proto-31.2.2.jar to /home/runner/.gradle/.tmp/gradle_download11306006695384151540bin
Downloading https://dl.google.com/dl/android/maven2/com/android/tools/utp/android-device-provider-ddmlib-proto/31.2.2/android-device-provider-ddmlib-proto-31.2.2.jar to /home/runner/.gradle/.tmp/gradle_download693875101987153589bin
Downloading https://dl.google.com/dl/android/maven2/com/android/tools/utp/android-test-plugin-host-coverage-proto/31.2.2/android-test-plugin-host-coverage-proto-31.2.2.jar to /home/runner/.gradle/.tmp/gradle_download11113895668254145489bin
Downloading https://dl.google.com/dl/android/maven2/com/android/tools/utp/android-test-plugin-host-retention-proto/31.2.2/android-test-plugin-host-retention-proto-31.2.2.jar to /home/runner/.gradle/.tmp/gradle_download9454139007505034294bin
Downloading https://dl.google.com/dl/android/maven2/com/android/tools/utp/android-test-plugin-host-logcat-proto/31.2.2/android-test-plugin-host-logcat-proto-31.2.2.jar to /home/runner/.gradle/.tmp/gradle_download16272678144647544865bin
Downloading https://dl.google.com/dl/android/maven2/com/android/tools/utp/android-test-plugin-result-listener-gradle-proto/31.2.2/android-test-plugin-result-listener-gradle-proto-31.2.2.jar to /home/runner/.gradle/.tmp/gradle_download16407442213669809025bin
Downloading https://dl.google.com/dl/android/maven2/com/android/tools/utp/android-test-plugin-host-apk-installer-proto/31.2.2/android-test-plugin-host-apk-installer-proto-31.2.2.jar to /home/runner/.gradle/.tmp/gradle_download10737945929623264710bin
Downloading https://plugins.gradle.org/m2/org/jetbrains/kotlin/kotlin-stdlib-jdk8/1.9.0/kotlin-stdlib-jdk8-1.9.0.jar to /home/runner/.gradle/.tmp/gradle_download232532746417457470bin
Downloading https://plugins.gradle.org/m2/com/android/tools/build/transform-api/2.0.0-deprecated-use-gradle-api/transform-api-2.0.0-deprecated-use-gradle-api.jar to /home/runner/.gradle/.tmp/gradle_download18085472644346970742bin
Downloading https://plugins.gradle.org/m2/org/apache/httpcomponents/httpmime/4.5.6/httpmime-4.5.6.jar to /home/runner/.gradle/.tmp/gradle_download17515384759762947814bin
Downloading https://plugins.gradle.org/m2/commons-io/commons-io/2.4/commons-io-2.4.jar to /home/runner/.gradle/.tmp/gradle_download1192284823936480796bin
Downloading https://dl.google.com/dl/android/maven2/com/android/tools/build/builder-model/8.2.2/builder-model-8.2.2.jar to /home/runner/.gradle/.tmp/gradle_download57475374742904071bin
Downloading https://plugins.gradle.org/m2/org/ow2/asm/asm-commons/9.2/asm-commons-9.2.jar to /home/runner/.gradle/.tmp/gradle_download15289992877522815376bin
Downloading https://dl.google.com/dl/android/maven2/com/android/tools/dvlib/31.2.2/dvlib-31.2.2.jar to /home/runner/.gradle/.tmp/gradle_download7973377744434954330bin
Downloading https://plugins.gradle.org/m2/org/ow2/asm/asm-util/9.2/asm-util-9.2.jar to /home/runner/.gradle/.tmp/gradle_download1203138597846790198bin
Downloading https://dl.google.com/dl/android/maven2/com/android/tools/build/jetifier/jetifier-processor/1.0.0-beta10/jetifier-processor-1.0.0-beta10.jar to /home/runner/.gradle/.tmp/gradle_download3622031273942751146bin
Downloading https://plugins.gradle.org/m2/org/ow2/asm/asm-analysis/9.2/asm-analysis-9.2.jar to /home/runner/.gradle/.tmp/gradle_download3257656422692640973bin
Downloading https://plugins.gradle.org/m2/org/ow2/asm/asm-tree/9.2/asm-tree-9.2.jar to /home/runner/.gradle/.tmp/gradle_download11799260748479151535bin
Downloading https://plugins.gradle.org/m2/org/ow2/asm/asm/9.2/asm-9.2.jar to /home/runner/.gradle/.tmp/gradle_download7165493685016909138bin
Downloading https://plugins.gradle.org/m2/org/bouncycastle/bcpkix-jdk15on/1.67/bcpkix-jdk15on-1.67.jar to /home/runner/.gradle/.tmp/gradle_download11066728300246784456bin
Downloading https://plugins.gradle.org/m2/org/glassfish/jaxb/jaxb-runtime/2.3.2/jaxb-runtime-2.3.2.jar to /home/runner/.gradle/.tmp/gradle_download16690686024263076486bin
Downloading https://plugins.gradle.org/m2/net/sf/jopt-simple/jopt-simple/4.9/jopt-simple-4.9.jar to /home/runner/.gradle/.tmp/gradle_download354029006762914371bin
Downloading https://plugins.gradle.org/m2/com/squareup/javapoet/1.10.0/javapoet-1.10.0.jar to /home/runner/.gradle/.tmp/gradle_download11793766097485139526bin
Downloading https://plugins.gradle.org/m2/com/google/protobuf/protobuf-java-util/3.19.3/protobuf-java-util-3.19.3.jar to /home/runner/.gradle/.tmp/gradle_download13849196289875123236bin
Downloading https://plugins.gradle.org/m2/io/grpc/grpc-protobuf/1.45.1/grpc-protobuf-1.45.1.jar to /home/runner/.gradle/.tmp/gradle_download7737461291982870393bin
Downloading https://plugins.gradle.org/m2/com/google/crypto/tink/tink/1.7.0/tink-1.7.0.jar to /home/runner/.gradle/.tmp/gradle_download15776948262039714747bin
Downloading https://dl.google.com/dl/android/maven2/com/android/tools/common/31.2.2/common-31.2.2.jar to /home/runner/.gradle/.tmp/gradle_download14093080249423844730bin
Downloading https://plugins.gradle.org/m2/com/google/api/grpc/proto-google-common-protos/2.0.1/proto-google-common-protos-2.0.1.jar to /home/runner/.gradle/.tmp/gradle_download9744359882691296901bin
Downloading https://plugins.gradle.org/m2/com/google/protobuf/protobuf-java/3.19.3/protobuf-java-3.19.3.jar to /home/runner/.gradle/.tmp/gradle_download9912745677729793244bin
Downloading https://dl.google.com/dl/android/maven2/com/android/tools/build/jetifier/jetifier-core/1.0.0-beta10/jetifier-core-1.0.0-beta10.jar to /home/runner/.gradle/.tmp/gradle_download15961084233910488207bin
Downloading https://plugins.gradle.org/m2/io/grpc/grpc-netty/1.45.1/grpc-netty-1.45.1.jar to /home/runner/.gradle/.tmp/gradle_download13863372463826920577bin
Downloading https://plugins.gradle.org/m2/io/grpc/grpc-core/1.45.1/grpc-core-1.45.1.jar to /home/runner/.gradle/.tmp/gradle_download14505365497538311834bin
Downloading https://dl.google.com/dl/android/maven2/com/android/tools/analytics-library/protos/31.2.2/protos-31.2.2.jar to /home/runner/.gradle/.tmp/gradle_download14771307405207660154bin
Downloading https://plugins.gradle.org/m2/com/google/code/gson/gson/2.10/gson-2.10.jar to /home/runner/.gradle/.tmp/gradle_download15332917064358350556bin
Downloading https://plugins.gradle.org/m2/io/grpc/grpc-stub/1.45.1/grpc-stub-1.45.1.jar to /home/runner/.gradle/.tmp/gradle_download7173339390845178437bin
Downloading https://plugins.gradle.org/m2/org/tensorflow/tensorflow-lite-metadata/0.1.0-rc2/tensorflow-lite-metadata-0.1.0-rc2.jar to /home/runner/.gradle/.tmp/gradle_download4623222100251227569bin
Downloading https://plugins.gradle.org/m2/com/google/flatbuffers/flatbuffers-java/1.12.0/flatbuffers-java-1.12.0.jar to /home/runner/.gradle/.tmp/gradle_download2213852512854189491bin
Downloading https://plugins.gradle.org/m2/org/jetbrains/kotlin/kotlin-gradle-plugin-idea/1.9.10/kotlin-gradle-plugin-idea-1.9.10.jar to /home/runner/.gradle/.tmp/gradle_download1821423735129488961bin
Downloading https://plugins.gradle.org/m2/org/jetbrains/kotlin/kotlin-gradle-plugin-idea-proto/1.9.10/kotlin-gradle-plugin-idea-proto-1.9.10.jar to /home/runner/.gradle/.tmp/gradle_download13444114218869801333bin
Downloading https://plugins.gradle.org/m2/org/jetbrains/kotlin/kotlin-project-model/1.9.10/kotlin-project-model-1.9.10.jar to /home/runner/.gradle/.tmp/gradle_download10184144521532081807bin
Downloading https://plugins.gradle.org/m2/org/jetbrains/kotlin/kotlin-tooling-core/1.9.10/kotlin-tooling-core-1.9.10.jar to /home/runner/.gradle/.tmp/gradle_download4289814379248202556bin
Downloading https://plugins.gradle.org/m2/org/jetbrains/kotlin/kotlin-klib-commonizer-api/1.9.10/kotlin-klib-commonizer-api-1.9.10.jar to /home/runner/.gradle/.tmp/gradle_download3898190608451753094bin
Downloading https://plugins.gradle.org/m2/org/jetbrains/kotlin/kotlin-native-utils/1.9.10/kotlin-native-utils-1.9.10.jar to /home/runner/.gradle/.tmp/gradle_download14221316691684174375bin
Downloading https://plugins.gradle.org/m2/org/jetbrains/kotlin/kotlin-util-klib/1.9.10/kotlin-util-klib-1.9.10.jar to /home/runner/.gradle/.tmp/gradle_download4276089514764488709bin
Downloading https://plugins.gradle.org/m2/org/jetbrains/kotlin/kotlin-build-tools-api/1.9.10/kotlin-build-tools-api-1.9.10.jar to /home/runner/.gradle/.tmp/gradle_download11162378342701934761bin
Downloading https://plugins.gradle.org/m2/org/jetbrains/kotlin/kotlin-android-extensions/1.9.10/kotlin-android-extensions-1.9.10.jar to /home/runner/.gradle/.tmp/gradle_download10459011791836650751bin
Downloading https://plugins.gradle.org/m2/org/jetbrains/kotlin/kotlin-compiler-runner/1.9.10/kotlin-compiler-runner-1.9.10.jar to /home/runner/.gradle/.tmp/gradle_download12343712772154540422bin
Downloading https://plugins.gradle.org/m2/org/jetbrains/kotlin/kotlin-compiler-embeddable/1.9.10/kotlin-compiler-embeddable-1.9.10.jar to /home/runner/.gradle/.tmp/gradle_download6774535862389102309bin
Downloading https://plugins.gradle.org/m2/org/jetbrains/kotlin/kotlin-scripting-compiler-embeddable/1.9.10/kotlin-scripting-compiler-embeddable-1.9.10.jar to /home/runner/.gradle/.tmp/gradle_download13030296049387076419bin
Downloading https://plugins.gradle.org/m2/org/jetbrains/kotlin/kotlin-scripting-compiler-impl-embeddable/1.9.10/kotlin-scripting-compiler-impl-embeddable-1.9.10.jar to /home/runner/.gradle/.tmp/gradle_download7960332148948608608bin
Downloading https://plugins.gradle.org/m2/com/google/jimfs/jimfs/1.1/jimfs-1.1.jar to /home/runner/.gradle/.tmp/gradle_download12183784409890501288bin
Downloading https://dl.google.com/dl/android/maven2/com/android/tools/build/apkzlib/8.2.2/apkzlib-8.2.2.jar to /home/runner/.gradle/.tmp/gradle_download457213157097826497bin
Downloading https://plugins.gradle.org/m2/io/grpc/grpc-protobuf-lite/1.45.1/grpc-protobuf-lite-1.45.1.jar to /home/runner/.gradle/.tmp/gradle_download18038891132334047710bin
Downloading https://plugins.gradle.org/m2/io/grpc/grpc-api/1.45.1/grpc-api-1.45.1.jar to /home/runner/.gradle/.tmp/gradle_download11120215595974504362bin
Downloading https://plugins.gradle.org/m2/com/google/guava/guava/31.1-jre/guava-31.1-jre.jar to /home/runner/.gradle/.tmp/gradle_download16845585399709507832bin
Downloading https://plugins.gradle.org/m2/com/google/dagger/dagger/2.28.3/dagger-2.28.3.jar to /home/runner/.gradle/.tmp/gradle_download4360254868085221035bin
Downloading https://plugins.gradle.org/m2/net/sf/kxml/kxml2/2.3.0/kxml2-2.3.0.jar to /home/runner/.gradle/.tmp/gradle_download5099899127303260667bin
Downloading https://plugins.gradle.org/m2/javax/inject/javax.inject/1/javax.inject-1.jar to /home/runner/.gradle/.tmp/gradle_download4707953662818985136bin
Downloading https://plugins.gradle.org/m2/org/jetbrains/intellij/deps/trove4j/1.0.20200330/trove4j-1.0.20200330.jar to /home/runner/.gradle/.tmp/gradle_download10787163466211064544bin
Downloading https://plugins.gradle.org/m2/org/bouncycastle/bcprov-jdk15on/1.67/bcprov-jdk15on-1.67.jar to /home/runner/.gradle/.tmp/gradle_download10075427868143014369bin
Downloading https://plugins.gradle.org/m2/org/jetbrains/kotlin/kotlin-reflect/1.9.0/kotlin-reflect-1.9.0.jar to /home/runner/.gradle/.tmp/gradle_download5998739505506040116bin
Downloading https://plugins.gradle.org/m2/xerces/xercesImpl/2.12.0/xercesImpl-2.12.0.jar to /home/runner/.gradle/.tmp/gradle_download12055801435502783267bin
Downloading https://plugins.gradle.org/m2/org/apache/commons/commons-compress/1.21/commons-compress-1.21.jar to /home/runner/.gradle/.tmp/gradle_download17580439152634952105bin
Downloading https://plugins.gradle.org/m2/org/apache/httpcomponents/httpclient/4.5.14/httpclient-4.5.14.jar to /home/runner/.gradle/.tmp/gradle_download15346316405692891610bin
Downloading https://plugins.gradle.org/m2/org/apache/httpcomponents/httpcore/4.4.16/httpcore-4.4.16.jar to /home/runner/.gradle/.tmp/gradle_download3909318331739945152bin
Downloading https://plugins.gradle.org/m2/com/sun/activation/javax.activation/1.2.0/javax.activation-1.2.0.jar to /home/runner/.gradle/.tmp/gradle_download9009563647037926653bin
Downloading https://plugins.gradle.org/m2/org/jetbrains/kotlin/kotlin-stdlib-jdk7/1.9.0/kotlin-stdlib-jdk7-1.9.0.jar to /home/runner/.gradle/.tmp/gradle_download7698166754283881548bin
Downloading https://plugins.gradle.org/m2/org/jetbrains/kotlin/kotlin-stdlib/1.9.0/kotlin-stdlib-1.9.0.jar to /home/runner/.gradle/.tmp/gradle_download12662353534607186104bin
Downloading https://plugins.gradle.org/m2/org/jetbrains/annotations/13.0/annotations-13.0.jar to /home/runner/.gradle/.tmp/gradle_download16320742359758597126bin
Downloading https://dl.google.com/dl/android/maven2/com/google/testing/platform/core-proto/0.0.8-alpha08/core-proto-0.0.8-alpha08.jar to /home/runner/.gradle/.tmp/gradle_download15080419182278923143bin
Downloading https://plugins.gradle.org/m2/net/java/dev/jna/jna-platform/5.6.0/jna-platform-5.6.0.jar to /home/runner/.gradle/.tmp/gradle_download13846864850671194316bin
Downloading https://plugins.gradle.org/m2/com/googlecode/juniversalchardet/juniversalchardet/1.0.3/juniversalchardet-1.0.3.jar to /home/runner/.gradle/.tmp/gradle_download5566198438836599166bin
Downloading https://plugins.gradle.org/m2/javax/annotation/javax.annotation-api/1.3.2/javax.annotation-api-1.3.2.jar to /home/runner/.gradle/.tmp/gradle_download15526571809103294914bin
Downloading https://dl.google.com/dl/android/maven2/com/android/signflinger/8.2.2/signflinger-8.2.2.jar to /home/runner/.gradle/.tmp/gradle_download13296773793474177224bin
Downloading https://plugins.gradle.org/m2/org/jvnet/staxex/stax-ex/1.8.1/stax-ex-1.8.1.jar to /home/runner/.gradle/.tmp/gradle_download16754032207479829574bin
Downloading https://plugins.gradle.org/m2/jakarta/xml/bind/jakarta.xml.bind-api/2.3.2/jakarta.xml.bind-api-2.3.2.jar to /home/runner/.gradle/.tmp/gradle_download3628025766899446140bin
Downloading https://plugins.gradle.org/m2/org/glassfish/jaxb/txw2/2.3.2/txw2-2.3.2.jar to /home/runner/.gradle/.tmp/gradle_download6195840784789398051bin
Downloading https://plugins.gradle.org/m2/com/sun/istack/istack-commons-runtime/3.0.8/istack-commons-runtime-3.0.8.jar to /home/runner/.gradle/.tmp/gradle_download17399746309194472405bin
Downloading https://dl.google.com/dl/android/maven2/com/android/tools/annotations/31.2.2/annotations-31.2.2.jar to /home/runner/.gradle/.tmp/gradle_download10561097872726735109bin
Downloading https://plugins.gradle.org/m2/com/sun/xml/fastinfoset/FastInfoset/1.2.16/FastInfoset-1.2.16.jar to /home/runner/.gradle/.tmp/gradle_download10375031678415834258bin
Downloading https://dl.google.com/dl/android/maven2/com/android/zipflinger/8.2.2/zipflinger-8.2.2.jar to /home/runner/.gradle/.tmp/gradle_download3623877638695429334bin
Downloading https://plugins.gradle.org/m2/jakarta/activation/jakarta.activation-api/1.2.1/jakarta.activation-api-1.2.1.jar to /home/runner/.gradle/.tmp/gradle_download13071177637740137448bin
Downloading https://plugins.gradle.org/m2/com/google/auto/value/auto-value-annotations/1.6.2/auto-value-annotations-1.6.2.jar to /home/runner/.gradle/.tmp/gradle_download7289528755858400286bin
Downloading https://plugins.gradle.org/m2/com/google/errorprone/error_prone_annotations/2.11.0/error_prone_annotations-2.11.0.jar to /home/runner/.gradle/.tmp/gradle_download12886570812229221592bin
Downloading https://plugins.gradle.org/m2/org/slf4j/slf4j-api/1.7.30/slf4j-api-1.7.30.jar to /home/runner/.gradle/.tmp/gradle_download6478069594154663712bin
Downloading https://plugins.gradle.org/m2/org/bitbucket/b_c/jose4j/0.7.0/jose4j-0.7.0.jar to /home/runner/.gradle/.tmp/gradle_download17791300723069206826bin
Downloading https://plugins.gradle.org/m2/com/google/j2objc/j2objc-annotations/1.3/j2objc-annotations-1.3.jar to /home/runner/.gradle/.tmp/gradle_download8355635639702771691bin
Downloading https://plugins.gradle.org/m2/org/jdom/jdom2/2.0.6/jdom2-2.0.6.jar to /home/runner/.gradle/.tmp/gradle_download13427596833153234109bin
Downloading https://plugins.gradle.org/m2/com/google/code/findbugs/jsr305/3.0.2/jsr305-3.0.2.jar to /home/runner/.gradle/.tmp/gradle_download9643265011406665957bin
Downloading https://plugins.gradle.org/m2/com/google/android/annotations/4.1.1.4/annotations-4.1.1.4.jar to /home/runner/.gradle/.tmp/gradle_download10543847519710838857bin
Downloading https://plugins.gradle.org/m2/org/codehaus/mojo/animal-sniffer-annotations/1.19/animal-sniffer-annotations-1.19.jar to /home/runner/.gradle/.tmp/gradle_download17486272505324685201bin
Downloading https://plugins.gradle.org/m2/io/netty/netty-handler-proxy/4.1.72.Final/netty-handler-proxy-4.1.72.Final.jar to /home/runner/.gradle/.tmp/gradle_download9546638203842463051bin
Downloading https://plugins.gradle.org/m2/io/netty/netty-codec-http2/4.1.72.Final/netty-codec-http2-4.1.72.Final.jar to /home/runner/.gradle/.tmp/gradle_download17897779653799015822bin
Downloading https://plugins.gradle.org/m2/io/perfmark/perfmark-api/0.23.0/perfmark-api-0.23.0.jar to /home/runner/.gradle/.tmp/gradle_download18334587412574175610bin
Downloading https://plugins.gradle.org/m2/org/checkerframework/checker-qual/3.12.0/checker-qual-3.12.0.jar to /home/runner/.gradle/.tmp/gradle_download5225190666032991555bin
Downloading https://plugins.gradle.org/m2/commons-codec/commons-codec/1.11/commons-codec-1.11.jar to /home/runner/.gradle/.tmp/gradle_download15674429258768354882bin
Downloading https://plugins.gradle.org/m2/com/squareup/javawriter/2.5.0/javawriter-2.5.0.jar to /home/runner/.gradle/.tmp/gradle_download16746974330568892672bin
Downloading https://plugins.gradle.org/m2/org/jetbrains/kotlin/kotlin-util-io/1.9.10/kotlin-util-io-1.9.10.jar to /home/runner/.gradle/.tmp/gradle_download14514278226260291529bin
Downloading https://plugins.gradle.org/m2/org/jetbrains/kotlin/kotlin-gradle-plugin-annotations/1.9.10/kotlin-gradle-plugin-annotations-1.9.10.jar to /home/runner/.gradle/.tmp/gradle_download8201676321150508804bin
Downloading https://plugins.gradle.org/m2/org/jetbrains/kotlin/kotlin-daemon-embeddable/1.9.10/kotlin-daemon-embeddable-1.9.10.jar to /home/runner/.gradle/.tmp/gradle_download9795670788959678526bin
Downloading https://plugins.gradle.org/m2/org/jetbrains/kotlinx/kotlinx-coroutines-core-jvm/1.5.0/kotlinx-coroutines-core-jvm-1.5.0.jar to /home/runner/.gradle/.tmp/gradle_download10480900767928031835bin
Downloading https://plugins.gradle.org/m2/org/jetbrains/kotlin/kotlin-daemon-client/1.9.10/kotlin-daemon-client-1.9.10.jar to /home/runner/.gradle/.tmp/gradle_download8088354262283030131bin
Downloading https://plugins.gradle.org/m2/org/jetbrains/kotlin/kotlin-scripting-jvm/1.9.10/kotlin-scripting-jvm-1.9.10.jar to /home/runner/.gradle/.tmp/gradle_download3673612436911807884bin
Downloading https://plugins.gradle.org/m2/org/jetbrains/kotlin/kotlin-scripting-common/1.9.10/kotlin-scripting-common-1.9.10.jar to /home/runner/.gradle/.tmp/gradle_download3726649897610838500bin
Downloading https://plugins.gradle.org/m2/com/google/guava/failureaccess/1.0.1/failureaccess-1.0.1.jar to /home/runner/.gradle/.tmp/gradle_download1757665413842078040bin
Downloading https://plugins.gradle.org/m2/com/google/guava/listenablefuture/9999.0-empty-to-avoid-conflict-with-guava/listenablefuture-9999.0-empty-to-avoid-conflict-with-guava.jar to /home/runner/.gradle/.tmp/gradle_download2276230671702228351bin
Downloading https://plugins.gradle.org/m2/xml-apis/xml-apis/1.4.01/xml-apis-1.4.01.jar to /home/runner/.gradle/.tmp/gradle_download8009047151866006163bin
Downloading https://plugins.gradle.org/m2/commons-logging/commons-logging/1.2/commons-logging-1.2.jar to /home/runner/.gradle/.tmp/gradle_download2884369114745147811bin
Downloading https://plugins.gradle.org/m2/net/java/dev/jna/jna/5.6.0/jna-5.6.0.jar to /home/runner/.gradle/.tmp/gradle_download9884339270397333993bin
Downloading https://plugins.gradle.org/m2/org/jetbrains/kotlin/kotlin-stdlib-common/1.9.0/kotlin-stdlib-common-1.9.0.jar to /home/runner/.gradle/.tmp/gradle_download1859992176257907207bin
Downloading https://plugins.gradle.org/m2/io/grpc/grpc-context/1.45.1/grpc-context-1.45.1.jar to /home/runner/.gradle/.tmp/gradle_download15737586707711816813bin
Downloading https://plugins.gradle.org/m2/io/netty/netty-codec-http/4.1.72.Final/netty-codec-http-4.1.72.Final.jar to /home/runner/.gradle/.tmp/gradle_download1377908773821279680bin
Downloading https://plugins.gradle.org/m2/io/netty/netty-codec-socks/4.1.72.Final/netty-codec-socks-4.1.72.Final.jar to /home/runner/.gradle/.tmp/gradle_download3382540488950156494bin
Downloading https://plugins.gradle.org/m2/io/netty/netty-handler/4.1.72.Final/netty-handler-4.1.72.Final.jar to /home/runner/.gradle/.tmp/gradle_download18381051510785635572bin
Downloading https://plugins.gradle.org/m2/io/netty/netty-codec/4.1.72.Final/netty-codec-4.1.72.Final.jar to /home/runner/.gradle/.tmp/gradle_download6427061749713504244bin
Downloading https://plugins.gradle.org/m2/io/netty/netty-buffer/4.1.72.Final/netty-buffer-4.1.72.Final.jar to /home/runner/.gradle/.tmp/gradle_download1723766634257308760bin
Downloading https://plugins.gradle.org/m2/io/netty/netty-transport/4.1.72.Final/netty-transport-4.1.72.Final.jar to /home/runner/.gradle/.tmp/gradle_download2576566656031493457bin
Downloading https://plugins.gradle.org/m2/io/netty/netty-resolver/4.1.72.Final/netty-resolver-4.1.72.Final.jar to /home/runner/.gradle/.tmp/gradle_download16753765161178590095bin
Downloading https://plugins.gradle.org/m2/io/netty/netty-common/4.1.72.Final/netty-common-4.1.72.Final.jar to /home/runner/.gradle/.tmp/gradle_download12278298711606137043bin
Downloading https://plugins.gradle.org/m2/io/netty/netty-tcnative-classes/2.0.46.Final/netty-tcnative-classes-2.0.46.Final.jar to /home/runner/.gradle/.tmp/gradle_download8027381263349733289bin
Downloading https://dl.google.com/dl/android/maven2/com/android/tools/build/apksig/8.2.2/apksig-8.2.2.jar to /home/runner/.gradle/.tmp/gradle_download1968783284916959401bin
Compiling build file '/home/runner/work/Packaging-warehouse/Packaging-warehouse/build.gradle' using BuildScriptTransformer.

> Configure project :app
Evaluating project ':app' using build file '/home/runner/work/Packaging-warehouse/Packaging-warehouse/app/build.gradle'.
Compiling build file '/home/runner/work/Packaging-warehouse/Packaging-warehouse/app/build.gradle' using SubsetScriptTransformer.
Using default execution profile
Using Kotlin Gradle Plugin gradle81 variant
Compiling build file '/home/runner/work/Packaging-warehouse/Packaging-warehouse/app/build.gradle' using BuildScriptTransformer.
