Downloading https://services.gradle.org/distributions/gradle-8.2.1-all.zip
..................10%..................20%...................30%..................40%...................50%..................60%..................70%...................80%..................90%...................100%
Initialized native services in: /home/runner/.gradle/native
Initialized jansi services in: /home/runner/.gradle/native

Welcome to Gradle 8.2.1!

Here are the highlights of this release:
 - Kotlin DSL: new reference documentation, assignment syntax by default
 - Kotlin DSL is now the default with Gradle init
 - Improved suggestions to resolve errors in console output
 - Reduced sync memory consumption

For more details see https://docs.gradle.org/8.2.1/release-notes.html

Received JVM installation metadata from '/usr/lib/jvm/temurin-17-jdk-amd64': {JAVA_HOME=/usr/lib/jvm/temurin-17-jdk-amd64, JAVA_VERSION=17.0.16, JAVA_VENDOR=Eclipse Adoptium, RUNTIME_NAME=OpenJDK Runtime Environment, RUNTIME_VERSION=17.0.16+8, VM_NAME=OpenJDK 64-Bit Server VM, VM_VERSION=17.0.16+8, VM_VENDOR=Eclipse Adoptium, OS_ARCH=amd64}
Removing 0 daemon stop events from registry
Starting a Gradle Daemon (subsequent builds will be faster)
Starting process 'Gradle build daemon'. Working directory: /home/runner/.gradle/daemon/8.2.1 Command: /usr/lib/jvm/temurin-17-jdk-amd64/bin/java --add-opens=java.base/java.util=ALL-UNNAMED --add-opens=java.base/java.lang=ALL-UNNAMED --add-opens=java.base/java.lang.invoke=ALL-UNNAMED --add-opens=java.prefs/java.util.prefs=ALL-UNNAMED --add-opens=java.base/java.nio.charset=ALL-UNNAMED --add-opens=java.base/java.net=ALL-UNNAMED --add-opens=java.base/java.util.concurrent.atomic=ALL-UNNAMED -Xmx2048m -Dfile.encoding=UTF-8 -Duser.country -Duser.language=en -Duser.variant -cp /home/runner/.gradle/wrapper/dists/gradle-8.2.1-all/d8pvvlun5bx6sdtwqhf8y9z4b/gradle-8.2.1/lib/gradle-launcher-8.2.1.jar -javaagent:/home/runner/.gradle/wrapper/dists/gradle-8.2.1-all/d8pvvlun5bx6sdtwqhf8y9z4b/gradle-8.2.1/lib/agents/gradle-instrumentation-agent-8.2.1.jar org.gradle.launcher.daemon.bootstrap.GradleDaemon 8.2.1
Successfully started process 'Gradle build daemon'
An attempt to start the daemon took 1.508 secs.
The client will now receive all logging from the daemon (pid: 1989). The daemon log file: /home/runner/.gradle/daemon/8.2.1/daemon-1989.out.log
Starting build in new daemon [memory: 2 GiB]
Closing daemon's stdin at end of input.
The daemon will no longer process any standard input.
Using 4 worker leases.
Received JVM installation metadata from '/usr/lib/jvm/temurin-17-jdk-amd64': {JAVA_HOME=/usr/lib/jvm/temurin-17-jdk-amd64, JAVA_VERSION=17.0.16, JAVA_VENDOR=Eclipse Adoptium, RUNTIME_NAME=OpenJDK Runtime Environment, RUNTIME_VERSION=17.0.16+8, VM_NAME=OpenJDK 64-Bit Server VM, VM_VERSION=17.0.16+8, VM_VENDOR=Eclipse Adoptium, OS_ARCH=amd64}
Watching the file system is configured to be enabled if available
Now considering [/home/runner/work/Packaging-warehouse/Packaging-warehouse] as hierarchies to watch
File system watching is active
Compiling initialization script '/home/runner/.gradle/init.d/gradle-actions.build-result-capture.init.gradle' using SubsetScriptTransformer.
Compiling initialization script '/home/runner/.gradle/init.d/gradle-actions.build-result-capture.init.gradle' using BuildScriptTransformer.
Compiling initialization script '/home/runner/.gradle/init.d/gradle-actions.github-dependency-graph.init.gradle' using SubsetScriptTransformer.
Compiling initialization script '/home/runner/.gradle/init.d/gradle-actions.github-dependency-graph.init.gradle' using BuildScriptTransformer.
Compiling initialization script '/home/runner/.gradle/init.d/gradle-actions.inject-develocity.init.gradle' using SubsetScriptTransformer.
Compiling initialization script '/home/runner/.gradle/init.d/gradle-actions.inject-develocity.init.gradle' using BuildScriptTransformer.
Starting Build
Compiling settings file '/home/runner/work/Packaging-warehouse/Packaging-warehouse/settings.gradle' using SubsetScriptTransformer.
Compiling settings file '/home/runner/work/Packaging-warehouse/Packaging-warehouse/settings.gradle' using BuildScriptTransformer.
Settings evaluated using settings file '/home/runner/work/Packaging-warehouse/Packaging-warehouse/settings.gradle'.
Compiling script '/home/runner/.gradle/init.d/gradle-actions.build-result-capture-service.plugin.groovy' using SubsetScriptTransformer.
Compiling script '/home/runner/.gradle/init.d/gradle-actions.build-result-capture-service.plugin.groovy' using BuildScriptTransformer.
Projects loaded. Root project using build file '/home/runner/work/Packaging-warehouse/Packaging-warehouse/build.gradle'.
Included projects: [root project 'NDJCApp', project ':app']

> Configure project :
Evaluating root project 'NDJCApp' using build file '/home/runner/work/Packaging-warehouse/Packaging-warehouse/build.gradle'.
Compiling build file '/home/runner/work/Packaging-warehouse/Packaging-warehouse/build.gradle' using SubsetScriptTransformer.
The configuration detachedConfiguration1 is both resolvable and consumable. This is considered a legacy configuration and it will eventually only be possible to be one of these.
The configuration detachedConfiguration1 is both consumable and declarable. This combination is incorrect, only one of these flags should be set.
The configuration detachedConfiguration1 is both resolvable and consumable. This is considered a legacy configuration and it will eventually only be possible to be one of these.
The configuration detachedConfiguration1 is both consumable and declarable. This combination is incorrect, only one of these flags should be set.
Resource missing. [HTTP GET: https://repo.maven.apache.org/maven2/com/android/application/com.android.application.gradle.plugin/8.2.2/com.android.application.gradle.plugin-8.2.2.pom]
Downloading https://dl.google.com/dl/android/maven2/com/android/application/com.android.application.gradle.plugin/8.2.2/com.android.application.gradle.plugin-8.2.2.pom to /home/runner/.gradle/.tmp/gradle_download16593016708291755804bin
The configuration detachedConfiguration2 is both resolvable and consumable. This is considered a legacy configuration and it will eventually only be possible to be one of these.
The configuration detachedConfiguration2 is both consumable and declarable. This combination is incorrect, only one of these flags should be set.
The configuration detachedConfiguration2 is both resolvable and consumable. This is considered a legacy configuration and it will eventually only be possible to be one of these.
The configuration detachedConfiguration2 is both consumable and declarable. This combination is incorrect, only one of these flags should be set.
Downloading https://plugins.gradle.org/m2/org/jetbrains/kotlin/android/org.jetbrains.kotlin.android.gradle.plugin/1.9.10/org.jetbrains.kotlin.android.gradle.plugin-1.9.10.pom to /home/runner/.gradle/.tmp/gradle_download1308333402191873873bin
The configuration :classpath is both resolvable and consumable. This is considered a legacy configuration and it will eventually only be possible to be one of these.
The configuration :classpath is both consumable and declarable. This combination is incorrect, only one of these flags should be set.
The configuration :classpath is both resolvable and consumable. This is considered a legacy configuration and it will eventually only be possible to be one of these.
The configuration :classpath is both consumable and declarable. This combination is incorrect, only one of these flags should be set.
Resource missing. [HTTP GET: https://repo.maven.apache.org/maven2/com/android/tools/build/gradle/8.2.2/gradle-8.2.2.pom]
Downloading https://dl.google.com/dl/android/maven2/com/android/tools/build/gradle/8.2.2/gradle-8.2.2.pom to /home/runner/.gradle/.tmp/gradle_download6261087065545683119bin
Downloading https://dl.google.com/dl/android/maven2/com/android/tools/build/gradle/8.2.2/gradle-8.2.2.module to /home/runner/.gradle/.tmp/gradle_download12593276699398257742bin
Downloading https://plugins.gradle.org/m2/org/jetbrains/kotlin/kotlin-gradle-plugin/1.9.10/kotlin-gradle-plugin-1.9.10.pom to /home/runner/.gradle/.tmp/gradle_download17644600787551994124bin
Downloading https://plugins.gradle.org/m2/org/jetbrains/kotlin/kotlin-gradle-plugins-bom/1.9.10/kotlin-gradle-plugins-bom-1.9.10.pom to /home/runner/.gradle/.tmp/gradle_download11384425906468965977bin
Downloading https://plugins.gradle.org/m2/org/jetbrains/kotlin/kotlin-gradle-plugins-bom/1.9.10/kotlin-gradle-plugins-bom-1.9.10.module to /home/runner/.gradle/.tmp/gradle_download2152861542071884937bin
Downloading https://plugins.gradle.org/m2/org/jetbrains/kotlin/kotlin-gradle-plugin/1.9.10/kotlin-gradle-plugin-1.9.10.module to /home/runner/.gradle/.tmp/gradle_download6688620003659245362bin
Resource missing. [HTTP GET: https://repo.maven.apache.org/maven2/com/android/tools/sdklib/31.2.2/sdklib-31.2.2.pom]
Resource missing. [HTTP GET: https://repo.maven.apache.org/maven2/com/android/tools/repository/31.2.2/repository-31.2.2.pom]
Resource missing. [HTTP GET: https://repo.maven.apache.org/maven2/com/android/tools/build/gradle-settings-api/8.2.2/gradle-settings-api-8.2.2.pom]
Resource missing. [HTTP GET: https://repo.maven.apache.org/maven2/com/android/tools/sdk-common/31.2.2/sdk-common-31.2.2.pom]
Downloading https://dl.google.com/dl/android/maven2/com/android/tools/sdklib/31.2.2/sdklib-31.2.2.pom to /home/runner/.gradle/.tmp/gradle_download372056469102740584bin
Resource missing. [HTTP GET: https://repo.maven.apache.org/maven2/com/android/tools/ddms/ddmlib/31.2.2/ddmlib-31.2.2.pom]
Downloading https://dl.google.com/dl/android/maven2/com/android/tools/repository/31.2.2/repository-31.2.2.pom to /home/runner/.gradle/.tmp/gradle_download12883878665205906117bin
Downloading https://dl.google.com/dl/android/maven2/com/android/tools/build/gradle-settings-api/8.2.2/gradle-settings-api-8.2.2.pom to /home/runner/.gradle/.tmp/gradle_download354632295364939628bin
Resource missing. [HTTP GET: https://repo.maven.apache.org/maven2/com/android/tools/build/aapt2-proto/8.2.2-10154469/aapt2-proto-8.2.2-10154469.pom]
Downloading https://dl.google.com/dl/android/maven2/com/android/tools/ddms/ddmlib/31.2.2/ddmlib-31.2.2.pom to /home/runner/.gradle/.tmp/gradle_download14421153997272373289bin
Resource missing. [HTTP GET: https://repo.maven.apache.org/maven2/com/android/tools/build/aaptcompiler/8.2.2/aaptcompiler-8.2.2.pom]
Downloading https://dl.google.com/dl/android/maven2/com/android/tools/sdk-common/31.2.2/sdk-common-31.2.2.pom to /home/runner/.gradle/.tmp/gradle_download11383123197643358936bin
Downloading https://dl.google.com/dl/android/maven2/com/android/tools/build/gradle-settings-api/8.2.2/gradle-settings-api-8.2.2.module to /home/runner/.gradle/.tmp/gradle_download16473347319667915604bin
Downloading https://dl.google.com/dl/android/maven2/com/android/tools/build/aapt2-proto/8.2.2-10154469/aapt2-proto-8.2.2-10154469.pom to /home/runner/.gradle/.tmp/gradle_download12599204775283780304bin
Resource missing. [HTTP GET: https://repo.maven.apache.org/maven2/com/android/tools/analytics-library/crash/31.2.2/crash-31.2.2.pom]
Resource missing. [HTTP GET: https://repo.maven.apache.org/maven2/com/android/tools/analytics-library/shared/31.2.2/shared-31.2.2.pom]
Downloading https://dl.google.com/dl/android/maven2/com/android/tools/build/aaptcompiler/8.2.2/aaptcompiler-8.2.2.pom to /home/runner/.gradle/.tmp/gradle_download15067660939464155458bin
Downloading https://dl.google.com/dl/android/maven2/com/android/tools/build/aapt2-proto/8.2.2-10154469/aapt2-proto-8.2.2-10154469.module to /home/runner/.gradle/.tmp/gradle_download3342219835437401487bin
Downloading https://dl.google.com/dl/android/maven2/com/android/tools/analytics-library/shared/31.2.2/shared-31.2.2.pom to /home/runner/.gradle/.tmp/gradle_download17566476275821250826bin
Resource missing. [HTTP GET: https://repo.maven.apache.org/maven2/com/android/tools/lint/lint-model/31.2.2/lint-model-31.2.2.pom]
Resource missing. [HTTP GET: https://repo.maven.apache.org/maven2/com/android/tools/lint/lint-typedef-remover/31.2.2/lint-typedef-remover-31.2.2.pom]
Downloading https://dl.google.com/dl/android/maven2/com/android/tools/analytics-library/crash/31.2.2/crash-31.2.2.pom to /home/runner/.gradle/.tmp/gradle_download11167904008813863402bin
Resource missing. [HTTP GET: https://repo.maven.apache.org/maven2/androidx/databinding/databinding-compiler-common/8.2.2/databinding-compiler-common-8.2.2.pom]
Downloading https://dl.google.com/dl/android/maven2/com/android/tools/build/aaptcompiler/8.2.2/aaptcompiler-8.2.2.module to /home/runner/.gradle/.tmp/gradle_download12937901235256790481bin
Downloading https://dl.google.com/dl/android/maven2/com/android/tools/lint/lint-typedef-remover/31.2.2/lint-typedef-remover-31.2.2.pom to /home/runner/.gradle/.tmp/gradle_download3180537427672604364bin
Resource missing. [HTTP GET: https://repo.maven.apache.org/maven2/androidx/databinding/databinding-common/8.2.2/databinding-common-8.2.2.pom]
Resource missing. [HTTP GET: https://repo.maven.apache.org/maven2/com/android/databinding/baseLibrary/8.2.2/baseLibrary-8.2.2.pom]
Downloading https://dl.google.com/dl/android/maven2/com/android/tools/lint/lint-model/31.2.2/lint-model-31.2.2.pom to /home/runner/.gradle/.tmp/gradle_download12257686406860400926bin
Downloading https://dl.google.com/dl/android/maven2/androidx/databinding/databinding-compiler-common/8.2.2/databinding-compiler-common-8.2.2.pom to /home/runner/.gradle/.tmp/gradle_download16260140156973656656bin
Resource missing. [HTTP GET: https://repo.maven.apache.org/maven2/com/android/tools/build/builder-test-api/8.2.2/builder-test-api-8.2.2.pom]
Resource missing. [HTTP GET: https://repo.maven.apache.org/maven2/com/android/tools/layoutlib/layoutlib-api/31.2.2/layoutlib-api-31.2.2.pom]
Downloading https://dl.google.com/dl/android/maven2/com/android/databinding/baseLibrary/8.2.2/baseLibrary-8.2.2.pom to /home/runner/.gradle/.tmp/gradle_download9980443459517353830bin
Resource missing. [HTTP GET: https://repo.maven.apache.org/maven2/com/android/tools/utp/android-device-provider-ddmlib-proto/31.2.2/android-device-provider-ddmlib-proto-31.2.2.pom]
Downloading https://dl.google.com/dl/android/maven2/com/android/tools/layoutlib/layoutlib-api/31.2.2/layoutlib-api-31.2.2.pom to /home/runner/.gradle/.tmp/gradle_download12221191512102816531bin
Downloading https://dl.google.com/dl/android/maven2/androidx/databinding/databinding-common/8.2.2/databinding-common-8.2.2.pom to /home/runner/.gradle/.tmp/gradle_download6012741438079995154bin
Resource missing. [HTTP GET: https://repo.maven.apache.org/maven2/com/android/tools/utp/android-device-provider-gradle-proto/31.2.2/android-device-provider-gradle-proto-31.2.2.pom]
Resource missing. [HTTP GET: https://repo.maven.apache.org/maven2/com/android/tools/utp/android-test-plugin-host-additional-test-output-proto/31.2.2/android-test-plugin-host-additional-test-output-proto-31.2.2.pom]
Downloading https://dl.google.com/dl/android/maven2/com/android/tools/build/builder-test-api/8.2.2/builder-test-api-8.2.2.pom to /home/runner/.gradle/.tmp/gradle_download12175000061065936042bin
Downloading https://dl.google.com/dl/android/maven2/com/android/tools/utp/android-device-provider-gradle-proto/31.2.2/android-device-provider-gradle-proto-31.2.2.pom to /home/runner/.gradle/.tmp/gradle_download9128472045783894565bin
Downloading https://dl.google.com/dl/android/maven2/com/android/tools/utp/android-device-provider-ddmlib-proto/31.2.2/android-device-provider-ddmlib-proto-31.2.2.pom to /home/runner/.gradle/.tmp/gradle_download6701511050351600277bin
Resource missing. [HTTP GET: https://repo.maven.apache.org/maven2/com/android/tools/utp/android-test-plugin-host-coverage-proto/31.2.2/android-test-plugin-host-coverage-proto-31.2.2.pom]
Downloading https://dl.google.com/dl/android/maven2/com/android/tools/build/builder-test-api/8.2.2/builder-test-api-8.2.2.module to /home/runner/.gradle/.tmp/gradle_download15189332023230596435bin
Resource missing. [HTTP GET: https://repo.maven.apache.org/maven2/com/android/tools/utp/android-test-plugin-host-emulator-control-proto/31.2.2/android-test-plugin-host-emulator-control-proto-31.2.2.pom]
Downloading https://dl.google.com/dl/android/maven2/com/android/tools/utp/android-test-plugin-host-additional-test-output-proto/31.2.2/android-test-plugin-host-additional-test-output-proto-31.2.2.pom to /home/runner/.gradle/.tmp/gradle_download14450253279977421050bin
Resource missing. [HTTP GET: https://repo.maven.apache.org/maven2/com/android/tools/utp/android-test-plugin-host-logcat-proto/31.2.2/android-test-plugin-host-logcat-proto-31.2.2.pom]
Resource missing. [HTTP GET: https://repo.maven.apache.org/maven2/com/android/tools/utp/android-test-plugin-host-apk-installer-proto/31.2.2/android-test-plugin-host-apk-installer-proto-31.2.2.pom]
Downloading https://dl.google.com/dl/android/maven2/com/android/tools/utp/android-test-plugin-host-coverage-proto/31.2.2/android-test-plugin-host-coverage-proto-31.2.2.pom to /home/runner/.gradle/.tmp/gradle_download10333503123197959622bin
Downloading https://dl.google.com/dl/android/maven2/com/android/tools/utp/android-test-plugin-host-apk-installer-proto/31.2.2/android-test-plugin-host-apk-installer-proto-31.2.2.pom to /home/runner/.gradle/.tmp/gradle_download15173118044275574016bin
Resource missing. [HTTP GET: https://repo.maven.apache.org/maven2/com/android/tools/utp/android-test-plugin-host-retention-proto/31.2.2/android-test-plugin-host-retention-proto-31.2.2.pom]
Downloading https://dl.google.com/dl/android/maven2/com/android/tools/utp/android-test-plugin-host-logcat-proto/31.2.2/android-test-plugin-host-logcat-proto-31.2.2.pom to /home/runner/.gradle/.tmp/gradle_download1260725542931356855bin
Downloading https://dl.google.com/dl/android/maven2/com/android/tools/utp/android-test-plugin-host-emulator-control-proto/31.2.2/android-test-plugin-host-emulator-control-proto-31.2.2.pom to /home/runner/.gradle/.tmp/gradle_download1839247839895197008bin
Downloading https://plugins.gradle.org/m2/org/jetbrains/kotlin/kotlin-stdlib-jdk8/1.9.0/kotlin-stdlib-jdk8-1.9.0.pom to /home/runner/.gradle/.tmp/gradle_download4781759459338317073bin
Resource missing. [HTTP GET: https://repo.maven.apache.org/maven2/com/android/tools/utp/android-test-plugin-result-listener-gradle-proto/31.2.2/android-test-plugin-result-listener-gradle-proto-31.2.2.pom]
Downloading https://plugins.gradle.org/m2/com/android/tools/build/transform-api/2.0.0-deprecated-use-gradle-api/transform-api-2.0.0-deprecated-use-gradle-api.pom to /home/runner/.gradle/.tmp/gradle_download9691381001760048966bin
Downloading https://plugins.gradle.org/m2/org/apache/httpcomponents/httpmime/4.5.6/httpmime-4.5.6.pom to /home/runner/.gradle/.tmp/gradle_download6273975304717568192bin
Downloading https://plugins.gradle.org/m2/commons-io/commons-io/2.4/commons-io-2.4.pom to /home/runner/.gradle/.tmp/gradle_download10776576695270030333bin
Downloading https://plugins.gradle.org/m2/org/apache/httpcomponents/httpcomponents-client/4.5.6/httpcomponents-client-4.5.6.pom to /home/runner/.gradle/.tmp/gradle_download14958266081794787011bin
Downloading https://plugins.gradle.org/m2/org/apache/commons/commons-parent/25/commons-parent-25.pom to /home/runner/.gradle/.tmp/gradle_download10413590626750936771bin
Downloading https://plugins.gradle.org/m2/org/apache/httpcomponents/httpcomponents-parent/10/httpcomponents-parent-10.pom to /home/runner/.gradle/.tmp/gradle_download14776034545029140043bin
Downloading https://plugins.gradle.org/m2/org/apache/apache/18/apache-18.pom to /home/runner/.gradle/.tmp/gradle_download17072631262806865912bin
Downloading https://plugins.gradle.org/m2/org/apache/apache/9/apache-9.pom to /home/runner/.gradle/.tmp/gradle_download11841476157572150177bin
Downloading https://plugins.gradle.org/m2/org/ow2/asm/asm/9.2/asm-9.2.pom to /home/runner/.gradle/.tmp/gradle_download6476342527421198953bin
Downloading https://plugins.gradle.org/m2/org/ow2/asm/asm-analysis/9.2/asm-analysis-9.2.pom to /home/runner/.gradle/.tmp/gradle_download6865575093554923630bin
Downloading https://plugins.gradle.org/m2/org/ow2/ow2/1.5/ow2-1.5.pom to /home/runner/.gradle/.tmp/gradle_download12686545867725738008bin
Downloading https://plugins.gradle.org/m2/org/ow2/asm/asm-commons/9.2/asm-commons-9.2.pom to /home/runner/.gradle/.tmp/gradle_download6245415259643978079bin
Downloading https://plugins.gradle.org/m2/org/ow2/asm/asm-util/9.2/asm-util-9.2.pom to /home/runner/.gradle/.tmp/gradle_download543905310126992115bin
Downloading https://plugins.gradle.org/m2/org/bouncycastle/bcpkix-jdk15on/1.67/bcpkix-jdk15on-1.67.pom to /home/runner/.gradle/.tmp/gradle_download6548309386847054302bin
Downloading https://plugins.gradle.org/m2/net/sf/jopt-simple/jopt-simple/4.9/jopt-simple-4.9.pom to /home/runner/.gradle/.tmp/gradle_download16910596940213842329bin
Downloading https://plugins.gradle.org/m2/org/glassfish/jaxb/jaxb-runtime/2.3.2/jaxb-runtime-2.3.2.pom to /home/runner/.gradle/.tmp/gradle_download3039365062746931105bin
Downloading https://plugins.gradle.org/m2/org/sonatype/oss/oss-parent/7/oss-parent-7.pom to /home/runner/.gradle/.tmp/gradle_download8405368695765860827bin
Downloading https://plugins.gradle.org/m2/com/sun/xml/bind/mvn/jaxb-runtime-parent/2.3.2/jaxb-runtime-parent-2.3.2.pom to /home/runner/.gradle/.tmp/gradle_download8361419809471538462bin
Downloading https://dl.google.com/dl/android/maven2/com/android/tools/utp/android-test-plugin-result-listener-gradle-proto/31.2.2/android-test-plugin-result-listener-gradle-proto-31.2.2.pom to /home/runner/.gradle/.tmp/gradle_download10680495087019402581bin
Downloading https://plugins.gradle.org/m2/com/sun/xml/bind/mvn/jaxb-parent/2.3.2/jaxb-parent-2.3.2.pom to /home/runner/.gradle/.tmp/gradle_download14765077262947471572bin
Resource missing. [HTTP GET: https://repo.maven.apache.org/maven2/com/android/tools/build/bundletool/1.15.2/bundletool-1.15.2.pom]
Resource missing. [HTTP GET: https://repo.maven.apache.org/maven2/com/android/tools/build/jetifier/jetifier-core/1.0.0-beta10/jetifier-core-1.0.0-beta10.pom]
Downloading https://plugins.gradle.org/m2/com/sun/xml/bind/jaxb-bom-ext/2.3.2/jaxb-bom-ext-2.3.2.pom to /home/runner/.gradle/.tmp/gradle_download8396801725917270018bin
Downloading https://dl.google.com/dl/android/maven2/com/android/tools/utp/android-test-plugin-host-retention-proto/31.2.2/android-test-plugin-host-retention-proto-31.2.2.pom to /home/runner/.gradle/.tmp/gradle_download5851450285483410820bin
Downloading https://plugins.gradle.org/m2/org/glassfish/jaxb/jaxb-bom/2.3.2/jaxb-bom-2.3.2.pom to /home/runner/.gradle/.tmp/gradle_download4749650027307868166bin
Downloading https://plugins.gradle.org/m2/org/eclipse/ee4j/project/1.0.5/project-1.0.5.pom to /home/runner/.gradle/.tmp/gradle_download14405740497016130113bin
Downloading https://dl.google.com/dl/android/maven2/com/android/tools/build/jetifier/jetifier-core/1.0.0-beta10/jetifier-core-1.0.0-beta10.pom to /home/runner/.gradle/.tmp/gradle_download2762221896390714015bin
Downloading https://plugins.gradle.org/m2/com/squareup/javapoet/1.10.0/javapoet-1.10.0.pom to /home/runner/.gradle/.tmp/gradle_download13359240238427594282bin
Downloading https://plugins.gradle.org/m2/com/google/protobuf/protobuf-java/3.19.3/protobuf-java-3.19.3.pom to /home/runner/.gradle/.tmp/gradle_download5413037726757543007bin
Resource missing. [HTTP GET: https://repo.maven.apache.org/maven2/com/android/tools/build/jetifier/jetifier-processor/1.0.0-beta10/jetifier-processor-1.0.0-beta10.pom]
Downloading https://plugins.gradle.org/m2/com/google/protobuf/protobuf-parent/3.19.3/protobuf-parent-3.19.3.pom to /home/runner/.gradle/.tmp/gradle_download11756213270977549534bin
Downloading https://plugins.gradle.org/m2/com/google/protobuf/protobuf-bom/3.19.3/protobuf-bom-3.19.3.pom to /home/runner/.gradle/.tmp/gradle_download5552736295628129309bin
Downloading https://dl.google.com/dl/android/maven2/com/android/tools/build/bundletool/1.15.2/bundletool-1.15.2.pom to /home/runner/.gradle/.tmp/gradle_download7118174366103393428bin
Downloading https://plugins.gradle.org/m2/com/google/protobuf/protobuf-java-util/3.19.3/protobuf-java-util-3.19.3.pom to /home/runner/.gradle/.tmp/gradle_download5939883040099166769bin
Downloading https://plugins.gradle.org/m2/com/google/code/gson/gson/2.8.6/gson-2.8.6.pom to /home/runner/.gradle/.tmp/gradle_download176034880355650640bin
Downloading https://dl.google.com/dl/android/maven2/com/android/tools/build/jetifier/jetifier-processor/1.0.0-beta10/jetifier-processor-1.0.0-beta10.pom to /home/runner/.gradle/.tmp/gradle_download16679993368010654969bin
Downloading https://plugins.gradle.org/m2/io/grpc/grpc-core/1.45.1/grpc-core-1.45.1.pom to /home/runner/.gradle/.tmp/gradle_download4563842561238152244bin
Downloading https://plugins.gradle.org/m2/com/google/code/gson/gson-parent/2.8.6/gson-parent-2.8.6.pom to /home/runner/.gradle/.tmp/gradle_download4450506512083691426bin
Downloading https://plugins.gradle.org/m2/io/grpc/grpc-netty/1.45.1/grpc-netty-1.45.1.pom to /home/runner/.gradle/.tmp/gradle_download16554444062901244211bin
Downloading https://plugins.gradle.org/m2/io/grpc/grpc-protobuf/1.45.1/grpc-protobuf-1.45.1.pom to /home/runner/.gradle/.tmp/gradle_download12958023065688489029bin
Downloading https://plugins.gradle.org/m2/io/grpc/grpc-stub/1.45.1/grpc-stub-1.45.1.pom to /home/runner/.gradle/.tmp/gradle_download11966720106817166732bin
Downloading https://plugins.gradle.org/m2/com/google/crypto/tink/tink/1.7.0/tink-1.7.0.pom to /home/runner/.gradle/.tmp/gradle_download11165254444010495186bin
Resource missing. [HTTP GET: https://repo.maven.apache.org/maven2/com/google/testing/platform/core-proto/0.0.8-alpha08/core-proto-0.0.8-alpha08.pom]
Downloading https://plugins.gradle.org/m2/com/google/flatbuffers/flatbuffers-java/1.12.0/flatbuffers-java-1.12.0.pom to /home/runner/.gradle/.tmp/gradle_download8366557359471066293bin
Downloading https://plugins.gradle.org/m2/org/tensorflow/tensorflow-lite-metadata/0.1.0-rc2/tensorflow-lite-metadata-0.1.0-rc2.pom to /home/runner/.gradle/.tmp/gradle_download11553220866743377994bin
Resource missing. [HTTP GET: https://repo.maven.apache.org/maven2/com/android/tools/build/builder/8.2.2/builder-8.2.2.pom]
Downloading https://dl.google.com/dl/android/maven2/com/android/tools/build/jetifier/jetifier-core/1.0.0-beta10/jetifier-core-1.0.0-beta10.module to /home/runner/.gradle/.tmp/gradle_download16398561156757474331bin
Downloading https://dl.google.com/dl/android/maven2/com/google/testing/platform/core-proto/0.0.8-alpha08/core-proto-0.0.8-alpha08.pom to /home/runner/.gradle/.tmp/gradle_download6070354063820399748bin
Downloading https://dl.google.com/dl/android/maven2/com/android/tools/build/builder/8.2.2/builder-8.2.2.pom to /home/runner/.gradle/.tmp/gradle_download1728660633998012238bin
Resource missing. [HTTP GET: https://repo.maven.apache.org/maven2/com/android/tools/build/builder-model/8.2.2/builder-model-8.2.2.pom]
Resource missing. [HTTP GET: https://repo.maven.apache.org/maven2/com/android/tools/build/gradle-api/8.2.2/gradle-api-8.2.2.pom]
Downloading https://dl.google.com/dl/android/maven2/com/android/tools/build/jetifier/jetifier-processor/1.0.0-beta10/jetifier-processor-1.0.0-beta10.module to /home/runner/.gradle/.tmp/gradle_download8087630463809853431bin
Downloading https://dl.google.com/dl/android/maven2/com/android/tools/build/gradle-api/8.2.2/gradle-api-8.2.2.pom to /home/runner/.gradle/.tmp/gradle_download5807914988378893416bin
Downloading https://dl.google.com/dl/android/maven2/com/android/tools/build/builder-model/8.2.2/builder-model-8.2.2.pom to /home/runner/.gradle/.tmp/gradle_download8910874910030399627bin
Downloading https://dl.google.com/dl/android/maven2/com/android/tools/build/builder/8.2.2/builder-8.2.2.module to /home/runner/.gradle/.tmp/gradle_download18020545443671276363bin
Downloading https://dl.google.com/dl/android/maven2/com/android/tools/build/builder-model/8.2.2/builder-model-8.2.2.module to /home/runner/.gradle/.tmp/gradle_download8800036196587627757bin
Downloading https://dl.google.com/dl/android/maven2/com/android/tools/build/gradle-api/8.2.2/gradle-api-8.2.2.module to /home/runner/.gradle/.tmp/gradle_download14907477436272108519bin
Downloading https://plugins.gradle.org/m2/org/jetbrains/kotlin/kotlin-gradle-plugin-api/1.9.10/kotlin-gradle-plugin-api-1.9.10.pom to /home/runner/.gradle/.tmp/gradle_download16578384468647787122bin
Downloading https://plugins.gradle.org/m2/org/jetbrains/kotlin/kotlin-tooling-core/1.9.10/kotlin-tooling-core-1.9.10.pom to /home/runner/.gradle/.tmp/gradle_download13283250726183418635bin
Downloading https://plugins.gradle.org/m2/org/jetbrains/kotlin/kotlin-gradle-plugin-model/1.9.10/kotlin-gradle-plugin-model-1.9.10.pom to /home/runner/.gradle/.tmp/gradle_download11978654903943258215bin
Downloading https://plugins.gradle.org/m2/org/jetbrains/kotlin/kotlin-gradle-plugin-api/1.9.10/kotlin-gradle-plugin-api-1.9.10.module to /home/runner/.gradle/.tmp/gradle_download9633768975030993847bin
Downloading https://plugins.gradle.org/m2/org/jetbrains/kotlin/kotlin-gradle-plugin-model/1.9.10/kotlin-gradle-plugin-model-1.9.10.module to /home/runner/.gradle/.tmp/gradle_download7714417874566738916bin
Downloading https://plugins.gradle.org/m2/org/jetbrains/kotlin/kotlin-gradle-plugin-idea/1.9.10/kotlin-gradle-plugin-idea-1.9.10.pom to /home/runner/.gradle/.tmp/gradle_download16287366533321690812bin
Downloading https://plugins.gradle.org/m2/org/jetbrains/kotlin/kotlin-gradle-plugin-idea-proto/1.9.10/kotlin-gradle-plugin-idea-proto-1.9.10.pom to /home/runner/.gradle/.tmp/gradle_download14423371477184313447bin
Downloading https://plugins.gradle.org/m2/org/jetbrains/kotlin/kotlin-gradle-plugin-idea/1.9.10/kotlin-gradle-plugin-idea-1.9.10.module to /home/runner/.gradle/.tmp/gradle_download3382084543696995915bin
Downloading https://plugins.gradle.org/m2/org/jetbrains/kotlin/kotlin-util-klib/1.9.10/kotlin-util-klib-1.9.10.pom to /home/runner/.gradle/.tmp/gradle_download1974576933099493805bin
Downloading https://plugins.gradle.org/m2/org/jetbrains/kotlin/kotlin-klib-commonizer-api/1.9.10/kotlin-klib-commonizer-api-1.9.10.pom to /home/runner/.gradle/.tmp/gradle_download4736576362294359235bin
Downloading https://plugins.gradle.org/m2/org/jetbrains/kotlin/kotlin-build-tools-api/1.9.10/kotlin-build-tools-api-1.9.10.pom to /home/runner/.gradle/.tmp/gradle_download15259111388894229025bin
Downloading https://plugins.gradle.org/m2/org/jetbrains/kotlin/kotlin-compiler-embeddable/1.9.10/kotlin-compiler-embeddable-1.9.10.pom to /home/runner/.gradle/.tmp/gradle_download5770245131886992312bin
Downloading https://plugins.gradle.org/m2/org/jetbrains/kotlin/kotlin-project-model/1.9.10/kotlin-project-model-1.9.10.pom to /home/runner/.gradle/.tmp/gradle_download17625652444724241417bin
Downloading https://plugins.gradle.org/m2/org/jetbrains/kotlin/kotlin-android-extensions/1.9.10/kotlin-android-extensions-1.9.10.pom to /home/runner/.gradle/.tmp/gradle_download13234886581773088793bin
Downloading https://plugins.gradle.org/m2/org/jetbrains/kotlin/kotlin-compiler-runner/1.9.10/kotlin-compiler-runner-1.9.10.pom to /home/runner/.gradle/.tmp/gradle_download15701106215424534442bin
Downloading https://plugins.gradle.org/m2/org/jetbrains/kotlin/kotlin-scripting-compiler-embeddable/1.9.10/kotlin-scripting-compiler-embeddable-1.9.10.pom to /home/runner/.gradle/.tmp/gradle_download7491786472220799878bin
Downloading https://plugins.gradle.org/m2/org/jetbrains/kotlin/kotlin-scripting-compiler-impl-embeddable/1.9.10/kotlin-scripting-compiler-impl-embeddable-1.9.10.pom to /home/runner/.gradle/.tmp/gradle_download4459865066367291676bin
Downloading https://plugins.gradle.org/m2/com/google/code/gson/gson/2.10/gson-2.10.pom to /home/runner/.gradle/.tmp/gradle_download7851336157826623299bin
Downloading https://plugins.gradle.org/m2/com/google/code/gson/gson-parent/2.10/gson-parent-2.10.pom to /home/runner/.gradle/.tmp/gradle_download14209375883441260956bin
Downloading https://plugins.gradle.org/m2/net/sf/kxml/kxml2/2.3.0/kxml2-2.3.0.pom to /home/runner/.gradle/.tmp/gradle_download15218897564221491021bin
Downloading https://plugins.gradle.org/m2/javax/inject/javax.inject/1/javax.inject-1.pom to /home/runner/.gradle/.tmp/gradle_download6052554958979869214bin
Downloading https://plugins.gradle.org/m2/com/google/guava/guava/31.1-jre/guava-31.1-jre.pom to /home/runner/.gradle/.tmp/gradle_download11571935233166816928bin
Resource missing. [HTTP GET: https://repo.maven.apache.org/maven2/com/android/tools/common/31.2.2/common-31.2.2.pom]
Downloading https://plugins.gradle.org/m2/org/bouncycastle/bcprov-jdk15on/1.67/bcprov-jdk15on-1.67.pom to /home/runner/.gradle/.tmp/gradle_download10864114834957517956bin
Downloading https://plugins.gradle.org/m2/org/jetbrains/intellij/deps/trove4j/1.0.20200330/trove4j-1.0.20200330.pom to /home/runner/.gradle/.tmp/gradle_download11813979473898525587bin
Downloading https://plugins.gradle.org/m2/com/google/guava/guava-parent/31.1-jre/guava-parent-31.1-jre.pom to /home/runner/.gradle/.tmp/gradle_download11651878909979914334bin
Downloading https://plugins.gradle.org/m2/xerces/xercesImpl/2.12.0/xercesImpl-2.12.0.pom to /home/runner/.gradle/.tmp/gradle_download3004521961824230528bin
Downloading https://plugins.gradle.org/m2/org/jetbrains/kotlin/kotlin-reflect/1.9.0/kotlin-reflect-1.9.0.pom to /home/runner/.gradle/.tmp/gradle_download9505969211514096261bin
Downloading https://dl.google.com/dl/android/maven2/com/android/tools/common/31.2.2/common-31.2.2.pom to /home/runner/.gradle/.tmp/gradle_download1125018762602743189bin
Downloading https://plugins.gradle.org/m2/org/apache/httpcomponents/httpcore/4.4.16/httpcore-4.4.16.pom to /home/runner/.gradle/.tmp/gradle_download7733564597815314206bin
Downloading https://plugins.gradle.org/m2/org/apache/commons/commons-compress/1.21/commons-compress-1.21.pom to /home/runner/.gradle/.tmp/gradle_download2855498057034065487bin
Resource missing. [HTTP GET: https://repo.maven.apache.org/maven2/com/android/tools/dvlib/31.2.2/dvlib-31.2.2.pom]
Downloading https://plugins.gradle.org/m2/org/apache/httpcomponents/httpcomponents-core/4.4.16/httpcomponents-core-4.4.16.pom to /home/runner/.gradle/.tmp/gradle_download2940100919137039111bin
Downloading https://plugins.gradle.org/m2/org/apache/commons/commons-parent/52/commons-parent-52.pom to /home/runner/.gradle/.tmp/gradle_download500304149457249845bin
Downloading https://plugins.gradle.org/m2/org/apache/httpcomponents/httpcomponents-parent/11/httpcomponents-parent-11.pom to /home/runner/.gradle/.tmp/gradle_download8988772911018420444bin
Downloading https://plugins.gradle.org/m2/org/apache/apache/23/apache-23.pom to /home/runner/.gradle/.tmp/gradle_download7899180701013410726bin
Downloading https://plugins.gradle.org/m2/org/apache/apache/21/apache-21.pom to /home/runner/.gradle/.tmp/gradle_download6681473795232282403bin
Downloading https://dl.google.com/dl/android/maven2/com/android/tools/dvlib/31.2.2/dvlib-31.2.2.pom to /home/runner/.gradle/.tmp/gradle_download5734846803670734851bin
Downloading https://plugins.gradle.org/m2/com/sun/activation/javax.activation/1.2.0/javax.activation-1.2.0.pom to /home/runner/.gradle/.tmp/gradle_download9736686708179548560bin
Downloading https://plugins.gradle.org/m2/com/google/jimfs/jimfs/1.1/jimfs-1.1.pom to /home/runner/.gradle/.tmp/gradle_download9654954210914419430bin
Downloading https://plugins.gradle.org/m2/com/sun/activation/all/1.2.0/all-1.2.0.pom to /home/runner/.gradle/.tmp/gradle_download11877618488175846755bin
Downloading https://plugins.gradle.org/m2/com/google/jimfs/jimfs-parent/1.1/jimfs-parent-1.1.pom to /home/runner/.gradle/.tmp/gradle_download1062241854893492226bin
Downloading https://plugins.gradle.org/m2/net/java/jvnet-parent/1/jvnet-parent-1.pom to /home/runner/.gradle/.tmp/gradle_download12802719022676265300bin
Downloading https://plugins.gradle.org/m2/org/jetbrains/annotations/13.0/annotations-13.0.pom to /home/runner/.gradle/.tmp/gradle_download13208650384771132142bin
Downloading https://plugins.gradle.org/m2/org/apache/httpcomponents/httpclient/4.5.14/httpclient-4.5.14.pom to /home/runner/.gradle/.tmp/gradle_download2082692922213209908bin
Resource missing. [HTTP GET: https://repo.maven.apache.org/maven2/com/android/tools/annotations/31.2.2/annotations-31.2.2.pom]
Downloading https://plugins.gradle.org/m2/org/apache/httpcomponents/httpcomponents-client/4.5.14/httpcomponents-client-4.5.14.pom to /home/runner/.gradle/.tmp/gradle_download12821195770753632926bin
Downloading https://dl.google.com/dl/android/maven2/com/android/tools/annotations/31.2.2/annotations-31.2.2.pom to /home/runner/.gradle/.tmp/gradle_download1881396439195227017bin
Downloading https://plugins.gradle.org/m2/net/java/dev/jna/jna-platform/5.6.0/jna-platform-5.6.0.pom to /home/runner/.gradle/.tmp/gradle_download15140569564192231720bin
Resource missing. [HTTP GET: https://repo.maven.apache.org/maven2/com/android/tools/analytics-library/protos/31.2.2/protos-31.2.2.pom]
Downloading https://dl.google.com/dl/android/maven2/com/android/tools/analytics-library/protos/31.2.2/protos-31.2.2.pom to /home/runner/.gradle/.tmp/gradle_download10315346058573180328bin
Downloading https://plugins.gradle.org/m2/com/googlecode/juniversalchardet/juniversalchardet/1.0.3/juniversalchardet-1.0.3.pom to /home/runner/.gradle/.tmp/gradle_download8013068585870404385bin
Downloading https://plugins.gradle.org/m2/javax/annotation/javax.annotation-api/1.3.2/javax.annotation-api-1.3.2.pom to /home/runner/.gradle/.tmp/gradle_download6703321455390464425bin
Downloading https://plugins.gradle.org/m2/net/java/jvnet-parent/3/jvnet-parent-3.pom to /home/runner/.gradle/.tmp/gradle_download1034640954592496653bin
Downloading https://plugins.gradle.org/m2/org/jetbrains/kotlin/kotlin-stdlib/1.9.0/kotlin-stdlib-1.9.0.pom to /home/runner/.gradle/.tmp/gradle_download42358371672925965bin
Downloading https://plugins.gradle.org/m2/org/jetbrains/kotlin/kotlin-stdlib-jdk7/1.9.0/kotlin-stdlib-jdk7-1.9.0.pom to /home/runner/.gradle/.tmp/gradle_download9131940655031638992bin
Downloading https://plugins.gradle.org/m2/org/ow2/asm/asm-tree/9.2/asm-tree-9.2.pom to /home/runner/.gradle/.tmp/gradle_download2543817739911968017bin
I/O exception (java.net.SocketException) caught when processing request to {s}->https://plugins.gradle.org:443: Connection reset
Retrying request to {s}->https://plugins.gradle.org:443
Downloading https://plugins.gradle.org/m2/org/glassfish/jaxb/txw2/2.3.2/txw2-2.3.2.pom to /home/runner/.gradle/.tmp/gradle_download11556775432725322213bin
Downloading https://plugins.gradle.org/m2/com/sun/istack/istack-commons-runtime/3.0.8/istack-commons-runtime-3.0.8.pom to /home/runner/.gradle/.tmp/gradle_download238644169715590539bin
Downloading https://plugins.gradle.org/m2/org/jvnet/staxex/stax-ex/1.8.1/stax-ex-1.8.1.pom to /home/runner/.gradle/.tmp/gradle_download14072086837316693492bin
Downloading https://plugins.gradle.org/m2/com/sun/istack/istack-commons/3.0.8/istack-commons-3.0.8.pom to /home/runner/.gradle/.tmp/gradle_download774180032615145926bin
Downloading https://plugins.gradle.org/m2/com/sun/xml/bind/mvn/jaxb-txw-parent/2.3.2/jaxb-txw-parent-2.3.2.pom to /home/runner/.gradle/.tmp/gradle_download800019494406538541bin
Downloading https://plugins.gradle.org/m2/jakarta/xml/bind/jakarta.xml.bind-api/2.3.2/jakarta.xml.bind-api-2.3.2.pom to /home/runner/.gradle/.tmp/gradle_download7303438064573141419bin
Downloading https://plugins.gradle.org/m2/com/sun/xml/fastinfoset/FastInfoset/1.2.16/FastInfoset-1.2.16.pom to /home/runner/.gradle/.tmp/gradle_download12125490422128956119bin
I/O exception (java.net.SocketException) caught when processing request to {s}->https://plugins.gradle.org:443: Connection reset
Retrying request to {s}->https://plugins.gradle.org:443
I/O exception (java.net.SocketException) caught when processing request to {s}->https://plugins.gradle.org:443: Connection reset
Retrying request to {s}->https://plugins.gradle.org:443
I/O exception (java.net.SocketException) caught when processing request to {s}->https://plugins.gradle.org:443: Connection reset
Retrying request to {s}->https://plugins.gradle.org:443
Downloading https://plugins.gradle.org/m2/com/sun/xml/fastinfoset/fastinfoset-project/1.2.16/fastinfoset-project-1.2.16.pom to /home/runner/.gradle/.tmp/gradle_download4907280638618863955bin
Downloading https://plugins.gradle.org/m2/jakarta/xml/bind/jakarta.xml.bind-api-parent/2.3.2/jakarta.xml.bind-api-parent-2.3.2.pom to /home/runner/.gradle/.tmp/gradle_download10452879381856010902bin
Downloading https://plugins.gradle.org/m2/jakarta/activation/jakarta.activation-api/1.2.1/jakarta.activation-api-1.2.1.pom to /home/runner/.gradle/.tmp/gradle_download13576771598277793191bin
Downloading https://plugins.gradle.org/m2/com/sun/activation/all/1.2.1/all-1.2.1.pom to /home/runner/.gradle/.tmp/gradle_download10303916368064128869bin
Downloading https://plugins.gradle.org/m2/org/eclipse/ee4j/project/1.0.2/project-1.0.2.pom to /home/runner/.gradle/.tmp/gradle_download11944217568691219714bin
Downloading https://plugins.gradle.org/m2/com/google/auto/value/auto-value-annotations/1.6.2/auto-value-annotations-1.6.2.pom to /home/runner/.gradle/.tmp/gradle_download2696711585566289219bin
Downloading https://plugins.gradle.org/m2/com/google/errorprone/error_prone_annotations/2.3.1/error_prone_annotations-2.3.1.pom to /home/runner/.gradle/.tmp/gradle_download6591072332298166948bin
Downloading https://plugins.gradle.org/m2/org/bitbucket/b_c/jose4j/0.7.0/jose4j-0.7.0.pom to /home/runner/.gradle/.tmp/gradle_download5889004823427676965bin
Downloading https://plugins.gradle.org/m2/com/google/dagger/dagger/2.28.3/dagger-2.28.3.pom to /home/runner/.gradle/.tmp/gradle_download12812580912639658448bin
Downloading https://plugins.gradle.org/m2/org/slf4j/slf4j-api/1.7.30/slf4j-api-1.7.30.pom to /home/runner/.gradle/.tmp/gradle_download16728940925188989724bin
Downloading https://plugins.gradle.org/m2/com/google/errorprone/error_prone_parent/2.3.1/error_prone_parent-2.3.1.pom to /home/runner/.gradle/.tmp/gradle_download10248926256299060295bin
Downloading https://plugins.gradle.org/m2/com/google/auto/value/auto-value-parent/1.6.2/auto-value-parent-1.6.2.pom to /home/runner/.gradle/.tmp/gradle_download1917998731739834573bin
Downloading https://plugins.gradle.org/m2/org/slf4j/slf4j-parent/1.7.30/slf4j-parent-1.7.30.pom to /home/runner/.gradle/.tmp/gradle_download7362519678557266156bin
Downloading https://plugins.gradle.org/m2/com/google/auto/auto-parent/6/auto-parent-6.pom to /home/runner/.gradle/.tmp/gradle_download14202299924493836037bin
Downloading https://plugins.gradle.org/m2/org/jdom/jdom2/2.0.6/jdom2-2.0.6.pom to /home/runner/.gradle/.tmp/gradle_download1056392184820884823bin
Downloading https://plugins.gradle.org/m2/com/google/errorprone/error_prone_annotations/2.5.1/error_prone_annotations-2.5.1.pom to /home/runner/.gradle/.tmp/gradle_download1465699349869611086bin
Downloading https://plugins.gradle.org/m2/com/google/errorprone/error_prone_parent/2.5.1/error_prone_parent-2.5.1.pom to /home/runner/.gradle/.tmp/gradle_download10724854652685799022bin
Downloading https://plugins.gradle.org/m2/com/google/j2objc/j2objc-annotations/1.3/j2objc-annotations-1.3.pom to /home/runner/.gradle/.tmp/gradle_download4295822752859024476bin
Downloading https://plugins.gradle.org/m2/com/google/code/findbugs/jsr305/3.0.2/jsr305-3.0.2.pom to /home/runner/.gradle/.tmp/gradle_download5491371860909740169bin
Downloading https://plugins.gradle.org/m2/com/google/errorprone/error_prone_annotations/2.10.0/error_prone_annotations-2.10.0.pom to /home/runner/.gradle/.tmp/gradle_download14907021337501540768bin
Downloading https://plugins.gradle.org/m2/com/google/errorprone/error_prone_parent/2.10.0/error_prone_parent-2.10.0.pom to /home/runner/.gradle/.tmp/gradle_download11891209692812648880bin
Downloading https://plugins.gradle.org/m2/com/google/android/annotations/4.1.1.4/annotations-4.1.1.4.pom to /home/runner/.gradle/.tmp/gradle_download283416380059805575bin
Downloading https://plugins.gradle.org/m2/org/codehaus/mojo/animal-sniffer-annotations/1.19/animal-sniffer-annotations-1.19.pom to /home/runner/.gradle/.tmp/gradle_download16177272309642232862bin
Downloading https://plugins.gradle.org/m2/io/grpc/grpc-api/1.45.1/grpc-api-1.45.1.pom to /home/runner/.gradle/.tmp/gradle_download8546454660573591523bin
Downloading https://plugins.gradle.org/m2/io/perfmark/perfmark-api/0.23.0/perfmark-api-0.23.0.pom to /home/runner/.gradle/.tmp/gradle_download14826438806434243671bin
Downloading https://plugins.gradle.org/m2/org/codehaus/mojo/animal-sniffer-parent/1.19/animal-sniffer-parent-1.19.pom to /home/runner/.gradle/.tmp/gradle_download13328500137865047889bin
Downloading https://plugins.gradle.org/m2/io/perfmark/perfmark-api/0.23.0/perfmark-api-0.23.0.module to /home/runner/.gradle/.tmp/gradle_download9430312561959194886bin
Downloading https://plugins.gradle.org/m2/org/codehaus/mojo/mojo-parent/50/mojo-parent-50.pom to /home/runner/.gradle/.tmp/gradle_download5686252557365706410bin
Downloading https://plugins.gradle.org/m2/io/netty/netty-codec-http2/4.1.72.Final/netty-codec-http2-4.1.72.Final.pom to /home/runner/.gradle/.tmp/gradle_download10322550045732689730bin
Downloading https://plugins.gradle.org/m2/io/netty/netty-handler-proxy/4.1.72.Final/netty-handler-proxy-4.1.72.Final.pom to /home/runner/.gradle/.tmp/gradle_download15514664877113702317bin
Downloading https://plugins.gradle.org/m2/io/netty/netty-parent/4.1.72.Final/netty-parent-4.1.72.Final.pom to /home/runner/.gradle/.tmp/gradle_download4646274196107530829bin
Downloading https://plugins.gradle.org/m2/org/sonatype/oss/oss-parent/9/oss-parent-9.pom to /home/runner/.gradle/.tmp/gradle_download534709980979686475bin
Downloading https://plugins.gradle.org/m2/com/google/api/grpc/proto-google-common-protos/2.0.1/proto-google-common-protos-2.0.1.pom to /home/runner/.gradle/.tmp/gradle_download10550081485800095917bin
Downloading https://plugins.gradle.org/m2/io/grpc/grpc-protobuf-lite/1.45.1/grpc-protobuf-lite-1.45.1.pom to /home/runner/.gradle/.tmp/gradle_download5397089465278970979bin
Downloading https://plugins.gradle.org/m2/org/checkerframework/checker-qual/2.5.8/checker-qual-2.5.8.pom to /home/runner/.gradle/.tmp/gradle_download1769729070321420265bin
Downloading https://plugins.gradle.org/m2/commons-codec/commons-codec/1.10/commons-codec-1.10.pom to /home/runner/.gradle/.tmp/gradle_download14719758246463171792bin
Resource missing. [HTTP GET: https://repo.maven.apache.org/maven2/com/android/tools/build/manifest-merger/31.2.2/manifest-merger-31.2.2.pom]
Resource missing. [HTTP GET: https://repo.maven.apache.org/maven2/com/android/signflinger/8.2.2/signflinger-8.2.2.pom]
Resource missing. [HTTP GET: https://repo.maven.apache.org/maven2/com/android/tools/analytics-library/tracker/31.2.2/tracker-31.2.2.pom]
Downloading https://plugins.gradle.org/m2/org/apache/commons/commons-parent/35/commons-parent-35.pom to /home/runner/.gradle/.tmp/gradle_download8434776368424353993bin
Downloading https://plugins.gradle.org/m2/org/apache/apache/15/apache-15.pom to /home/runner/.gradle/.tmp/gradle_download15506317138470307065bin
Resource missing. [HTTP GET: https://repo.maven.apache.org/maven2/com/android/zipflinger/8.2.2/zipflinger-8.2.2.pom]
Downloading https://dl.google.com/dl/android/maven2/com/android/tools/build/manifest-merger/31.2.2/manifest-merger-31.2.2.pom to /home/runner/.gradle/.tmp/gradle_download12720154328871243687bin
Downloading https://dl.google.com/dl/android/maven2/com/android/zipflinger/8.2.2/zipflinger-8.2.2.pom to /home/runner/.gradle/.tmp/gradle_download5205262688710601625bin
Downloading https://dl.google.com/dl/android/maven2/com/android/signflinger/8.2.2/signflinger-8.2.2.pom to /home/runner/.gradle/.tmp/gradle_download13177136551219631392bin
Downloading https://dl.google.com/dl/android/maven2/com/android/tools/analytics-library/tracker/31.2.2/tracker-31.2.2.pom to /home/runner/.gradle/.tmp/gradle_download14908981641095253491bin
Downloading https://plugins.gradle.org/m2/com/squareup/javawriter/2.5.0/javawriter-2.5.0.pom to /home/runner/.gradle/.tmp/gradle_download4612627565015997021bin
Resource missing. [HTTP GET: https://repo.maven.apache.org/maven2/com/android/tools/build/apkzlib/8.2.2/apkzlib-8.2.2.pom]
Resource missing. [HTTP GET: https://repo.maven.apache.org/maven2/com/android/tools/build/apksig/8.2.2/apksig-8.2.2.pom]
Downloading https://dl.google.com/dl/android/maven2/com/android/tools/build/apkzlib/8.2.2/apkzlib-8.2.2.pom to /home/runner/.gradle/.tmp/gradle_download15843514425775425087bin
Downloading https://dl.google.com/dl/android/maven2/com/android/tools/build/manifest-merger/31.2.2/manifest-merger-31.2.2.module to /home/runner/.gradle/.tmp/gradle_download8432771787480547313bin
Downloading https://dl.google.com/dl/android/maven2/com/android/tools/build/apksig/8.2.2/apksig-8.2.2.pom to /home/runner/.gradle/.tmp/gradle_download12742443710125141237bin
Downloading https://plugins.gradle.org/m2/org/jetbrains/kotlin/kotlin-native-utils/1.9.10/kotlin-native-utils-1.9.10.pom to /home/runner/.gradle/.tmp/gradle_download18130779755906909220bin
Downloading https://plugins.gradle.org/m2/org/jetbrains/kotlin/kotlin-gradle-plugin-annotations/1.9.10/kotlin-gradle-plugin-annotations-1.9.10.pom to /home/runner/.gradle/.tmp/gradle_download4683607254752751203bin
Downloading https://plugins.gradle.org/m2/org/jetbrains/kotlin/kotlin-util-io/1.9.10/kotlin-util-io-1.9.10.pom to /home/runner/.gradle/.tmp/gradle_download7107651942187822972bin
Downloading https://plugins.gradle.org/m2/org/jetbrains/kotlin/kotlin-daemon-embeddable/1.9.10/kotlin-daemon-embeddable-1.9.10.pom to /home/runner/.gradle/.tmp/gradle_download9440403970696987740bin
Downloading https://plugins.gradle.org/m2/org/jetbrains/kotlinx/kotlinx-coroutines-core-jvm/1.5.0/kotlinx-coroutines-core-jvm-1.5.0.pom to /home/runner/.gradle/.tmp/gradle_download14630326951434144583bin
Downloading https://plugins.gradle.org/m2/org/jetbrains/kotlin/kotlin-daemon-client/1.9.10/kotlin-daemon-client-1.9.10.pom to /home/runner/.gradle/.tmp/gradle_download8043999008293314036bin
Downloading https://plugins.gradle.org/m2/org/jetbrains/kotlinx/kotlinx-coroutines-core-jvm/1.5.0/kotlinx-coroutines-core-jvm-1.5.0.module to /home/runner/.gradle/.tmp/gradle_download16656355705640716389bin
Downloading https://plugins.gradle.org/m2/org/jetbrains/kotlin/kotlin-scripting-common/1.9.10/kotlin-scripting-common-1.9.10.pom to /home/runner/.gradle/.tmp/gradle_download8665865597238556079bin
Downloading https://plugins.gradle.org/m2/org/jetbrains/kotlin/kotlin-scripting-jvm/1.9.10/kotlin-scripting-jvm-1.9.10.pom to /home/runner/.gradle/.tmp/gradle_download12245651447477476370bin
Downloading https://plugins.gradle.org/m2/org/checkerframework/checker-qual/3.12.0/checker-qual-3.12.0.pom to /home/runner/.gradle/.tmp/gradle_download10624842340025377817bin
Downloading https://plugins.gradle.org/m2/org/checkerframework/checker-qual/3.12.0/checker-qual-3.12.0.module to /home/runner/.gradle/.tmp/gradle_download10066406365560533029bin
Downloading https://plugins.gradle.org/m2/com/google/errorprone/error_prone_annotations/2.11.0/error_prone_annotations-2.11.0.pom to /home/runner/.gradle/.tmp/gradle_download5401036531267557788bin
Downloading https://plugins.gradle.org/m2/com/google/errorprone/error_prone_parent/2.11.0/error_prone_parent-2.11.0.pom to /home/runner/.gradle/.tmp/gradle_download6921512188002941617bin
Downloading https://plugins.gradle.org/m2/com/google/guava/listenablefuture/9999.0-empty-to-avoid-conflict-with-guava/listenablefuture-9999.0-empty-to-avoid-conflict-with-guava.pom to /home/runner/.gradle/.tmp/gradle_download18077439387184261963bin
Downloading https://plugins.gradle.org/m2/com/google/guava/failureaccess/1.0.1/failureaccess-1.0.1.pom to /home/runner/.gradle/.tmp/gradle_download12946447147781446139bin
Downloading https://plugins.gradle.org/m2/com/google/guava/guava-parent/26.0-android/guava-parent-26.0-android.pom to /home/runner/.gradle/.tmp/gradle_download8138270625712509082bin
Downloading https://plugins.gradle.org/m2/xml-apis/xml-apis/1.4.01/xml-apis-1.4.01.pom to /home/runner/.gradle/.tmp/gradle_download1332956459532573968bin
Downloading https://plugins.gradle.org/m2/commons-codec/commons-codec/1.11/commons-codec-1.11.pom to /home/runner/.gradle/.tmp/gradle_download14422633941110184683bin
Downloading https://plugins.gradle.org/m2/org/apache/commons/commons-parent/42/commons-parent-42.pom to /home/runner/.gradle/.tmp/gradle_download6166671327217719317bin
Downloading https://plugins.gradle.org/m2/commons-logging/commons-logging/1.2/commons-logging-1.2.pom to /home/runner/.gradle/.tmp/gradle_download13460920816143997215bin
Downloading https://plugins.gradle.org/m2/org/apache/commons/commons-parent/34/commons-parent-34.pom to /home/runner/.gradle/.tmp/gradle_download12290156930285900393bin
Downloading https://plugins.gradle.org/m2/org/apache/apache/13/apache-13.pom to /home/runner/.gradle/.tmp/gradle_download3385621852032268743bin
Downloading https://plugins.gradle.org/m2/net/java/dev/jna/jna/5.6.0/jna-5.6.0.pom to /home/runner/.gradle/.tmp/gradle_download6652336247562571341bin
Downloading https://plugins.gradle.org/m2/org/jetbrains/kotlin/kotlin-stdlib-common/1.9.0/kotlin-stdlib-common-1.9.0.pom to /home/runner/.gradle/.tmp/gradle_download12063233297496406638bin
Downloading https://plugins.gradle.org/m2/io/grpc/grpc-context/1.45.1/grpc-context-1.45.1.pom to /home/runner/.gradle/.tmp/gradle_download13568916948437293058bin
Downloading https://plugins.gradle.org/m2/io/netty/netty-buffer/4.1.72.Final/netty-buffer-4.1.72.Final.pom to /home/runner/.gradle/.tmp/gradle_download2436770972968989633bin
Downloading https://plugins.gradle.org/m2/io/netty/netty-codec/4.1.72.Final/netty-codec-4.1.72.Final.pom to /home/runner/.gradle/.tmp/gradle_download11518204993005517403bin
Downloading https://plugins.gradle.org/m2/io/netty/netty-common/4.1.72.Final/netty-common-4.1.72.Final.pom to /home/runner/.gradle/.tmp/gradle_download12571443430006377119bin
Downloading https://plugins.gradle.org/m2/io/netty/netty-transport/4.1.72.Final/netty-transport-4.1.72.Final.pom to /home/runner/.gradle/.tmp/gradle_download8950104337636573219bin
Downloading https://plugins.gradle.org/m2/io/netty/netty-handler/4.1.72.Final/netty-handler-4.1.72.Final.pom to /home/runner/.gradle/.tmp/gradle_download13766403996801700140bin
Downloading https://plugins.gradle.org/m2/io/netty/netty-codec-http/4.1.72.Final/netty-codec-http-4.1.72.Final.pom to /home/runner/.gradle/.tmp/gradle_download3573837821442168268bin
Downloading https://plugins.gradle.org/m2/io/netty/netty-codec-socks/4.1.72.Final/netty-codec-socks-4.1.72.Final.pom to /home/runner/.gradle/.tmp/gradle_download16920895059275941814bin
Downloading https://plugins.gradle.org/m2/io/netty/netty-resolver/4.1.72.Final/netty-resolver-4.1.72.Final.pom to /home/runner/.gradle/.tmp/gradle_download12127628370025343991bin
Downloading https://plugins.gradle.org/m2/io/netty/netty-tcnative-classes/2.0.46.Final/netty-tcnative-classes-2.0.46.Final.pom to /home/runner/.gradle/.tmp/gradle_download14922581722462315232bin
Downloading https://plugins.gradle.org/m2/io/netty/netty-tcnative-parent/2.0.46.Final/netty-tcnative-parent-2.0.46.Final.pom to /home/runner/.gradle/.tmp/gradle_download1340211552260585007bin
Resource missing. [HTTP HEAD: https://dl.google.com/dl/android/maven2/com/android/application/com.android.application.gradle.plugin/8.2.2/com.android.application.gradle.plugin-8.2.2.jar]
Resource missing. [HTTP HEAD: https://plugins.gradle.org/m2/org/jetbrains/kotlin/android/org.jetbrains.kotlin.android.gradle.plugin/1.9.10/org.jetbrains.kotlin.android.gradle.plugin-1.9.10.jar]
Downloading https://plugins.gradle.org/m2/org/jetbrains/kotlin/kotlin-gradle-plugin-model/1.9.10/kotlin-gradle-plugin-model-1.9.10.jar to /home/runner/.gradle/.tmp/gradle_download16919969063481557009bin
Downloading https://plugins.gradle.org/m2/org/jetbrains/kotlin/kotlin-gradle-plugin-api/1.9.10/kotlin-gradle-plugin-api-1.9.10.jar to /home/runner/.gradle/.tmp/gradle_download311162007600566923bin
Downloading https://plugins.gradle.org/m2/org/jetbrains/kotlin/kotlin-gradle-plugin-api/1.9.10/kotlin-gradle-plugin-api-1.9.10-gradle81.jar to /home/runner/.gradle/.tmp/gradle_download5264132940782751450bin
Downloading https://plugins.gradle.org/m2/org/jetbrains/kotlin/kotlin-gradle-plugin/1.9.10/kotlin-gradle-plugin-1.9.10-gradle81.jar to /home/runner/.gradle/.tmp/gradle_download13049952103025626624bin
Downloading https://dl.google.com/dl/android/maven2/com/android/tools/lint/lint-model/31.2.2/lint-model-31.2.2.jar to /home/runner/.gradle/.tmp/gradle_download4473822063335652000bin
Downloading https://dl.google.com/dl/android/maven2/com/android/tools/build/gradle-settings-api/8.2.2/gradle-settings-api-8.2.2.jar to /home/runner/.gradle/.tmp/gradle_download5147412408991104675bin
Downloading https://dl.google.com/dl/android/maven2/com/android/tools/build/builder/8.2.2/builder-8.2.2.jar to /home/runner/.gradle/.tmp/gradle_download14488204248317715336bin
Downloading https://dl.google.com/dl/android/maven2/com/android/tools/build/gradle/8.2.2/gradle-8.2.2.jar to /home/runner/.gradle/.tmp/gradle_download2171987486867293778bin
Downloading https://dl.google.com/dl/android/maven2/com/android/tools/sdk-common/31.2.2/sdk-common-31.2.2.jar to /home/runner/.gradle/.tmp/gradle_download16299988920781841714bin
Downloading https://dl.google.com/dl/android/maven2/com/android/tools/build/manifest-merger/31.2.2/manifest-merger-31.2.2.jar to /home/runner/.gradle/.tmp/gradle_download1445883759259844951bin
Downloading https://dl.google.com/dl/android/maven2/com/android/tools/repository/31.2.2/repository-31.2.2.jar to /home/runner/.gradle/.tmp/gradle_download6110734372995521981bin
Downloading https://dl.google.com/dl/android/maven2/com/android/tools/sdklib/31.2.2/sdklib-31.2.2.jar to /home/runner/.gradle/.tmp/gradle_download5411160448138868720bin
Downloading https://dl.google.com/dl/android/maven2/com/android/tools/build/builder-test-api/8.2.2/builder-test-api-8.2.2.jar to /home/runner/.gradle/.tmp/gradle_download8194421423805422573bin
Downloading https://dl.google.com/dl/android/maven2/com/android/tools/build/gradle-api/8.2.2/gradle-api-8.2.2.jar to /home/runner/.gradle/.tmp/gradle_download16875054785586624853bin
Downloading https://dl.google.com/dl/android/maven2/com/android/tools/build/aaptcompiler/8.2.2/aaptcompiler-8.2.2.jar to /home/runner/.gradle/.tmp/gradle_download6881153649326726923bin
Downloading https://dl.google.com/dl/android/maven2/com/android/tools/ddms/ddmlib/31.2.2/ddmlib-31.2.2.jar to /home/runner/.gradle/.tmp/gradle_download13767800223797443223bin
Downloading https://dl.google.com/dl/android/maven2/com/android/tools/build/bundletool/1.15.2/bundletool-1.15.2.jar to /home/runner/.gradle/.tmp/gradle_download10420265573541508826bin
Downloading https://dl.google.com/dl/android/maven2/com/android/tools/build/aapt2-proto/8.2.2-10154469/aapt2-proto-8.2.2-10154469.jar to /home/runner/.gradle/.tmp/gradle_download17261173494612149651bin
Downloading https://dl.google.com/dl/android/maven2/com/android/tools/analytics-library/tracker/31.2.2/tracker-31.2.2.jar to /home/runner/.gradle/.tmp/gradle_download579972417766134446bin
Downloading https://dl.google.com/dl/android/maven2/com/android/tools/analytics-library/crash/31.2.2/crash-31.2.2.jar to /home/runner/.gradle/.tmp/gradle_download1640535408394352776bin
Downloading https://dl.google.com/dl/android/maven2/com/android/tools/analytics-library/shared/31.2.2/shared-31.2.2.jar to /home/runner/.gradle/.tmp/gradle_download11789529137175671208bin
Downloading https://dl.google.com/dl/android/maven2/androidx/databinding/databinding-compiler-common/8.2.2/databinding-compiler-common-8.2.2.jar to /home/runner/.gradle/.tmp/gradle_download12976220996131804795bin
Downloading https://dl.google.com/dl/android/maven2/androidx/databinding/databinding-common/8.2.2/databinding-common-8.2.2.jar to /home/runner/.gradle/.tmp/gradle_download2153170977314342676bin
Downloading https://dl.google.com/dl/android/maven2/com/android/tools/lint/lint-typedef-remover/31.2.2/lint-typedef-remover-31.2.2.jar to /home/runner/.gradle/.tmp/gradle_download6154118025575563550bin
Downloading https://dl.google.com/dl/android/maven2/com/android/databinding/baseLibrary/8.2.2/baseLibrary-8.2.2.jar to /home/runner/.gradle/.tmp/gradle_download3583703624904582759bin
Downloading https://dl.google.com/dl/android/maven2/com/android/tools/utp/android-device-provider-gradle-proto/31.2.2/android-device-provider-gradle-proto-31.2.2.jar to /home/runner/.gradle/.tmp/gradle_download5053363605526112201bin
Downloading https://dl.google.com/dl/android/maven2/com/android/tools/layoutlib/layoutlib-api/31.2.2/layoutlib-api-31.2.2.jar to /home/runner/.gradle/.tmp/gradle_download4247776678985497647bin
Downloading https://dl.google.com/dl/android/maven2/com/android/tools/utp/android-device-provider-ddmlib-proto/31.2.2/android-device-provider-ddmlib-proto-31.2.2.jar to /home/runner/.gradle/.tmp/gradle_download17947478720434245699bin
Downloading https://dl.google.com/dl/android/maven2/com/android/tools/utp/android-test-plugin-host-additional-test-output-proto/31.2.2/android-test-plugin-host-additional-test-output-proto-31.2.2.jar to /home/runner/.gradle/.tmp/gradle_download6046053203673347564bin
Downloading https://dl.google.com/dl/android/maven2/com/android/tools/utp/android-test-plugin-host-emulator-control-proto/31.2.2/android-test-plugin-host-emulator-control-proto-31.2.2.jar to /home/runner/.gradle/.tmp/gradle_download17228648533120135487bin
Downloading https://dl.google.com/dl/android/maven2/com/android/tools/utp/android-test-plugin-host-logcat-proto/31.2.2/android-test-plugin-host-logcat-proto-31.2.2.jar to /home/runner/.gradle/.tmp/gradle_download16759183121890860436bin
Downloading https://dl.google.com/dl/android/maven2/com/android/tools/utp/android-test-plugin-host-coverage-proto/31.2.2/android-test-plugin-host-coverage-proto-31.2.2.jar to /home/runner/.gradle/.tmp/gradle_download2742585433346981950bin
Downloading https://dl.google.com/dl/android/maven2/com/android/tools/utp/android-test-plugin-host-apk-installer-proto/31.2.2/android-test-plugin-host-apk-installer-proto-31.2.2.jar to /home/runner/.gradle/.tmp/gradle_download14807820967927075439bin
Downloading https://dl.google.com/dl/android/maven2/com/android/tools/utp/android-test-plugin-result-listener-gradle-proto/31.2.2/android-test-plugin-result-listener-gradle-proto-31.2.2.jar to /home/runner/.gradle/.tmp/gradle_download9903614051855931604bin
Downloading https://dl.google.com/dl/android/maven2/com/android/tools/build/builder-model/8.2.2/builder-model-8.2.2.jar to /home/runner/.gradle/.tmp/gradle_download5810854010089164391bin
Downloading https://dl.google.com/dl/android/maven2/com/android/tools/utp/android-test-plugin-host-retention-proto/31.2.2/android-test-plugin-host-retention-proto-31.2.2.jar to /home/runner/.gradle/.tmp/gradle_download12271360608337566127bin
Downloading https://plugins.gradle.org/m2/org/jetbrains/kotlin/kotlin-stdlib-jdk8/1.9.0/kotlin-stdlib-jdk8-1.9.0.jar to /home/runner/.gradle/.tmp/gradle_download996725807293771575bin
Downloading https://plugins.gradle.org/m2/com/android/tools/build/transform-api/2.0.0-deprecated-use-gradle-api/transform-api-2.0.0-deprecated-use-gradle-api.jar to /home/runner/.gradle/.tmp/gradle_download14831871882540082527bin
Downloading https://dl.google.com/dl/android/maven2/com/android/tools/dvlib/31.2.2/dvlib-31.2.2.jar to /home/runner/.gradle/.tmp/gradle_download1581139684871040424bin
Downloading https://plugins.gradle.org/m2/org/apache/httpcomponents/httpmime/4.5.6/httpmime-4.5.6.jar to /home/runner/.gradle/.tmp/gradle_download320144612212380295bin
Downloading https://plugins.gradle.org/m2/commons-io/commons-io/2.4/commons-io-2.4.jar to /home/runner/.gradle/.tmp/gradle_download264986107190957957bin
Downloading https://plugins.gradle.org/m2/org/ow2/asm/asm-commons/9.2/asm-commons-9.2.jar to /home/runner/.gradle/.tmp/gradle_download730446964514934832bin
Downloading https://plugins.gradle.org/m2/org/ow2/asm/asm-util/9.2/asm-util-9.2.jar to /home/runner/.gradle/.tmp/gradle_download4683457487099532486bin
Downloading https://plugins.gradle.org/m2/org/ow2/asm/asm-tree/9.2/asm-tree-9.2.jar to /home/runner/.gradle/.tmp/gradle_download18255282437424661469bin
Downloading https://plugins.gradle.org/m2/org/ow2/asm/asm-analysis/9.2/asm-analysis-9.2.jar to /home/runner/.gradle/.tmp/gradle_download8812927281985509712bin
Downloading https://plugins.gradle.org/m2/org/ow2/asm/asm/9.2/asm-9.2.jar to /home/runner/.gradle/.tmp/gradle_download4818846996633525126bin
Downloading https://plugins.gradle.org/m2/org/bouncycastle/bcpkix-jdk15on/1.67/bcpkix-jdk15on-1.67.jar to /home/runner/.gradle/.tmp/gradle_download17968450251901410504bin
Downloading https://plugins.gradle.org/m2/org/glassfish/jaxb/jaxb-runtime/2.3.2/jaxb-runtime-2.3.2.jar to /home/runner/.gradle/.tmp/gradle_download14930003383669352034bin
Downloading https://dl.google.com/dl/android/maven2/com/android/tools/build/apkzlib/8.2.2/apkzlib-8.2.2.jar to /home/runner/.gradle/.tmp/gradle_download1326184750654494081bin
Downloading https://plugins.gradle.org/m2/net/sf/jopt-simple/jopt-simple/4.9/jopt-simple-4.9.jar to /home/runner/.gradle/.tmp/gradle_download12266527042323493307bin
Downloading https://plugins.gradle.org/m2/com/squareup/javapoet/1.10.0/javapoet-1.10.0.jar to /home/runner/.gradle/.tmp/gradle_download2244767554661081742bin
Downloading https://plugins.gradle.org/m2/com/google/protobuf/protobuf-java-util/3.19.3/protobuf-java-util-3.19.3.jar to /home/runner/.gradle/.tmp/gradle_download8990245106751548979bin
Downloading https://dl.google.com/dl/android/maven2/com/android/tools/common/31.2.2/common-31.2.2.jar to /home/runner/.gradle/.tmp/gradle_download967506732995937821bin
Downloading https://plugins.gradle.org/m2/io/grpc/grpc-protobuf/1.45.1/grpc-protobuf-1.45.1.jar to /home/runner/.gradle/.tmp/gradle_download4835510465201906732bin
Downloading https://plugins.gradle.org/m2/com/google/crypto/tink/tink/1.7.0/tink-1.7.0.jar to /home/runner/.gradle/.tmp/gradle_download2053640350638714334bin
Downloading https://plugins.gradle.org/m2/com/google/api/grpc/proto-google-common-protos/2.0.1/proto-google-common-protos-2.0.1.jar to /home/runner/.gradle/.tmp/gradle_download13791136252229357294bin
Downloading https://dl.google.com/dl/android/maven2/com/android/tools/build/jetifier/jetifier-processor/1.0.0-beta10/jetifier-processor-1.0.0-beta10.jar to /home/runner/.gradle/.tmp/gradle_download6022017838357717777bin
Downloading https://plugins.gradle.org/m2/com/google/protobuf/protobuf-java/3.19.3/protobuf-java-3.19.3.jar to /home/runner/.gradle/.tmp/gradle_download9699467725768114959bin
Downloading https://plugins.gradle.org/m2/io/grpc/grpc-netty/1.45.1/grpc-netty-1.45.1.jar to /home/runner/.gradle/.tmp/gradle_download4253446073875959404bin
Downloading https://plugins.gradle.org/m2/io/grpc/grpc-core/1.45.1/grpc-core-1.45.1.jar to /home/runner/.gradle/.tmp/gradle_download48458374661572918bin
Downloading https://plugins.gradle.org/m2/com/google/code/gson/gson/2.10/gson-2.10.jar to /home/runner/.gradle/.tmp/gradle_download6257207848089685042bin
Downloading https://plugins.gradle.org/m2/io/grpc/grpc-stub/1.45.1/grpc-stub-1.45.1.jar to /home/runner/.gradle/.tmp/gradle_download940670601528557861bin
Downloading https://dl.google.com/dl/android/maven2/com/android/tools/analytics-library/protos/31.2.2/protos-31.2.2.jar to /home/runner/.gradle/.tmp/gradle_download361113745189368076bin
Downloading https://plugins.gradle.org/m2/org/tensorflow/tensorflow-lite-metadata/0.1.0-rc2/tensorflow-lite-metadata-0.1.0-rc2.jar to /home/runner/.gradle/.tmp/gradle_download5296996037103146736bin
Downloading https://plugins.gradle.org/m2/com/google/flatbuffers/flatbuffers-java/1.12.0/flatbuffers-java-1.12.0.jar to /home/runner/.gradle/.tmp/gradle_download4451805587797961735bin
Downloading https://plugins.gradle.org/m2/org/jetbrains/kotlin/kotlin-gradle-plugin-idea-proto/1.9.10/kotlin-gradle-plugin-idea-proto-1.9.10.jar to /home/runner/.gradle/.tmp/gradle_download7525276399631311022bin
Downloading https://dl.google.com/dl/android/maven2/com/google/testing/platform/core-proto/0.0.8-alpha08/core-proto-0.0.8-alpha08.jar to /home/runner/.gradle/.tmp/gradle_download3999482213074053368bin
Downloading https://plugins.gradle.org/m2/org/jetbrains/kotlin/kotlin-gradle-plugin-idea/1.9.10/kotlin-gradle-plugin-idea-1.9.10.jar to /home/runner/.gradle/.tmp/gradle_download349759502979923700bin
Downloading https://plugins.gradle.org/m2/org/jetbrains/kotlin/kotlin-project-model/1.9.10/kotlin-project-model-1.9.10.jar to /home/runner/.gradle/.tmp/gradle_download12826806279896851825bin
Downloading https://plugins.gradle.org/m2/org/jetbrains/kotlin/kotlin-tooling-core/1.9.10/kotlin-tooling-core-1.9.10.jar to /home/runner/.gradle/.tmp/gradle_download6843127470124344885bin
Downloading https://plugins.gradle.org/m2/org/jetbrains/kotlin/kotlin-klib-commonizer-api/1.9.10/kotlin-klib-commonizer-api-1.9.10.jar to /home/runner/.gradle/.tmp/gradle_download673684833282970052bin
Downloading https://plugins.gradle.org/m2/org/jetbrains/kotlin/kotlin-native-utils/1.9.10/kotlin-native-utils-1.9.10.jar to /home/runner/.gradle/.tmp/gradle_download10742904740292630196bin
Downloading https://plugins.gradle.org/m2/org/jetbrains/kotlin/kotlin-build-tools-api/1.9.10/kotlin-build-tools-api-1.9.10.jar to /home/runner/.gradle/.tmp/gradle_download16747868769317004740bin
Downloading https://plugins.gradle.org/m2/org/jetbrains/kotlin/kotlin-util-klib/1.9.10/kotlin-util-klib-1.9.10.jar to /home/runner/.gradle/.tmp/gradle_download12458656655902198867bin
Downloading https://dl.google.com/dl/android/maven2/com/android/tools/build/jetifier/jetifier-core/1.0.0-beta10/jetifier-core-1.0.0-beta10.jar to /home/runner/.gradle/.tmp/gradle_download9460620082104321391bin
Downloading https://plugins.gradle.org/m2/org/jetbrains/kotlin/kotlin-android-extensions/1.9.10/kotlin-android-extensions-1.9.10.jar to /home/runner/.gradle/.tmp/gradle_download1539502551297268435bin
Downloading https://plugins.gradle.org/m2/org/jetbrains/kotlin/kotlin-compiler-runner/1.9.10/kotlin-compiler-runner-1.9.10.jar to /home/runner/.gradle/.tmp/gradle_download9483289914392008941bin
Downloading https://plugins.gradle.org/m2/org/jetbrains/kotlin/kotlin-compiler-embeddable/1.9.10/kotlin-compiler-embeddable-1.9.10.jar to /home/runner/.gradle/.tmp/gradle_download7226359169908066245bin
Downloading https://plugins.gradle.org/m2/org/jetbrains/kotlin/kotlin-scripting-compiler-impl-embeddable/1.9.10/kotlin-scripting-compiler-impl-embeddable-1.9.10.jar to /home/runner/.gradle/.tmp/gradle_download17704203883100349056bin
Downloading https://plugins.gradle.org/m2/org/jetbrains/kotlin/kotlin-scripting-compiler-embeddable/1.9.10/kotlin-scripting-compiler-embeddable-1.9.10.jar to /home/runner/.gradle/.tmp/gradle_download5889693354701527141bin
Downloading https://plugins.gradle.org/m2/com/google/jimfs/jimfs/1.1/jimfs-1.1.jar to /home/runner/.gradle/.tmp/gradle_download17834266107721252896bin
Downloading https://plugins.gradle.org/m2/io/grpc/grpc-protobuf-lite/1.45.1/grpc-protobuf-lite-1.45.1.jar to /home/runner/.gradle/.tmp/gradle_download16666218131805571061bin
Downloading https://plugins.gradle.org/m2/io/grpc/grpc-api/1.45.1/grpc-api-1.45.1.jar to /home/runner/.gradle/.tmp/gradle_download610329751342923386bin
Downloading https://plugins.gradle.org/m2/com/google/guava/guava/31.1-jre/guava-31.1-jre.jar to /home/runner/.gradle/.tmp/gradle_download1657057543610065425bin
Downloading https://plugins.gradle.org/m2/com/google/dagger/dagger/2.28.3/dagger-2.28.3.jar to /home/runner/.gradle/.tmp/gradle_download7817372663923229921bin
Downloading https://plugins.gradle.org/m2/net/sf/kxml/kxml2/2.3.0/kxml2-2.3.0.jar to /home/runner/.gradle/.tmp/gradle_download5912424565091876735bin
Downloading https://plugins.gradle.org/m2/javax/inject/javax.inject/1/javax.inject-1.jar to /home/runner/.gradle/.tmp/gradle_download2567261382605517277bin
Downloading https://plugins.gradle.org/m2/org/bouncycastle/bcprov-jdk15on/1.67/bcprov-jdk15on-1.67.jar to /home/runner/.gradle/.tmp/gradle_download14608329585460316879bin
Downloading https://plugins.gradle.org/m2/org/jetbrains/intellij/deps/trove4j/1.0.20200330/trove4j-1.0.20200330.jar to /home/runner/.gradle/.tmp/gradle_download14447856235266448721bin
Downloading https://plugins.gradle.org/m2/org/jetbrains/kotlin/kotlin-reflect/1.9.0/kotlin-reflect-1.9.0.jar to /home/runner/.gradle/.tmp/gradle_download8662524792311749472bin
Downloading https://plugins.gradle.org/m2/xerces/xercesImpl/2.12.0/xercesImpl-2.12.0.jar to /home/runner/.gradle/.tmp/gradle_download4869435975881378974bin
Downloading https://plugins.gradle.org/m2/org/apache/httpcomponents/httpclient/4.5.14/httpclient-4.5.14.jar to /home/runner/.gradle/.tmp/gradle_download6538878505027544126bin
Downloading https://plugins.gradle.org/m2/org/apache/commons/commons-compress/1.21/commons-compress-1.21.jar to /home/runner/.gradle/.tmp/gradle_download18430817215342142390bin
Downloading https://plugins.gradle.org/m2/org/apache/httpcomponents/httpcore/4.4.16/httpcore-4.4.16.jar to /home/runner/.gradle/.tmp/gradle_download11532514825832536589bin
Downloading https://plugins.gradle.org/m2/com/sun/activation/javax.activation/1.2.0/javax.activation-1.2.0.jar to /home/runner/.gradle/.tmp/gradle_download3196659766391905196bin
Downloading https://plugins.gradle.org/m2/org/jetbrains/kotlin/kotlin-stdlib/1.9.0/kotlin-stdlib-1.9.0.jar to /home/runner/.gradle/.tmp/gradle_download11647227174018386934bin
Downloading https://plugins.gradle.org/m2/org/jetbrains/kotlin/kotlin-stdlib-jdk7/1.9.0/kotlin-stdlib-jdk7-1.9.0.jar to /home/runner/.gradle/.tmp/gradle_download9042406707004395379bin
Downloading https://plugins.gradle.org/m2/org/jetbrains/annotations/13.0/annotations-13.0.jar to /home/runner/.gradle/.tmp/gradle_download4149747064765352595bin
Downloading https://plugins.gradle.org/m2/net/java/dev/jna/jna-platform/5.6.0/jna-platform-5.6.0.jar to /home/runner/.gradle/.tmp/gradle_download4370627741889438641bin
Downloading https://plugins.gradle.org/m2/com/googlecode/juniversalchardet/juniversalchardet/1.0.3/juniversalchardet-1.0.3.jar to /home/runner/.gradle/.tmp/gradle_download8616849641274107567bin
Downloading https://dl.google.com/dl/android/maven2/com/android/tools/annotations/31.2.2/annotations-31.2.2.jar to /home/runner/.gradle/.tmp/gradle_download15803066686735898339bin
Downloading https://dl.google.com/dl/android/maven2/com/android/zipflinger/8.2.2/zipflinger-8.2.2.jar to /home/runner/.gradle/.tmp/gradle_download10628359998419802227bin
Downloading https://plugins.gradle.org/m2/javax/annotation/javax.annotation-api/1.3.2/javax.annotation-api-1.3.2.jar to /home/runner/.gradle/.tmp/gradle_download10783430667091922510bin
Downloading https://plugins.gradle.org/m2/org/jvnet/staxex/stax-ex/1.8.1/stax-ex-1.8.1.jar to /home/runner/.gradle/.tmp/gradle_download5370442092114578548bin
Downloading https://plugins.gradle.org/m2/jakarta/xml/bind/jakarta.xml.bind-api/2.3.2/jakarta.xml.bind-api-2.3.2.jar to /home/runner/.gradle/.tmp/gradle_download5476383817085417024bin
Downloading https://dl.google.com/dl/android/maven2/com/android/signflinger/8.2.2/signflinger-8.2.2.jar to /home/runner/.gradle/.tmp/gradle_download5457317148281274366bin
Downloading https://plugins.gradle.org/m2/org/glassfish/jaxb/txw2/2.3.2/txw2-2.3.2.jar to /home/runner/.gradle/.tmp/gradle_download8557819501545245066bin
Downloading https://plugins.gradle.org/m2/com/sun/istack/istack-commons-runtime/3.0.8/istack-commons-runtime-3.0.8.jar to /home/runner/.gradle/.tmp/gradle_download13935043316803151006bin
Downloading https://plugins.gradle.org/m2/com/sun/xml/fastinfoset/FastInfoset/1.2.16/FastInfoset-1.2.16.jar to /home/runner/.gradle/.tmp/gradle_download3049399570810580240bin
Downloading https://plugins.gradle.org/m2/jakarta/activation/jakarta.activation-api/1.2.1/jakarta.activation-api-1.2.1.jar to /home/runner/.gradle/.tmp/gradle_download7760904426364508224bin
Downloading https://plugins.gradle.org/m2/com/google/auto/value/auto-value-annotations/1.6.2/auto-value-annotations-1.6.2.jar to /home/runner/.gradle/.tmp/gradle_download18148228009665187045bin
Downloading https://plugins.gradle.org/m2/com/google/errorprone/error_prone_annotations/2.11.0/error_prone_annotations-2.11.0.jar to /home/runner/.gradle/.tmp/gradle_download17611211768269778581bin
Downloading https://plugins.gradle.org/m2/org/bitbucket/b_c/jose4j/0.7.0/jose4j-0.7.0.jar to /home/runner/.gradle/.tmp/gradle_download13492469084755631231bin
Downloading https://plugins.gradle.org/m2/org/slf4j/slf4j-api/1.7.30/slf4j-api-1.7.30.jar to /home/runner/.gradle/.tmp/gradle_download4642650257748099290bin
Downloading https://plugins.gradle.org/m2/org/jdom/jdom2/2.0.6/jdom2-2.0.6.jar to /home/runner/.gradle/.tmp/gradle_download7814671501201219034bin
Downloading https://plugins.gradle.org/m2/com/google/j2objc/j2objc-annotations/1.3/j2objc-annotations-1.3.jar to /home/runner/.gradle/.tmp/gradle_download16332823053556142245bin
Downloading https://plugins.gradle.org/m2/com/google/code/findbugs/jsr305/3.0.2/jsr305-3.0.2.jar to /home/runner/.gradle/.tmp/gradle_download4646921769664574180bin
Downloading https://plugins.gradle.org/m2/com/google/android/annotations/4.1.1.4/annotations-4.1.1.4.jar to /home/runner/.gradle/.tmp/gradle_download1943379134278348043bin
Downloading https://plugins.gradle.org/m2/org/codehaus/mojo/animal-sniffer-annotations/1.19/animal-sniffer-annotations-1.19.jar to /home/runner/.gradle/.tmp/gradle_download13710284249043964176bin
Downloading https://plugins.gradle.org/m2/io/perfmark/perfmark-api/0.23.0/perfmark-api-0.23.0.jar to /home/runner/.gradle/.tmp/gradle_download1928791771465824680bin
Downloading https://plugins.gradle.org/m2/io/netty/netty-codec-http2/4.1.72.Final/netty-codec-http2-4.1.72.Final.jar to /home/runner/.gradle/.tmp/gradle_download10005879927113924771bin
Downloading https://plugins.gradle.org/m2/io/netty/netty-handler-proxy/4.1.72.Final/netty-handler-proxy-4.1.72.Final.jar to /home/runner/.gradle/.tmp/gradle_download2209855149267945095bin
Downloading https://plugins.gradle.org/m2/org/checkerframework/checker-qual/3.12.0/checker-qual-3.12.0.jar to /home/runner/.gradle/.tmp/gradle_download5608241720788866467bin
Downloading https://plugins.gradle.org/m2/commons-codec/commons-codec/1.11/commons-codec-1.11.jar to /home/runner/.gradle/.tmp/gradle_download16446914351144881422bin
Downloading https://plugins.gradle.org/m2/com/squareup/javawriter/2.5.0/javawriter-2.5.0.jar to /home/runner/.gradle/.tmp/gradle_download3511491083129329365bin
Downloading https://plugins.gradle.org/m2/org/jetbrains/kotlin/kotlin-gradle-plugin-annotations/1.9.10/kotlin-gradle-plugin-annotations-1.9.10.jar to /home/runner/.gradle/.tmp/gradle_download11309275729574232948bin
Downloading https://plugins.gradle.org/m2/org/jetbrains/kotlin/kotlin-util-io/1.9.10/kotlin-util-io-1.9.10.jar to /home/runner/.gradle/.tmp/gradle_download13916305180933534827bin
Downloading https://plugins.gradle.org/m2/org/jetbrains/kotlin/kotlin-daemon-client/1.9.10/kotlin-daemon-client-1.9.10.jar to /home/runner/.gradle/.tmp/gradle_download16631914690031888103bin
Downloading https://plugins.gradle.org/m2/org/jetbrains/kotlin/kotlin-daemon-embeddable/1.9.10/kotlin-daemon-embeddable-1.9.10.jar to /home/runner/.gradle/.tmp/gradle_download7658459336915381525bin
Downloading https://plugins.gradle.org/m2/org/jetbrains/kotlinx/kotlinx-coroutines-core-jvm/1.5.0/kotlinx-coroutines-core-jvm-1.5.0.jar to /home/runner/.gradle/.tmp/gradle_download11322276774400330113bin
Downloading https://plugins.gradle.org/m2/org/jetbrains/kotlin/kotlin-scripting-jvm/1.9.10/kotlin-scripting-jvm-1.9.10.jar to /home/runner/.gradle/.tmp/gradle_download4186640420598185085bin
Downloading https://plugins.gradle.org/m2/org/jetbrains/kotlin/kotlin-scripting-common/1.9.10/kotlin-scripting-common-1.9.10.jar to /home/runner/.gradle/.tmp/gradle_download8906696972966330916bin
Downloading https://plugins.gradle.org/m2/com/google/guava/failureaccess/1.0.1/failureaccess-1.0.1.jar to /home/runner/.gradle/.tmp/gradle_download3435048692830601943bin
Downloading https://plugins.gradle.org/m2/xml-apis/xml-apis/1.4.01/xml-apis-1.4.01.jar to /home/runner/.gradle/.tmp/gradle_download13655665203905236176bin
Downloading https://plugins.gradle.org/m2/com/google/guava/listenablefuture/9999.0-empty-to-avoid-conflict-with-guava/listenablefuture-9999.0-empty-to-avoid-conflict-with-guava.jar to /home/runner/.gradle/.tmp/gradle_download21817813180341412bin
Downloading https://plugins.gradle.org/m2/commons-logging/commons-logging/1.2/commons-logging-1.2.jar to /home/runner/.gradle/.tmp/gradle_download1946200913345110322bin
Downloading https://plugins.gradle.org/m2/net/java/dev/jna/jna/5.6.0/jna-5.6.0.jar to /home/runner/.gradle/.tmp/gradle_download11189775217847446378bin
Downloading https://plugins.gradle.org/m2/org/jetbrains/kotlin/kotlin-stdlib-common/1.9.0/kotlin-stdlib-common-1.9.0.jar to /home/runner/.gradle/.tmp/gradle_download14183685517605407544bin
Downloading https://plugins.gradle.org/m2/io/grpc/grpc-context/1.45.1/grpc-context-1.45.1.jar to /home/runner/.gradle/.tmp/gradle_download10327022182058214707bin
Downloading https://plugins.gradle.org/m2/io/netty/netty-codec-http/4.1.72.Final/netty-codec-http-4.1.72.Final.jar to /home/runner/.gradle/.tmp/gradle_download9531923608005840456bin
Downloading https://plugins.gradle.org/m2/io/netty/netty-handler/4.1.72.Final/netty-handler-4.1.72.Final.jar to /home/runner/.gradle/.tmp/gradle_download12288639682309525976bin
Downloading https://plugins.gradle.org/m2/io/netty/netty-codec-socks/4.1.72.Final/netty-codec-socks-4.1.72.Final.jar to /home/runner/.gradle/.tmp/gradle_download8362495990936585535bin
Downloading https://plugins.gradle.org/m2/io/netty/netty-codec/4.1.72.Final/netty-codec-4.1.72.Final.jar to /home/runner/.gradle/.tmp/gradle_download3393455580101356981bin
Downloading https://plugins.gradle.org/m2/io/netty/netty-transport/4.1.72.Final/netty-transport-4.1.72.Final.jar to /home/runner/.gradle/.tmp/gradle_download13327515212725388608bin
Downloading https://plugins.gradle.org/m2/io/netty/netty-buffer/4.1.72.Final/netty-buffer-4.1.72.Final.jar to /home/runner/.gradle/.tmp/gradle_download6833538732956937151bin
Downloading https://plugins.gradle.org/m2/io/netty/netty-resolver/4.1.72.Final/netty-resolver-4.1.72.Final.jar to /home/runner/.gradle/.tmp/gradle_download13668569785997553071bin
Downloading https://plugins.gradle.org/m2/io/netty/netty-common/4.1.72.Final/netty-common-4.1.72.Final.jar to /home/runner/.gradle/.tmp/gradle_download12161318047602437499bin
Downloading https://plugins.gradle.org/m2/io/netty/netty-tcnative-classes/2.0.46.Final/netty-tcnative-classes-2.0.46.Final.jar to /home/runner/.gradle/.tmp/gradle_download18032102276518122622bin
Downloading https://dl.google.com/dl/android/maven2/com/android/tools/build/apksig/8.2.2/apksig-8.2.2.jar to /home/runner/.gradle/.tmp/gradle_download4969907372464630097bin
Compiling build file '/home/runner/work/Packaging-warehouse/Packaging-warehouse/build.gradle' using BuildScriptTransformer.

> Configure project :app
Evaluating project ':app' using build file '/home/runner/work/Packaging-warehouse/Packaging-warehouse/app/build.gradle'.
Compiling build file '/home/runner/work/Packaging-warehouse/Packaging-warehouse/app/build.gradle' using SubsetScriptTransformer.
Using default execution profile
Using Kotlin Gradle Plugin gradle81 variant
Compiling build file '/home/runner/work/Packaging-warehouse/Packaging-warehouse/app/build.gradle' using BuildScriptTransformer.
